======================================================================
SENSITIVITY EXPERIMENT: FLAN-T5-LARGE on COLA
Config: model=flan-t5-large  dataset=cola  samples=500  perturbations=20  method=paraphrase  seed=86379  styles=control,metacognition,structure,politeness
======================================================================

Device: cuda
Perturbation method: paraphrase
Available seeds for multi-run: (105, 2266, 86379)
Loading paraphrase model (flan-t5-small)...
Paraphraser ready.
Loading Flan-T5-Large...
Model loaded successfully
Loading CoLA dataset...
Loaded 1043 items

======================================================================
STEP 1: OUT-OF-THE-BOX (OOTB) ACCURACY CHECK
======================================================================

Verifying model accuracy using Control prompt...
Random baseline: 50.0%
Valid signal threshold: 60.0%

==================================================
OOTB ACCURACY RESULT: 64.0% (64/100)
==================================================
Time: 2.0s

PASS: Accuracy exceeds threshold. Proceeding with experiments.

======================================================================
STEP 2: SENSITIVITY EXPERIMENTS
======================================================================

[CONTROL] Running experiment...
  Completed in 3151.3s
  Average Variation Ratio: 0.3205
  Accuracy: 65.8% (329/500)

[METACOGNITION] Running experiment...
  Completed in 3140.5s
  Average Variation Ratio: 0.3160
  Accuracy: 69.4% (347/500)

[STRUCTURE] Running experiment...
  Completed in 3179.7s
  Average Variation Ratio: 0.1902
  Accuracy: 72.6% (363/500)

[POLITENESS] Running experiment...
  Completed in 3108.7s
  Average Variation Ratio: 0.3096
  Accuracy: 73.2% (366/500)

======================================================================
RESULTS SUMMARY
======================================================================

OOTB Accuracy (Control prompt, N=100): 64.0%

Prompt Style    | VR       | Accuracy     | Interpretation
----------------------------------------------------------------------
control         | 0.3205   |  65.8%       | Moderate
metacognition   | 0.3160   |  69.4%       | Moderate
structure       | 0.1902   |  72.6%       | Stable
politeness      | 0.3096   |  73.2%       | Moderate

----------------------------------------------------------------------
Most Stable (lowest VR): structure (VR=0.1902)
Least Stable (highest VR): control (VR=0.3205)
Highest Accuracy: politeness (73.2%)
Lowest Accuracy: control (65.8%)

Results saved to ./outputs/results/flan-t5-large/cola/paraphrase/n20_s86379.json

======================================================================
EXPERIMENT COMPLETE
======================================================================
