======================================================================
SENSITIVITY EXPERIMENT: FLAN-T5-LARGE on COLA
Config: model=flan-t5-large  dataset=cola  samples=500  perturbations=20  method=synonym  seed=105  styles=control,metacognition,structure,politeness
======================================================================

Device: cuda
Perturbation method: synonym
Available seeds for multi-run: (105, 2266, 86379)
Loading Flan-T5-Large...
Model loaded successfully
Loading CoLA dataset...
Loaded 1043 items

======================================================================
STEP 1: OUT-OF-THE-BOX (OOTB) ACCURACY CHECK
======================================================================

Verifying model accuracy using Control prompt...
Random baseline: 50.0%
Valid signal threshold: 60.0%

==================================================
OOTB ACCURACY RESULT: 62.0% (62/100)
==================================================
Time: 1.7s

PASS: Accuracy exceeds threshold. Proceeding with experiments.

======================================================================
STEP 2: SENSITIVITY EXPERIMENTS
======================================================================

[CONTROL] Running experiment...
  Completed in 56.6s
  Average Variation Ratio: 0.1192
  Accuracy: 63.4% (317/500)

[METACOGNITION] Running experiment...
  Completed in 66.2s
  Average Variation Ratio: 0.1312
  Accuracy: 67.2% (336/500)

[STRUCTURE] Running experiment...
  Completed in 84.5s
  Average Variation Ratio: 0.1134
  Accuracy: 68.2% (341/500)

[POLITENESS] Running experiment...
  Completed in 67.0s
  Average Variation Ratio: 0.1471
  Accuracy: 68.4% (342/500)

======================================================================
RESULTS SUMMARY
======================================================================

OOTB Accuracy (Control prompt, N=100): 62.0%

Prompt Style    | VR       | Accuracy     | Interpretation
----------------------------------------------------------------------
control         | 0.1192   |  63.4%       | Stable
metacognition   | 0.1312   |  67.2%       | Stable
structure       | 0.1134   |  68.2%       | Stable
politeness      | 0.1471   |  68.4%       | Stable

----------------------------------------------------------------------
Most Stable (lowest VR): structure (VR=0.1134)
Least Stable (highest VR): politeness (VR=0.1471)
Highest Accuracy: politeness (68.4%)
Lowest Accuracy: control (63.4%)

Results saved to ./outputs/results/flan-t5-large/cola/synonym/w1_n20_s105.json

======================================================================
EXPERIMENT COMPLETE
======================================================================
