======================================================================
SENSITIVITY EXPERIMENT: PYTHIA-410M on COLA
Config: model=pythia-410m  dataset=cola  samples=500  perturbations=20  method=synonym  seed=105  styles=control,metacognition,structure,politeness
======================================================================

Device: cuda
Perturbation method: synonym
Loading Pythia-410M...
Model loaded successfully
Loading CoLA dataset...
Loaded 1043 items

======================================================================
STEP 1: OUT-OF-THE-BOX (OOTB) ACCURACY CHECK
======================================================================

Verifying model accuracy using Control prompt...
Random baseline: 50.0%
Valid signal threshold: 60.0%

==================================================
OOTB ACCURACY RESULT: 73.0% (65/89)
==================================================
Time: 6.2s

PASS: Accuracy exceeds threshold. Proceeding with experiments.

======================================================================
STEP 2: SENSITIVITY EXPERIMENTS
======================================================================

[CONTROL] Running experiment...
  Completed in 157.0s
  Average Variation Ratio: 0.0177
  Accuracy: 58.8% (294/500)

[METACOGNITION] Running experiment...
  Completed in 155.8s
  Average Variation Ratio: 0.0266
  Accuracy: 6.6% (33/500)

[STRUCTURE] Running experiment...
  Completed in 764.7s
  Average Variation Ratio: 0.0000
  Accuracy: 60.2% (301/500)

[POLITENESS] Running experiment...
  Completed in 157.3s
  Average Variation Ratio: 0.0102
  Accuracy: 57.2% (286/500)

======================================================================
RESULTS SUMMARY
======================================================================

OOTB Accuracy (Control prompt, N=89): 73.0%

Prompt Style    | VR       | Accuracy     | Interpretation
----------------------------------------------------------------------
control         | 0.0177   |  58.8%       | Stable
metacognition   | 0.0266   |   6.6%       | Stable
structure       | 0.0000   |  60.2%       | Stable
politeness      | 0.0102   |  57.2%       | Stable

----------------------------------------------------------------------
Most Stable (lowest VR): structure (VR=0.0000)
Least Stable (highest VR): metacognition (VR=0.0266)
Highest Accuracy: structure (60.2%)
Lowest Accuracy: metacognition (6.6%)

Results saved to ./outputs/results/pythia-410m/cola/synonym/w3_n20_s105.json

======================================================================
EXPERIMENT COMPLETE
======================================================================
