======================================================================
SENSITIVITY EXPERIMENT: PYTHIA-410M on COLA
Config: model=pythia-410m  dataset=cola  samples=500  perturbations=20  method=synonym  seed=2266  styles=control,metacognition,structure,politeness
======================================================================

Device: cuda
Perturbation method: synonym
Loading Pythia-410M...
Model loaded successfully
Loading CoLA dataset...
Loaded 1043 items

======================================================================
STEP 1: OUT-OF-THE-BOX (OOTB) ACCURACY CHECK
======================================================================

Verifying model accuracy using Control prompt...
Random baseline: 50.0%
Valid signal threshold: 60.0%

==================================================
OOTB ACCURACY RESULT: 68.1% (64/94)
==================================================
Time: 3.6s

PASS: Accuracy exceeds threshold. Proceeding with experiments.

======================================================================
STEP 2: SENSITIVITY EXPERIMENTS
======================================================================

[CONTROL] Running experiment...
  Completed in 165.4s
  Average Variation Ratio: 0.0146
  Accuracy: 61.2% (306/500)

[METACOGNITION] Running experiment...
  Completed in 217.5s
  Average Variation Ratio: 0.0289
  Accuracy: 9.2% (46/500)

[STRUCTURE] Running experiment...
  Completed in 1354.6s
  Average Variation Ratio: 0.0000
  Accuracy: 61.8% (309/500)

[POLITENESS] Running experiment...
  Completed in 228.4s
  Average Variation Ratio: 0.0123
  Accuracy: 57.4% (287/500)

======================================================================
RESULTS SUMMARY
======================================================================

OOTB Accuracy (Control prompt, N=94): 68.1%

Prompt Style    | VR       | Accuracy     | Interpretation
----------------------------------------------------------------------
control         | 0.0146   |  61.2%       | Stable
metacognition   | 0.0289   |   9.2%       | Stable
structure       | 0.0000   |  61.8%       | Stable
politeness      | 0.0123   |  57.4%       | Stable

----------------------------------------------------------------------
Most Stable (lowest VR): structure (VR=0.0000)
Least Stable (highest VR): metacognition (VR=0.0289)
Highest Accuracy: structure (61.8%)
Lowest Accuracy: metacognition (9.2%)

Results saved to ./outputs/results/pythia-410m/cola/synonym/w1_n20_s2266.json

======================================================================
EXPERIMENT COMPLETE
======================================================================
