======================================================================
SENSITIVITY EXPERIMENT: PYTHIA-410M on QASC
Config: model=pythia-410m  dataset=qasc  samples=500  perturbations=20  method=synonym  seed=2266  styles=control,metacognition,structure,politeness
======================================================================

Device: cuda
Perturbation method: synonym
Loading Pythia-410M...
Model loaded successfully
Loading QASC dataset...
Loaded 926 items

======================================================================
STEP 1: OUT-OF-THE-BOX (OOTB) ACCURACY CHECK
======================================================================

Verifying model accuracy using Control prompt...
Random baseline: 12.5%
Valid signal threshold: 40.0%

==================================================
OOTB ACCURACY RESULT: 11.0% (11/100)
==================================================
Time: 4.5s

WARNING: Accuracy (11.0%) is BELOW random baseline!
   Results may not be meaningful, but proceeding anyway...

======================================================================
STEP 2: SENSITIVITY EXPERIMENTS
======================================================================

[CONTROL] Running experiment...
  Completed in 318.9s
  Average Variation Ratio: 0.0184
  Accuracy: 12.8% (64/500)

[METACOGNITION] Running experiment...
  Completed in 321.1s
  Average Variation Ratio: 0.0001
  Accuracy: 13.4% (67/500)

[STRUCTURE] Running experiment...
  Completed in 1532.7s
  Average Variation Ratio: 0.0010
  Accuracy: 13.4% (67/500)

[POLITENESS] Running experiment...
  Completed in 317.0s
  Average Variation Ratio: 0.0003
  Accuracy: 13.4% (67/500)

======================================================================
RESULTS SUMMARY
======================================================================

OOTB Accuracy (Control prompt, N=100): 11.0%

Prompt Style    | VR       | Accuracy     | Interpretation
----------------------------------------------------------------------
control         | 0.0184   |  12.8%       | Stable
metacognition   | 0.0001   |  13.4%       | Stable
structure       | 0.0010   |  13.4%       | Stable
politeness      | 0.0003   |  13.4%       | Stable

----------------------------------------------------------------------
Most Stable (lowest VR): metacognition (VR=0.0001)
Least Stable (highest VR): control (VR=0.0184)
Highest Accuracy: metacognition (13.4%)
Lowest Accuracy: control (12.8%)

Results saved to ./outputs/results/pythia-410m/qasc/synonym/w3_n20_s2266.json

======================================================================
EXPERIMENT COMPLETE
======================================================================
