======================================================================
SENSITIVITY EXPERIMENT: FLAN-T5-BASE on CSQA
Config: phase=phase_5  model=flan-t5-base  dataset=csqa  samples=500  perturbations=20  method=synonym  sensitivity_on_raw=True  seed=2266  styles=control,metacognition,structure,politeness
======================================================================

Device: cuda
Perturbation method: synonym
Available seeds for multi-run: (105, 2266, 86379)
Loading Flan-T5-Base...
Model loaded successfully
Loading CommonsenseQA dataset...
Loaded 1221 items

======================================================================
STEP 1: OUT-OF-THE-BOX (OOTB) ACCURACY CHECK
======================================================================

Verifying model accuracy using Control prompt...
Random baseline: 20.0%
Valid signal threshold: 40.0%

==================================================
OOTB ACCURACY RESULT: 69.0% (69/100)
==================================================
Time: 1.8s

PASS: Accuracy exceeds threshold. Proceeding with experiments.

======================================================================
STEP 2: SENSITIVITY EXPERIMENTS
======================================================================

[CONTROL] Running experiment...
  Completed in 55.7s
  Average Variation Ratio: 0.1307
  Accuracy: 71.0% (355/500)

[METACOGNITION] Running experiment...
  Completed in 248.8s
  Average Variation Ratio: 0.4595
  Accuracy: 68.2% (341/500)

[STRUCTURE] Running experiment...
  Completed in 68.8s
  Average Variation Ratio: 0.1378
  Accuracy: 65.0% (325/500)

[POLITENESS] Running experiment...
  Completed in 59.7s
  Average Variation Ratio: 0.1386
  Accuracy: 69.8% (349/500)

======================================================================
RESULTS SUMMARY
======================================================================

OOTB Accuracy (Control prompt, N=100): 69.0%

Prompt Style    | VR       | Accuracy     | Interpretation
----------------------------------------------------------------------
control         | 0.1307   |  71.0%       | Stable
metacognition   | 0.4595   |  68.2%       | Unstable
structure       | 0.1378   |  65.0%       | Stable
politeness      | 0.1386   |  69.8%       | Stable

----------------------------------------------------------------------
Most Stable (lowest VR): control (VR=0.1307)
Least Stable (highest VR): metacognition (VR=0.4595)
Highest Accuracy: control (71.0%)
Lowest Accuracy: structure (65.0%)

Results saved to ./outputs/results/phase_5/flan-t5-base/csqa/synonym/w1_n20_s2266_112540.json
Detailed responses saved to ./outputs/results/phase_5/flan-t5-base/csqa/synonym/w1_n20_s2266_detail.csv

======================================================================
EXPERIMENT COMPLETE
======================================================================
