======================================================================
SENSITIVITY EXPERIMENT: FLAN-T5-BASE on CSQA
Config: phase=phase_5  model=flan-t5-base  dataset=csqa  samples=500  perturbations=20  method=synonym  sensitivity_on_raw=True  seed=86379  styles=control,metacognition,structure,politeness
======================================================================

Device: cuda
Perturbation method: synonym
Available seeds for multi-run: (105, 2266, 86379)
Loading Flan-T5-Base...
Model loaded successfully
Loading CommonsenseQA dataset...
Loaded 1221 items

======================================================================
STEP 1: OUT-OF-THE-BOX (OOTB) ACCURACY CHECK
======================================================================

Verifying model accuracy using Control prompt...
Random baseline: 20.0%
Valid signal threshold: 40.0%

==================================================
OOTB ACCURACY RESULT: 76.0% (76/100)
==================================================
Time: 1.5s

PASS: Accuracy exceeds threshold. Proceeding with experiments.

======================================================================
STEP 2: SENSITIVITY EXPERIMENTS
======================================================================

[CONTROL] Running experiment...
  Completed in 55.1s
  Average Variation Ratio: 0.1340
  Accuracy: 74.0% (370/500)

[METACOGNITION] Running experiment...
  Completed in 246.4s
  Average Variation Ratio: 0.4596
  Accuracy: 70.6% (353/500)

[STRUCTURE] Running experiment...
  Completed in 68.2s
  Average Variation Ratio: 0.1368
  Accuracy: 65.8% (329/500)

[POLITENESS] Running experiment...
  Completed in 59.0s
  Average Variation Ratio: 0.1305
  Accuracy: 71.6% (358/500)

======================================================================
RESULTS SUMMARY
======================================================================

OOTB Accuracy (Control prompt, N=100): 76.0%

Prompt Style    | VR       | Accuracy     | Interpretation
----------------------------------------------------------------------
control         | 0.1340   |  74.0%       | Stable
metacognition   | 0.4596   |  70.6%       | Unstable
structure       | 0.1368   |  65.8%       | Stable
politeness      | 0.1305   |  71.6%       | Stable

----------------------------------------------------------------------
Most Stable (lowest VR): politeness (VR=0.1305)
Least Stable (highest VR): metacognition (VR=0.4596)
Highest Accuracy: control (74.0%)
Lowest Accuracy: structure (65.8%)

Results saved to ./outputs/results/phase_5/flan-t5-base/csqa/synonym/w1_n20_s86379_120054.json
Detailed responses saved to ./outputs/results/phase_5/flan-t5-base/csqa/synonym/w1_n20_s86379_detail.csv

======================================================================
EXPERIMENT COMPLETE
======================================================================
