======================================================================
SENSITIVITY EXPERIMENT: FLAN-T5-BASE on QASC
Config: phase=phase_5  model=flan-t5-base  dataset=qasc  samples=500  perturbations=20  method=synonym  sensitivity_on_raw=True  seed=2266  styles=control,metacognition,structure,politeness
======================================================================

Device: cuda
Perturbation method: synonym
Available seeds for multi-run: (105, 2266, 86379)
Loading Flan-T5-Base...
Model loaded successfully
Loading QASC dataset...
Loaded 926 items

======================================================================
STEP 1: OUT-OF-THE-BOX (OOTB) ACCURACY CHECK
======================================================================

Verifying model accuracy using Control prompt...
Random baseline: 12.5%
Valid signal threshold: 40.0%

==================================================
OOTB ACCURACY RESULT: 43.0% (43/100)
==================================================
Time: 1.5s

PASS: Accuracy exceeds threshold. Proceeding with experiments.

======================================================================
STEP 2: SENSITIVITY EXPERIMENTS
======================================================================

[CONTROL] Running experiment...
  Completed in 57.5s
  Average Variation Ratio: 0.2818
  Accuracy: 44.0% (220/500)

[METACOGNITION] Running experiment...
  Completed in 273.3s
  Average Variation Ratio: 0.6280
  Accuracy: 41.6% (208/500)

[STRUCTURE] Running experiment...
  Completed in 92.0s
  Average Variation Ratio: 0.2777
  Accuracy: 39.0% (195/500)

[POLITENESS] Running experiment...
  Completed in 61.2s
  Average Variation Ratio: 0.2906
  Accuracy: 44.2% (221/500)

======================================================================
RESULTS SUMMARY
======================================================================

OOTB Accuracy (Control prompt, N=100): 43.0%

Prompt Style    | VR       | Accuracy     | Interpretation
----------------------------------------------------------------------
control         | 0.2818   |  44.0%       | Moderate
metacognition   | 0.6280   |  41.6%       | Unstable
structure       | 0.2777   |  39.0%       | Moderate
politeness      | 0.2906   |  44.2%       | Moderate

----------------------------------------------------------------------
Most Stable (lowest VR): structure (VR=0.2777)
Least Stable (highest VR): metacognition (VR=0.6280)
Highest Accuracy: politeness (44.2%)
Lowest Accuracy: structure (39.0%)

Results saved to ./outputs/results/phase_5/flan-t5-base/qasc/synonym/w5_n20_s2266_115543.json
Detailed responses saved to ./outputs/results/phase_5/flan-t5-base/qasc/synonym/w5_n20_s2266_detail.csv

======================================================================
EXPERIMENT COMPLETE
======================================================================
