======================================================================
SENSITIVITY EXPERIMENT: FLAN-T5-BASE on COLA
Config: phase=phase_5  model=flan-t5-base  dataset=cola  samples=500  perturbations=20  method=synonym  sensitivity_on_raw=True  seed=86379  styles=control,metacognition,structure,politeness
======================================================================

Device: cuda
Perturbation method: synonym
Available seeds for multi-run: (105, 2266, 86379)
Loading Flan-T5-Base...
Model loaded successfully
Loading CoLA dataset...
Loaded 1043 items

======================================================================
STEP 1: OUT-OF-THE-BOX (OOTB) ACCURACY CHECK
======================================================================

Verifying model accuracy using Control prompt...
Random baseline: 50.0%
Valid signal threshold: 60.0%

==================================================
OOTB ACCURACY RESULT: 33.0% (33/100)
==================================================
Time: 1.6s

FAIL: Accuracy (33.0%) is BELOW random baseline (50.0%)!
   Model cannot perform this task. Skipping sensitivity experiments.
   (Saves significant Slurm compute time.)
