======================================================================
SENSITIVITY EXPERIMENT: FLAN-T5-BASE on COLA
Config: phase=phase_5  model=flan-t5-base  dataset=cola  samples=500  perturbations=20  method=paraphrase  sensitivity_on_raw=True  seed=2266  styles=control,metacognition,structure,politeness
======================================================================

Device: cuda
Perturbation method: paraphrase
Available seeds for multi-run: (105, 2266, 86379)
Loading paraphrase model (flan-t5-small)...
Paraphraser ready.
Loading Flan-T5-Base...
Model loaded successfully
Loading CoLA dataset...
Loaded 1043 items

======================================================================
STEP 1: OUT-OF-THE-BOX (OOTB) ACCURACY CHECK
======================================================================

Verifying model accuracy using Control prompt...
Random baseline: 50.0%
Valid signal threshold: 60.0%

==================================================
OOTB ACCURACY RESULT: 29.0% (29/100)
==================================================
Time: 2.2s

FAIL: Accuracy (29.0%) is BELOW random baseline (50.0%)!
   Model cannot perform this task. Skipping sensitivity experiments.
   (Saves significant Slurm compute time.)
