======================================================================
SENSITIVITY EXPERIMENT: FLAN-T5-BASE on CSQA
Config: phase=phase_5  model=flan-t5-base  dataset=csqa  samples=500  perturbations=20  method=paraphrase  sensitivity_on_raw=True  seed=86379  styles=control,metacognition,structure,politeness
======================================================================

Device: cuda
Perturbation method: paraphrase
Available seeds for multi-run: (105, 2266, 86379)
Loading paraphrase model (flan-t5-small)...
Paraphraser ready.
Loading Flan-T5-Base...
Model loaded successfully
Loading CommonsenseQA dataset...
Loaded 1221 items

======================================================================
STEP 1: OUT-OF-THE-BOX (OOTB) ACCURACY CHECK
======================================================================

Verifying model accuracy using Control prompt...
Random baseline: 20.0%
Valid signal threshold: 40.0%

==================================================
OOTB ACCURACY RESULT: 76.0% (76/100)
==================================================
Time: 1.7s

PASS: Accuracy exceeds threshold. Proceeding with experiments.

======================================================================
STEP 2: SENSITIVITY EXPERIMENTS
======================================================================

[CONTROL] Running experiment...
  Completed in 2420.8s
  Average Variation Ratio: 0.3116
  Accuracy: 74.0% (370/500)

[METACOGNITION] Running experiment...
  Completed in 2668.2s
  Average Variation Ratio: 0.5625
  Accuracy: 70.6% (353/500)

[STRUCTURE] Running experiment...
  Completed in 2769.4s
  Average Variation Ratio: 0.3139
  Accuracy: 65.8% (329/500)

[POLITENESS] Running experiment...
  Completed in 2498.7s
  Average Variation Ratio: 0.3087
  Accuracy: 71.6% (358/500)

======================================================================
RESULTS SUMMARY
======================================================================

OOTB Accuracy (Control prompt, N=100): 76.0%

Prompt Style    | VR       | Accuracy     | Interpretation
----------------------------------------------------------------------
control         | 0.3116   |  74.0%       | Moderate
metacognition   | 0.5625   |  70.6%       | Unstable
structure       | 0.3139   |  65.8%       | Moderate
politeness      | 0.3087   |  71.6%       | Moderate

----------------------------------------------------------------------
Most Stable (lowest VR): politeness (VR=0.3087)
Least Stable (highest VR): metacognition (VR=0.5625)
Highest Accuracy: control (74.0%)
Lowest Accuracy: structure (65.8%)

Results saved to ./outputs/results/phase_5/flan-t5-base/csqa/paraphrase/n20_s86379_144541.json
Detailed responses saved to ./outputs/results/phase_5/flan-t5-base/csqa/paraphrase/n20_s86379_detail.csv

======================================================================
EXPERIMENT COMPLETE
======================================================================
