======================================================================
SENSITIVITY EXPERIMENT: FLAN-T5-BASE on QASC
Config: phase=phase_5  model=flan-t5-base  dataset=qasc  samples=500  perturbations=20  method=synonym  sensitivity_on_raw=True  seed=2266  styles=control,metacognition,structure,politeness
======================================================================

Device: cuda
Perturbation method: synonym
Available seeds for multi-run: (105, 2266, 86379)
Loading Flan-T5-Base...
Model loaded successfully
Loading QASC dataset...
Loaded 926 items

======================================================================
STEP 1: OUT-OF-THE-BOX (OOTB) ACCURACY CHECK
======================================================================

Verifying model accuracy using Control prompt...
Random baseline: 12.5%
Valid signal threshold: 40.0%

==================================================
OOTB ACCURACY RESULT: 43.0% (43/100)
==================================================
Time: 1.4s

PASS: Accuracy exceeds threshold. Proceeding with experiments.

======================================================================
STEP 2: SENSITIVITY EXPERIMENTS
======================================================================

[CONTROL] Running experiment...
  Completed in 57.9s
  Average Variation Ratio: 0.1483
  Accuracy: 44.0% (220/500)

[METACOGNITION] Running experiment...
  Completed in 271.6s
  Average Variation Ratio: 0.4932
  Accuracy: 41.6% (208/500)

[STRUCTURE] Running experiment...
  Completed in 94.2s
  Average Variation Ratio: 0.1708
  Accuracy: 39.0% (195/500)

[POLITENESS] Running experiment...
  Completed in 61.4s
  Average Variation Ratio: 0.1520
  Accuracy: 44.2% (221/500)

======================================================================
RESULTS SUMMARY
======================================================================

OOTB Accuracy (Control prompt, N=100): 43.0%

Prompt Style    | VR       | Accuracy     | Interpretation
----------------------------------------------------------------------
control         | 0.1483   |  44.0%       | Stable
metacognition   | 0.4932   |  41.6%       | Unstable
structure       | 0.1708   |  39.0%       | Stable
politeness      | 0.1520   |  44.2%       | Stable

----------------------------------------------------------------------
Most Stable (lowest VR): control (VR=0.1483)
Least Stable (highest VR): metacognition (VR=0.4932)
Highest Accuracy: politeness (44.2%)
Lowest Accuracy: structure (39.0%)

Results saved to ./outputs/results/phase_5/flan-t5-base/qasc/synonym/w1_n20_s2266_115133.json
Detailed responses saved to ./outputs/results/phase_5/flan-t5-base/qasc/synonym/w1_n20_s2266_detail.csv

======================================================================
EXPERIMENT COMPLETE
======================================================================
