======================================================================
SENSITIVITY EXPERIMENT: FLAN-T5-LARGE on CSQA
Config: phase=phase_5  model=flan-t5-large  dataset=csqa  samples=500  perturbations=20  method=paraphrase  sensitivity_on_raw=True  seed=2266  styles=control,metacognition,structure,politeness
======================================================================

Device: cuda
Perturbation method: paraphrase
Available seeds for multi-run: (105, 2266, 86379)
Loading paraphrase model (flan-t5-small)...
Paraphraser ready.
Loading Flan-T5-Large...
Model loaded successfully
Loading CommonsenseQA dataset...
Loaded 1221 items

======================================================================
STEP 1: OUT-OF-THE-BOX (OOTB) ACCURACY CHECK
======================================================================

Verifying model accuracy using Control prompt...
Random baseline: 20.0%
Valid signal threshold: 40.0%

==================================================
OOTB ACCURACY RESULT: 82.0% (82/100)
==================================================
Time: 2.7s

PASS: Accuracy exceeds threshold. Proceeding with experiments.

======================================================================
STEP 2: SENSITIVITY EXPERIMENTS
======================================================================

[CONTROL] Running experiment...
  Completed in 2528.4s
  Average Variation Ratio: 0.2786
  Accuracy: 83.8% (419/500)

[METACOGNITION] Running experiment...
  Completed in 2860.1s
  Average Variation Ratio: 0.6569
  Accuracy: 59.4% (297/500)

[STRUCTURE] Running experiment...
  Completed in 2974.8s
  Average Variation Ratio: 0.2442
  Accuracy: 51.0% (255/500)

[POLITENESS] Running experiment...
  Completed in 2357.0s
  Average Variation Ratio: 0.2856
  Accuracy: 84.8% (424/500)

======================================================================
RESULTS SUMMARY
======================================================================

OOTB Accuracy (Control prompt, N=100): 82.0%

Prompt Style    | VR       | Accuracy     | Interpretation
----------------------------------------------------------------------
control         | 0.2786   |  83.8%       | Moderate
metacognition   | 0.6569   |  59.4%       | Unstable
structure       | 0.2442   |  51.0%       | Moderate
politeness      | 0.2856   |  84.8%       | Moderate

----------------------------------------------------------------------
Most Stable (lowest VR): structure (VR=0.2442)
Least Stable (highest VR): metacognition (VR=0.6569)
Highest Accuracy: politeness (84.8%)
Lowest Accuracy: structure (51.0%)

Results saved to ./outputs/results/phase_5/flan-t5-large/csqa/paraphrase/n20_s2266_182702.json
Detailed responses saved to ./outputs/results/phase_5/flan-t5-large/csqa/paraphrase/n20_s2266_detail.csv

======================================================================
EXPERIMENT COMPLETE
======================================================================
