======================================================================
SENSITIVITY EXPERIMENT: FLAN-T5-LARGE on QASC
Config: phase=phase_5  model=flan-t5-large  dataset=qasc  samples=500  perturbations=20  method=synonym  sensitivity_on_raw=True  seed=105  styles=control,metacognition,structure,politeness
======================================================================

Device: cuda
Perturbation method: synonym
Available seeds for multi-run: (105, 2266, 86379)
Loading Flan-T5-Large...
Model loaded successfully
Loading QASC dataset...
Loaded 926 items

======================================================================
STEP 1: OUT-OF-THE-BOX (OOTB) ACCURACY CHECK
======================================================================

Verifying model accuracy using Control prompt...
Random baseline: 12.5%
Valid signal threshold: 40.0%

==================================================
OOTB ACCURACY RESULT: 62.0% (62/100)
==================================================
Time: 3.0s

PASS: Accuracy exceeds threshold. Proceeding with experiments.

======================================================================
STEP 2: SENSITIVITY EXPERIMENTS
======================================================================

[CONTROL] Running experiment...
  Completed in 130.8s
  Average Variation Ratio: 0.2447
  Accuracy: 63.4% (317/500)

[METACOGNITION] Running experiment...
  Completed in 563.5s
  Average Variation Ratio: 0.7520
  Accuracy: 37.0% (185/500)

[STRUCTURE] Running experiment...
  Completed in 739.4s
  Average Variation Ratio: 0.1486
  Accuracy: 22.2% (111/500)

[POLITENESS] Running experiment...
  Completed in 145.3s
  Average Variation Ratio: 0.2539
  Accuracy: 63.4% (317/500)

======================================================================
RESULTS SUMMARY
======================================================================

OOTB Accuracy (Control prompt, N=100): 62.0%

Prompt Style    | VR       | Accuracy     | Interpretation
----------------------------------------------------------------------
control         | 0.2447   |  63.4%       | Moderate
metacognition   | 0.7520   |  37.0%       | Unstable
structure       | 0.1486   |  22.2%       | Stable
politeness      | 0.2539   |  63.4%       | Moderate

----------------------------------------------------------------------
Most Stable (lowest VR): structure (VR=0.1486)
Least Stable (highest VR): metacognition (VR=0.7520)
Highest Accuracy: control (63.4%)
Lowest Accuracy: structure (22.2%)

Results saved to ./outputs/results/phase_5/flan-t5-large/qasc/synonym/w5_n20_s105_152029.json
Detailed responses saved to ./outputs/results/phase_5/flan-t5-large/qasc/synonym/w5_n20_s105_detail.csv

======================================================================
EXPERIMENT COMPLETE
======================================================================
