======================================================================
SENSITIVITY EXPERIMENT: FLAN-T5-LARGE on CSQA
Config: phase=phase_5  model=flan-t5-large  dataset=csqa  samples=500  perturbations=20  method=synonym  sensitivity_on_raw=True  seed=105  styles=control,metacognition,structure,politeness
======================================================================

Device: cuda
Perturbation method: synonym
Available seeds for multi-run: (105, 2266, 86379)
Loading Flan-T5-Large...
Model loaded successfully
Loading CommonsenseQA dataset...
Loaded 1221 items

======================================================================
STEP 1: OUT-OF-THE-BOX (OOTB) ACCURACY CHECK
======================================================================

Verifying model accuracy using Control prompt...
Random baseline: 20.0%
Valid signal threshold: 40.0%

==================================================
OOTB ACCURACY RESULT: 80.0% (80/100)
==================================================
Time: 2.6s

PASS: Accuracy exceeds threshold. Proceeding with experiments.

======================================================================
STEP 2: SENSITIVITY EXPERIMENTS
======================================================================

[CONTROL] Running experiment...
  Completed in 124.1s
  Average Variation Ratio: 0.2346
  Accuracy: 83.2% (416/500)

[METACOGNITION] Running experiment...
  Completed in 569.4s
  Average Variation Ratio: 0.7742
  Accuracy: 62.8% (314/500)

[STRUCTURE] Running experiment...
  Completed in 690.8s
  Average Variation Ratio: 0.2432
  Accuracy: 50.8% (254/500)

[POLITENESS] Running experiment...
  Completed in 132.3s
  Average Variation Ratio: 0.2233
  Accuracy: 82.6% (413/500)

======================================================================
RESULTS SUMMARY
======================================================================

OOTB Accuracy (Control prompt, N=100): 80.0%

Prompt Style    | VR       | Accuracy     | Interpretation
----------------------------------------------------------------------
control         | 0.2346   |  83.2%       | Moderate
metacognition   | 0.7742   |  62.8%       | Unstable
structure       | 0.2432   |  50.8%       | Moderate
politeness      | 0.2233   |  82.6%       | Moderate

----------------------------------------------------------------------
Most Stable (lowest VR): politeness (VR=0.2233)
Least Stable (highest VR): metacognition (VR=0.7742)
Highest Accuracy: control (83.2%)
Lowest Accuracy: structure (50.8%)

Results saved to ./outputs/results/phase_5/flan-t5-large/csqa/synonym/w3_n20_s105_145332.json
Detailed responses saved to ./outputs/results/phase_5/flan-t5-large/csqa/synonym/w3_n20_s105_detail.csv

======================================================================
EXPERIMENT COMPLETE
======================================================================
