======================================================================
SENSITIVITY EXPERIMENT: FLAN-T5-LARGE on COLA
Config: phase=phase_5  model=flan-t5-large  dataset=cola  samples=500  perturbations=20  method=paraphrase  sensitivity_on_raw=True  seed=2266  styles=control,metacognition,structure,politeness
======================================================================

Device: cuda
Perturbation method: paraphrase
Available seeds for multi-run: (105, 2266, 86379)
Loading paraphrase model (flan-t5-small)...
Paraphraser ready.
Loading Flan-T5-Large...
Model loaded successfully
Loading CoLA dataset...
Loaded 1043 items

======================================================================
STEP 1: OUT-OF-THE-BOX (OOTB) ACCURACY CHECK
======================================================================

Verifying model accuracy using Control prompt...
Random baseline: 50.0%
Valid signal threshold: 60.0%

==================================================
OOTB ACCURACY RESULT: 64.0% (64/100)
==================================================
Time: 2.7s

PASS: Accuracy exceeds threshold. Proceeding with experiments.

======================================================================
STEP 2: SENSITIVITY EXPERIMENTS
======================================================================

[CONTROL] Running experiment...
  Completed in 5061.7s
  Average Variation Ratio: 0.3170
  Accuracy: 62.0% (310/500)

[METACOGNITION] Running experiment...
  Completed in 4902.1s
  Average Variation Ratio: 0.3161
  Accuracy: 66.4% (332/500)

[STRUCTURE] Running experiment...
  Completed in 5050.6s
  Average Variation Ratio: 0.1926
  Accuracy: 70.0% (350/500)

[POLITENESS] Running experiment...
  Completed in 5059.0s
  Average Variation Ratio: 0.3079
  Accuracy: 68.2% (341/500)

======================================================================
RESULTS SUMMARY
======================================================================

OOTB Accuracy (Control prompt, N=100): 64.0%

Prompt Style    | VR       | Accuracy     | Interpretation
----------------------------------------------------------------------
control         | 0.3170   |  62.0%       | Moderate
metacognition   | 0.3161   |  66.4%       | Moderate
structure       | 0.1926   |  70.0%       | Stable
politeness      | 0.3079   |  68.2%       | Moderate

----------------------------------------------------------------------
Most Stable (lowest VR): structure (VR=0.1926)
Least Stable (highest VR): control (VR=0.3170)
Highest Accuracy: structure (70.0%)
Lowest Accuracy: control (62.0%)

Results saved to ./outputs/results/phase_5/flan-t5-large/cola/paraphrase/n20_s2266_204950.json
Detailed responses saved to ./outputs/results/phase_5/flan-t5-large/cola/paraphrase/n20_s2266_detail.csv

======================================================================
EXPERIMENT COMPLETE
======================================================================
