======================================================================
SENSITIVITY EXPERIMENT: FLAN-T5-LARGE on CSQA
Config: phase=phase_5  model=flan-t5-large  dataset=csqa  samples=500  perturbations=20  method=synonym  sensitivity_on_raw=True  seed=86379  styles=control,metacognition,structure,politeness
======================================================================

Device: cuda
Perturbation method: synonym
Available seeds for multi-run: (105, 2266, 86379)
Loading Flan-T5-Large...
Model loaded successfully
Loading CommonsenseQA dataset...
Loaded 1221 items

======================================================================
STEP 1: OUT-OF-THE-BOX (OOTB) ACCURACY CHECK
======================================================================

Verifying model accuracy using Control prompt...
Random baseline: 20.0%
Valid signal threshold: 40.0%

==================================================
OOTB ACCURACY RESULT: 85.9% (85/99)
==================================================
Time: 2.9s

PASS: Accuracy exceeds threshold. Proceeding with experiments.

======================================================================
STEP 2: SENSITIVITY EXPERIMENTS
======================================================================

[CONTROL] Running experiment...
  Completed in 125.5s
  Average Variation Ratio: 0.1142
  Accuracy: 82.6% (413/500)

[METACOGNITION] Running experiment...
  Completed in 566.7s
  Average Variation Ratio: 0.5680
  Accuracy: 57.6% (288/500)

[STRUCTURE] Running experiment...
  Completed in 665.9s
  Average Variation Ratio: 0.1654
  Accuracy: 49.4% (247/500)

[POLITENESS] Running experiment...
  Completed in 134.3s
  Average Variation Ratio: 0.1027
  Accuracy: 82.8% (414/500)

======================================================================
RESULTS SUMMARY
======================================================================

OOTB Accuracy (Control prompt, N=99): 85.9%

Prompt Style    | VR       | Accuracy     | Interpretation
----------------------------------------------------------------------
control         | 0.1142   |  82.6%       | Stable
metacognition   | 0.5680   |  57.6%       | Unstable
structure       | 0.1654   |  49.4%       | Stable
politeness      | 0.1027   |  82.8%       | Stable

----------------------------------------------------------------------
Most Stable (lowest VR): politeness (VR=0.1027)
Least Stable (highest VR): metacognition (VR=0.5680)
Highest Accuracy: politeness (82.8%)
Lowest Accuracy: structure (49.4%)

Results saved to ./outputs/results/phase_5/flan-t5-large/csqa/synonym/w1_n20_s86379_172058.json
Detailed responses saved to ./outputs/results/phase_5/flan-t5-large/csqa/synonym/w1_n20_s86379_detail.csv

======================================================================
EXPERIMENT COMPLETE
======================================================================
