======================================================================
SENSITIVITY EXPERIMENT: FLAN-T5-LARGE on COLA
Config: model=flan-t5-large  dataset=cola  samples=500  perturbations=20  method=synonym  seed=105  styles=control,metacognition,structure,politeness
======================================================================

Device: cuda
Perturbation method: synonym
Available seeds for multi-run: (105, 2266, 86379)
Loading Flan-T5-Large...
Model loaded successfully
Loading CoLA dataset...
Loaded 1043 items

======================================================================
STEP 1: OUT-OF-THE-BOX (OOTB) ACCURACY CHECK
======================================================================

Verifying model accuracy using Control prompt...
Random baseline: 50.0%
Valid signal threshold: 60.0%

==================================================
OOTB ACCURACY RESULT: 62.0% (62/100)
==================================================
Time: 2.8s

PASS: Accuracy exceeds threshold. Proceeding with experiments.

======================================================================
STEP 2: SENSITIVITY EXPERIMENTS
======================================================================

[CONTROL] Running experiment...
  Completed in 100.6s
  Average Variation Ratio: 0.0983
  Accuracy: 63.4% (317/500)

[METACOGNITION] Running experiment...
  Completed in 108.8s
  Average Variation Ratio: 0.1094
  Accuracy: 67.2% (336/500)

[STRUCTURE] Running experiment...
  Completed in 127.6s
  Average Variation Ratio: 0.1263
  Accuracy: 68.2% (341/500)

[POLITENESS] Running experiment...
  Completed in 109.5s
  Average Variation Ratio: 0.1283
  Accuracy: 68.4% (342/500)

======================================================================
RESULTS SUMMARY
======================================================================

OOTB Accuracy (Control prompt, N=100): 62.0%

Prompt Style    | VR       | Accuracy     | Interpretation
----------------------------------------------------------------------
control         | 0.0983   |  63.4%       | Stable
metacognition   | 0.1094   |  67.2%       | Stable
structure       | 0.1263   |  68.2%       | Stable
politeness      | 0.1283   |  68.4%       | Stable

----------------------------------------------------------------------
Most Stable (lowest VR): control (VR=0.0983)
Least Stable (highest VR): politeness (VR=0.1283)
Highest Accuracy: politeness (68.4%)
Lowest Accuracy: control (63.4%)

Results saved to ./outputs/results/flan-t5-large/cola/synonym/w3_n20_s105.json
Detailed responses saved to ./outputs/results/flan-t5-large/cola/synonym/w3_n20_s105_detail.csv

======================================================================
EXPERIMENT COMPLETE
======================================================================
