======================================================================
SENSITIVITY EXPERIMENT: FLAN-T5-LARGE on QASC
Config: model=flan-t5-large  dataset=qasc  samples=500  perturbations=20  method=synonym  seed=2266  styles=control,metacognition,structure,politeness
======================================================================

Device: cuda
Perturbation method: synonym
Available seeds for multi-run: (105, 2266, 86379)
Loading Flan-T5-Large...
Model loaded successfully
Loading QASC dataset...
Loaded 926 items

======================================================================
STEP 1: OUT-OF-THE-BOX (OOTB) ACCURACY CHECK
======================================================================

Verifying model accuracy using Control prompt...
Random baseline: 12.5%
Valid signal threshold: 40.0%

==================================================
OOTB ACCURACY RESULT: 59.6% (59/99)
==================================================
Time: 3.1s

PASS: Accuracy exceeds threshold. Proceeding with experiments.

======================================================================
STEP 2: SENSITIVITY EXPERIMENTS
======================================================================

[CONTROL] Running experiment...
  Completed in 124.5s
  Average Variation Ratio: 0.2389
  Accuracy: 60.6% (303/500)

[METACOGNITION] Running experiment...
  Completed in 602.7s
  Average Variation Ratio: 0.2300
  Accuracy: 38.2% (191/500)

[STRUCTURE] Running experiment...
  Completed in 757.8s
  Average Variation Ratio: 0.0326
  Accuracy: 22.8% (114/500)

[POLITENESS] Running experiment...
  Completed in 129.4s
  Average Variation Ratio: 0.2428
  Accuracy: 62.2% (311/500)

======================================================================
RESULTS SUMMARY
======================================================================

OOTB Accuracy (Control prompt, N=99): 59.6%

Prompt Style    | VR       | Accuracy     | Interpretation
----------------------------------------------------------------------
control         | 0.2389   |  60.6%       | Moderate
metacognition   | 0.2300   |  38.2%       | Moderate
structure       | 0.0326   |  22.8%       | Stable
politeness      | 0.2428   |  62.2%       | Moderate

----------------------------------------------------------------------
Most Stable (lowest VR): structure (VR=0.0326)
Least Stable (highest VR): politeness (VR=0.2428)
Highest Accuracy: politeness (62.2%)
Lowest Accuracy: structure (22.8%)

Results saved to ./outputs/results/flan-t5-large/qasc/synonym/w5_n20_s2266.json
Detailed responses saved to ./outputs/results/flan-t5-large/qasc/synonym/w5_n20_s2266_detail.csv

======================================================================
EXPERIMENT COMPLETE
======================================================================
