======================================================================
SENSITIVITY EXPERIMENT: FLAN-T5-LARGE on QASC
Config: model=flan-t5-large  dataset=qasc  samples=500  perturbations=20  method=synonym  seed=105  styles=control,metacognition,structure,politeness
======================================================================

Device: cuda
Perturbation method: synonym
Available seeds for multi-run: (105, 2266, 86379)
Loading Flan-T5-Large...
Model loaded successfully
Loading QASC dataset...
Loaded 926 items

======================================================================
STEP 1: OUT-OF-THE-BOX (OOTB) ACCURACY CHECK
======================================================================

Verifying model accuracy using Control prompt...
Random baseline: 12.5%
Valid signal threshold: 40.0%

==================================================
OOTB ACCURACY RESULT: 62.0% (62/100)
==================================================
Time: 2.9s

PASS: Accuracy exceeds threshold. Proceeding with experiments.

======================================================================
STEP 2: SENSITIVITY EXPERIMENTS
======================================================================

[CONTROL] Running experiment...
  Completed in 120.1s
  Average Variation Ratio: 0.1233
  Accuracy: 63.4% (317/500)

[METACOGNITION] Running experiment...
  Completed in 596.6s
  Average Variation Ratio: 0.1395
  Accuracy: 37.0% (185/500)

[STRUCTURE] Running experiment...
  Completed in 780.0s
  Average Variation Ratio: 0.0112
  Accuracy: 22.2% (111/500)

[POLITENESS] Running experiment...
  Completed in 131.3s
  Average Variation Ratio: 0.1223
  Accuracy: 63.4% (317/500)

======================================================================
RESULTS SUMMARY
======================================================================

OOTB Accuracy (Control prompt, N=100): 62.0%

Prompt Style    | VR       | Accuracy     | Interpretation
----------------------------------------------------------------------
control         | 0.1233   |  63.4%       | Stable
metacognition   | 0.1395   |  37.0%       | Stable
structure       | 0.0112   |  22.2%       | Stable
politeness      | 0.1223   |  63.4%       | Stable

----------------------------------------------------------------------
Most Stable (lowest VR): structure (VR=0.0112)
Least Stable (highest VR): metacognition (VR=0.1395)
Highest Accuracy: control (63.4%)
Lowest Accuracy: structure (22.2%)

Results saved to ./outputs/results/flan-t5-large/qasc/synonym/w1_n20_s105.json
Detailed responses saved to ./outputs/results/flan-t5-large/qasc/synonym/w1_n20_s105_detail.csv

======================================================================
EXPERIMENT COMPLETE
======================================================================
