Loading weights:   0%|          | 0/190 [00:00<?, ?it/s]Loading weights:  30%|███       | 57/190 [00:00<00:00, 505.49it/s]Loading weights: 100%|██████████| 190/190 [00:00<00:00, 1435.33it/s]
The tied weights mapping and config for this model specifies to tie shared.weight to lm_head.weight, but both are present in the checkpoints, so we will NOT tie them. You should update the config with `tie_word_embeddings=False` to silence this warning
`torch_dtype` is deprecated! Use `dtype` instead!
Loading weights:   0%|          | 0/146 [00:00<?, ?it/s]Loading weights:  14%|█▍        | 21/146 [00:00<00:00, 157.96it/s]Loading weights:  33%|███▎      | 48/146 [00:00<00:00, 211.94it/s]Loading weights:  48%|████▊     | 70/146 [00:00<00:00, 209.94it/s]Loading weights:  63%|██████▎   | 92/146 [00:00<00:00, 192.00it/s]Loading weights:  77%|███████▋  | 112/146 [00:00<00:00, 171.83it/s]Loading weights:  94%|█████████▍| 137/146 [00:00<00:00, 190.24it/s]Loading weights: 100%|██████████| 146/146 [00:00<00:00, 199.68it/s]
The following generation flags are not valid and may be ignored: ['temperature', 'top_p']. Set `TRANSFORMERS_VERBOSITY=info` for more details.
INFO: Paraphraser produced 19/20; filling 1 with synonym fallback
INFO: Paraphraser produced 18/20; filling 2 with synonym fallback
INFO: Paraphraser produced 17/20; filling 3 with synonym fallback
INFO: Paraphraser produced 17/20; filling 3 with synonym fallback
INFO: Paraphraser produced 17/20; filling 3 with synonym fallback
INFO: Paraphraser produced 11/20; filling 9 with synonym fallback
INFO: Paraphraser produced 17/20; filling 3 with synonym fallback
INFO: Paraphraser produced 18/20; filling 2 with synonym fallback
INFO: Paraphraser produced 19/20; filling 1 with synonym fallback
INFO: Paraphraser produced 19/20; filling 1 with synonym fallback
INFO: Paraphraser produced 15/20; filling 5 with synonym fallback
INFO: Paraphraser produced 19/20; filling 1 with synonym fallback
INFO: Paraphraser produced 19/20; filling 1 with synonym fallback
INFO: Paraphraser produced 14/20; filling 6 with synonym fallback
INFO: Paraphraser produced 16/20; filling 4 with synonym fallback
INFO: Paraphraser produced 17/20; filling 3 with synonym fallback
INFO: Paraphraser produced 15/20; filling 5 with synonym fallback
INFO: Paraphraser produced 19/20; filling 1 with synonym fallback
INFO: Paraphraser produced 18/20; filling 2 with synonym fallback
INFO: Paraphraser produced 17/20; filling 3 with synonym fallback
INFO: Paraphraser produced 17/20; filling 3 with synonym fallback
INFO: Paraphraser produced 17/20; filling 3 with synonym fallback
INFO: Paraphraser produced 11/20; filling 9 with synonym fallback
INFO: Paraphraser produced 17/20; filling 3 with synonym fallback
INFO: Paraphraser produced 18/20; filling 2 with synonym fallback
INFO: Paraphraser produced 19/20; filling 1 with synonym fallback
INFO: Paraphraser produced 19/20; filling 1 with synonym fallback
INFO: Paraphraser produced 15/20; filling 5 with synonym fallback
INFO: Paraphraser produced 19/20; filling 1 with synonym fallback
INFO: Paraphraser produced 19/20; filling 1 with synonym fallback
INFO: Paraphraser produced 14/20; filling 6 with synonym fallback
INFO: Paraphraser produced 16/20; filling 4 with synonym fallback
INFO: Paraphraser produced 17/20; filling 3 with synonym fallback
INFO: Paraphraser produced 15/20; filling 5 with synonym fallback
INFO: Paraphraser produced 19/20; filling 1 with synonym fallback
INFO: Paraphraser produced 18/20; filling 2 with synonym fallback
INFO: Paraphraser produced 17/20; filling 3 with synonym fallback
INFO: Paraphraser produced 17/20; filling 3 with synonym fallback
INFO: Paraphraser produced 17/20; filling 3 with synonym fallback
INFO: Paraphraser produced 11/20; filling 9 with synonym fallback
INFO: Paraphraser produced 17/20; filling 3 with synonym fallback
INFO: Paraphraser produced 18/20; filling 2 with synonym fallback
INFO: Paraphraser produced 19/20; filling 1 with synonym fallback
INFO: Paraphraser produced 19/20; filling 1 with synonym fallback
INFO: Paraphraser produced 15/20; filling 5 with synonym fallback
INFO: Paraphraser produced 19/20; filling 1 with synonym fallback
INFO: Paraphraser produced 19/20; filling 1 with synonym fallback
INFO: Paraphraser produced 14/20; filling 6 with synonym fallback
INFO: Paraphraser produced 16/20; filling 4 with synonym fallback
INFO: Paraphraser produced 17/20; filling 3 with synonym fallback
INFO: Paraphraser produced 15/20; filling 5 with synonym fallback
INFO: Paraphraser produced 19/20; filling 1 with synonym fallback
INFO: Paraphraser produced 18/20; filling 2 with synonym fallback
INFO: Paraphraser produced 17/20; filling 3 with synonym fallback
INFO: Paraphraser produced 17/20; filling 3 with synonym fallback
INFO: Paraphraser produced 17/20; filling 3 with synonym fallback
INFO: Paraphraser produced 11/20; filling 9 with synonym fallback
INFO: Paraphraser produced 17/20; filling 3 with synonym fallback
INFO: Paraphraser produced 18/20; filling 2 with synonym fallback
INFO: Paraphraser produced 19/20; filling 1 with synonym fallback
INFO: Paraphraser produced 19/20; filling 1 with synonym fallback
INFO: Paraphraser produced 15/20; filling 5 with synonym fallback
INFO: Paraphraser produced 19/20; filling 1 with synonym fallback
INFO: Paraphraser produced 19/20; filling 1 with synonym fallback
INFO: Paraphraser produced 14/20; filling 6 with synonym fallback
INFO: Paraphraser produced 16/20; filling 4 with synonym fallback
INFO: Paraphraser produced 17/20; filling 3 with synonym fallback
INFO: Paraphraser produced 15/20; filling 5 with synonym fallback
