======================================================================
SENSITIVITY EXPERIMENT: PHI-3-MINI on QASC
Config: phase=phase_4  model=phi-3-mini  dataset=qasc  samples=500  perturbations=20  method=paraphrase  seed=86379  styles=control,metacognition,structure,politeness
======================================================================

Device: cuda
Perturbation method: paraphrase
Available seeds for multi-run: (105, 2266, 86379)
Loading paraphrase model (flan-t5-small)...
Paraphraser ready.
Loading Phi-3-Mini-4K-Instruct...
Model loaded successfully
Loading QASC dataset...
Loaded 926 items

======================================================================
STEP 1: OUT-OF-THE-BOX (OOTB) ACCURACY CHECK
======================================================================

Verifying model accuracy using Control prompt...
Random baseline: 12.5%
Valid signal threshold: 40.0%

==================================================
OOTB ACCURACY RESULT: 73.0% (73/100)
==================================================
Time: 28.8s

PASS: Accuracy exceeds threshold. Proceeding with experiments.

======================================================================
STEP 2: SENSITIVITY EXPERIMENTS
======================================================================

[CONTROL] Running experiment...
  Completed in 4211.7s
  Average Variation Ratio: 0.3284
  Accuracy: 80.0% (400/500)

[METACOGNITION] Running experiment...
  Completed in 6061.3s
  Average Variation Ratio: 0.3379
  Accuracy: 78.0% (390/500)

[STRUCTURE] Running experiment...
  Completed in 20115.6s
  Average Variation Ratio: 0.3682
  Accuracy: 70.6% (353/500)

[POLITENESS] Running experiment...
  Completed in 6035.5s
  Average Variation Ratio: 0.3281
  Accuracy: 79.4% (397/500)

======================================================================
RESULTS SUMMARY
======================================================================

OOTB Accuracy (Control prompt, N=100): 73.0%

Prompt Style    | VR       | Accuracy     | Interpretation
----------------------------------------------------------------------
control         | 0.3284   |  80.0%       | Moderate
metacognition   | 0.3379   |  78.0%       | Moderate
structure       | 0.3682   |  70.6%       | Moderate
politeness      | 0.3281   |  79.4%       | Moderate

----------------------------------------------------------------------
Most Stable (lowest VR): politeness (VR=0.3281)
Least Stable (highest VR): structure (VR=0.3682)
Highest Accuracy: control (80.0%)
Lowest Accuracy: structure (70.6%)

Results saved to ./outputs/results/phase_4/phi-3-mini/qasc/paraphrase/n20_s86379_174911.json
Detailed responses saved to ./outputs/results/phase_4/phi-3-mini/qasc/paraphrase/n20_s86379_detail.csv

======================================================================
EXPERIMENT COMPLETE
======================================================================
