======================================================================
SENSITIVITY EXPERIMENT: PHI-3-MINI on COLA
Config: phase=phase_4  model=phi-3-mini  dataset=cola  samples=500  perturbations=20  method=synonym  seed=86379  styles=control,metacognition,structure,politeness
======================================================================

Device: cuda
Perturbation method: synonym
Available seeds for multi-run: (105, 2266, 86379)
Loading Phi-3-Mini-4K-Instruct...
Model loaded successfully
Loading CoLA dataset...
Loaded 1043 items

======================================================================
STEP 1: OUT-OF-THE-BOX (OOTB) ACCURACY CHECK
======================================================================

Verifying model accuracy using Control prompt...
Random baseline: 50.0%
Valid signal threshold: 60.0%

==================================================
OOTB ACCURACY RESULT: 78.0% (78/100)
==================================================
Time: 9.6s

PASS: Accuracy exceeds threshold. Proceeding with experiments.

======================================================================
STEP 2: SENSITIVITY EXPERIMENTS
======================================================================

[CONTROL] Running experiment...
  Completed in 202.9s
  Average Variation Ratio: 0.1131
  Accuracy: 76.0% (380/500)

[METACOGNITION] Running experiment...
  Completed in 277.2s
  Average Variation Ratio: 0.1149
  Accuracy: 79.0% (395/500)

[STRUCTURE] Running experiment...
  Completed in 1182.3s
  Average Variation Ratio: 0.0013
  Accuracy: 1.2% (6/500)

[POLITENESS] Running experiment...
  Completed in 248.0s
  Average Variation Ratio: 0.1096
  Accuracy: 76.4% (382/500)

======================================================================
RESULTS SUMMARY
======================================================================

OOTB Accuracy (Control prompt, N=100): 78.0%

Prompt Style    | VR       | Accuracy     | Interpretation
----------------------------------------------------------------------
control         | 0.1131   |  76.0%       | Stable
metacognition   | 0.1149   |  79.0%       | Stable
structure       | 0.0013   |   1.2%       | Stable
politeness      | 0.1096   |  76.4%       | Stable

----------------------------------------------------------------------
Most Stable (lowest VR): structure (VR=0.0013)
Least Stable (highest VR): metacognition (VR=0.1149)
Highest Accuracy: metacognition (79.0%)
Lowest Accuracy: structure (1.2%)

Results saved to ./outputs/results/phase_4/phi-3-mini/cola/synonym/w5_n20_s86379_072129.json
Detailed responses saved to ./outputs/results/phase_4/phi-3-mini/cola/synonym/w5_n20_s86379_detail.csv

======================================================================
EXPERIMENT COMPLETE
======================================================================
