======================================================================
SENSITIVITY EXPERIMENT: PHI-3-MINI on COLA
Config: phase=phase_4  model=phi-3-mini  dataset=cola  samples=500  perturbations=20  method=paraphrase  seed=105  styles=control,metacognition,structure,politeness
======================================================================

Device: cuda
Perturbation method: paraphrase
Available seeds for multi-run: (105, 2266, 86379)
Loading paraphrase model (flan-t5-small)...
Paraphraser ready.
Loading Phi-3-Mini-4K-Instruct...
Model loaded successfully
Loading CoLA dataset...
Loaded 1043 items

======================================================================
STEP 1: OUT-OF-THE-BOX (OOTB) ACCURACY CHECK
======================================================================

Verifying model accuracy using Control prompt...
Random baseline: 50.0%
Valid signal threshold: 60.0%

==================================================
OOTB ACCURACY RESULT: 77.0% (77/100)
==================================================
Time: 28.9s

PASS: Accuracy exceeds threshold. Proceeding with experiments.

======================================================================
STEP 2: SENSITIVITY EXPERIMENTS
======================================================================

[CONTROL] Running experiment...
  Completed in 6428.0s
  Average Variation Ratio: 0.3348
  Accuracy: 76.0% (380/500)

[METACOGNITION] Running experiment...
  Completed in 6990.6s
  Average Variation Ratio: 0.3150
  Accuracy: 77.0% (385/500)

[STRUCTURE] Running experiment...
  Completed in 12823.6s
  Average Variation Ratio: 0.0125
  Accuracy: 1.2% (6/500)

[POLITENESS] Running experiment...
  Completed in 6972.5s
  Average Variation Ratio: 0.3310
  Accuracy: 75.6% (378/500)

======================================================================
RESULTS SUMMARY
======================================================================

OOTB Accuracy (Control prompt, N=100): 77.0%

Prompt Style    | VR       | Accuracy     | Interpretation
----------------------------------------------------------------------
control         | 0.3348   |  76.0%       | Moderate
metacognition   | 0.3150   |  77.0%       | Moderate
structure       | 0.0125   |   1.2%       | Stable
politeness      | 0.3310   |  75.6%       | Moderate

----------------------------------------------------------------------
Most Stable (lowest VR): structure (VR=0.0125)
Least Stable (highest VR): control (VR=0.3348)
Highest Accuracy: metacognition (77.0%)
Lowest Accuracy: structure (1.2%)

Results saved to ./outputs/results/phase_4/phi-3-mini/cola/paraphrase/n20_s105_071014.json
Detailed responses saved to ./outputs/results/phase_4/phi-3-mini/cola/paraphrase/n20_s105_detail.csv

======================================================================
EXPERIMENT COMPLETE
======================================================================
