======================================================================
SENSITIVITY EXPERIMENT: PHI-3-MINI on CSQA
Config: phase=phase_4  model=phi-3-mini  dataset=csqa  samples=500  perturbations=20  method=synonym  seed=86379  styles=control,metacognition,structure,politeness
======================================================================

Device: cuda
Perturbation method: synonym
Available seeds for multi-run: (105, 2266, 86379)
Loading Phi-3-Mini-4K-Instruct...
Model loaded successfully
Loading CommonsenseQA dataset...
Loaded 1221 items

======================================================================
STEP 1: OUT-OF-THE-BOX (OOTB) ACCURACY CHECK
======================================================================

Verifying model accuracy using Control prompt...
Random baseline: 20.0%
Valid signal threshold: 40.0%

==================================================
OOTB ACCURACY RESULT: 78.0% (78/100)
==================================================
Time: 17.6s

PASS: Accuracy exceeds threshold. Proceeding with experiments.

======================================================================
STEP 2: SENSITIVITY EXPERIMENTS
======================================================================

[CONTROL] Running experiment...
  Completed in 1269.4s
  Average Variation Ratio: 0.1487
  Accuracy: 74.6% (373/500)

[METACOGNITION] Running experiment...
  Completed in 2450.2s
  Average Variation Ratio: 0.1645
  Accuracy: 72.4% (362/500)

[STRUCTURE] Running experiment...
  Completed in 15102.3s
  Average Variation Ratio: 0.2093
  Accuracy: 70.8% (354/500)

[POLITENESS] Running experiment...
  Completed in 2183.7s
  Average Variation Ratio: 0.1594
  Accuracy: 75.2% (376/500)

======================================================================
RESULTS SUMMARY
======================================================================

OOTB Accuracy (Control prompt, N=100): 78.0%

Prompt Style    | VR       | Accuracy     | Interpretation
----------------------------------------------------------------------
control         | 0.1487   |  74.6%       | Stable
metacognition   | 0.1645   |  72.4%       | Stable
structure       | 0.2093   |  70.8%       | Moderate
politeness      | 0.1594   |  75.2%       | Stable

----------------------------------------------------------------------
Most Stable (lowest VR): control (VR=0.1487)
Least Stable (highest VR): structure (VR=0.2093)
Highest Accuracy: politeness (75.2%)
Lowest Accuracy: structure (70.8%)

Results saved to ./outputs/results/phase_4/phi-3-mini/csqa/synonym/w1_n20_s86379_130112.json
Detailed responses saved to ./outputs/results/phase_4/phi-3-mini/csqa/synonym/w1_n20_s86379_detail.csv

======================================================================
EXPERIMENT COMPLETE
======================================================================
