======================================================================
SENSITIVITY EXPERIMENT: PHI-3-MINI on QASC
Config: phase=phase_4  model=phi-3-mini  dataset=qasc  samples=500  perturbations=20  method=synonym  seed=86379  styles=control,metacognition,structure,politeness
======================================================================

Device: cuda
Perturbation method: synonym
Available seeds for multi-run: (105, 2266, 86379)
Loading Phi-3-Mini-4K-Instruct...
Model loaded successfully
Loading QASC dataset...
Loaded 926 items

======================================================================
STEP 1: OUT-OF-THE-BOX (OOTB) ACCURACY CHECK
======================================================================

Verifying model accuracy using Control prompt...
Random baseline: 12.5%
Valid signal threshold: 40.0%

==================================================
OOTB ACCURACY RESULT: 73.0% (73/100)
==================================================
Time: 29.2s

PASS: Accuracy exceeds threshold. Proceeding with experiments.

======================================================================
STEP 2: SENSITIVITY EXPERIMENTS
======================================================================

[CONTROL] Running experiment...
  Completed in 1820.2s
  Average Variation Ratio: 0.2286
  Accuracy: 80.0% (400/500)

[METACOGNITION] Running experiment...
  Completed in 3615.7s
  Average Variation Ratio: 0.2323
  Accuracy: 78.0% (390/500)

[STRUCTURE] Running experiment...
  Completed in 17302.3s
  Average Variation Ratio: 0.2796
  Accuracy: 70.0% (350/500)

[POLITENESS] Running experiment...
  Completed in 3050.5s
  Average Variation Ratio: 0.2234
  Accuracy: 79.4% (397/500)

======================================================================
RESULTS SUMMARY
======================================================================

OOTB Accuracy (Control prompt, N=100): 73.0%

Prompt Style    | VR       | Accuracy     | Interpretation
----------------------------------------------------------------------
control         | 0.2286   |  80.0%       | Moderate
metacognition   | 0.2323   |  78.0%       | Moderate
structure       | 0.2796   |  70.0%       | Moderate
politeness      | 0.2234   |  79.4%       | Moderate

----------------------------------------------------------------------
Most Stable (lowest VR): politeness (VR=0.2234)
Least Stable (highest VR): structure (VR=0.2796)
Highest Accuracy: control (80.0%)
Lowest Accuracy: structure (70.0%)

Results saved to ./outputs/results/phase_4/phi-3-mini/qasc/synonym/w3_n20_s86379_162251.json
Detailed responses saved to ./outputs/results/phase_4/phi-3-mini/qasc/synonym/w3_n20_s86379_detail.csv

======================================================================
EXPERIMENT COMPLETE
======================================================================
