======================================================================
SENSITIVITY EXPERIMENT: PHI-3-MINI on COLA
Config: phase=phase_4  model=phi-3-mini  dataset=cola  samples=500  perturbations=20  method=synonym  seed=2266  styles=control,metacognition,structure,politeness
======================================================================

Device: cuda
Perturbation method: synonym
Available seeds for multi-run: (105, 2266, 86379)
Loading Phi-3-Mini-4K-Instruct...
Model loaded successfully
Loading CoLA dataset...
Loaded 1043 items

======================================================================
STEP 1: OUT-OF-THE-BOX (OOTB) ACCURACY CHECK
======================================================================

Verifying model accuracy using Control prompt...
Random baseline: 50.0%
Valid signal threshold: 60.0%

==================================================
OOTB ACCURACY RESULT: 75.0% (75/100)
==================================================
Time: 34.4s

PASS: Accuracy exceeds threshold. Proceeding with experiments.

======================================================================
STEP 2: SENSITIVITY EXPERIMENTS
======================================================================

[CONTROL] Running experiment...
  Completed in 814.8s
  Average Variation Ratio: 0.1075
  Accuracy: 75.8% (379/500)

[METACOGNITION] Running experiment...
  Completed in 1239.1s
  Average Variation Ratio: 0.1073
  Accuracy: 77.6% (388/500)

[STRUCTURE] Running experiment...
  Completed in 5647.3s
  Average Variation Ratio: 0.0004
  Accuracy: 0.6% (3/500)

[POLITENESS] Running experiment...
  Completed in 1162.6s
  Average Variation Ratio: 0.1041
  Accuracy: 76.0% (380/500)

======================================================================
RESULTS SUMMARY
======================================================================

OOTB Accuracy (Control prompt, N=100): 75.0%

Prompt Style    | VR       | Accuracy     | Interpretation
----------------------------------------------------------------------
control         | 0.1075   |  75.8%       | Stable
metacognition   | 0.1073   |  77.6%       | Stable
structure       | 0.0004   |   0.6%       | Stable
politeness      | 0.1041   |  76.0%       | Stable

----------------------------------------------------------------------
Most Stable (lowest VR): structure (VR=0.0004)
Least Stable (highest VR): control (VR=0.1075)
Highest Accuracy: metacognition (77.6%)
Lowest Accuracy: structure (0.6%)

Results saved to ./outputs/results/phase_4/phi-3-mini/cola/synonym/w3_n20_s2266_054710.json
Detailed responses saved to ./outputs/results/phase_4/phi-3-mini/cola/synonym/w3_n20_s2266_detail.csv

======================================================================
EXPERIMENT COMPLETE
======================================================================
