======================================================================
SENSITIVITY EXPERIMENT: FLAN-T5-LARGE on CSQA
Config: phase=phase_4  model=flan-t5-large  dataset=csqa  samples=500  perturbations=20  method=synonym  seed=105  styles=control,metacognition,structure,politeness
======================================================================

Device: cuda
Perturbation method: synonym
Available seeds for multi-run: (105, 2266, 86379)
Loading Flan-T5-Large...
Model loaded successfully
Loading CommonsenseQA dataset...
Loaded 1221 items

======================================================================
STEP 1: OUT-OF-THE-BOX (OOTB) ACCURACY CHECK
======================================================================

Verifying model accuracy using Control prompt...
Random baseline: 20.0%
Valid signal threshold: 40.0%

==================================================
OOTB ACCURACY RESULT: 80.0% (80/100)
==================================================
Time: 2.8s

PASS: Accuracy exceeds threshold. Proceeding with experiments.

======================================================================
STEP 2: SENSITIVITY EXPERIMENTS
======================================================================

[CONTROL] Running experiment...
  Completed in 130.5s
  Average Variation Ratio: 0.2642
  Accuracy: 83.2% (416/500)

[METACOGNITION] Running experiment...
  Completed in 581.1s
  Average Variation Ratio: 0.2587
  Accuracy: 62.8% (314/500)

[STRUCTURE] Running experiment...
  Completed in 713.6s
  Average Variation Ratio: 0.1201
  Accuracy: 50.8% (254/500)

[POLITENESS] Running experiment...
  Completed in 143.6s
  Average Variation Ratio: 0.2649
  Accuracy: 82.6% (413/500)

======================================================================
RESULTS SUMMARY
======================================================================

OOTB Accuracy (Control prompt, N=100): 80.0%

Prompt Style    | VR       | Accuracy     | Interpretation
----------------------------------------------------------------------
control         | 0.2642   |  83.2%       | Moderate
metacognition   | 0.2587   |  62.8%       | Moderate
structure       | 0.1201   |  50.8%       | Stable
politeness      | 0.2649   |  82.6%       | Moderate

----------------------------------------------------------------------
Most Stable (lowest VR): structure (VR=0.1201)
Least Stable (highest VR): politeness (VR=0.2649)
Highest Accuracy: control (83.2%)
Lowest Accuracy: structure (50.8%)

Results saved to ./outputs/results/phase_4/flan-t5-large/csqa/synonym/w5_n20_s105_142853.json
Detailed responses saved to ./outputs/results/phase_4/flan-t5-large/csqa/synonym/w5_n20_s105_detail.csv

======================================================================
EXPERIMENT COMPLETE
======================================================================
