======================================================================
SENSITIVITY EXPERIMENT: FLAN-T5-LARGE on QASC
Config: phase=phase_4  model=flan-t5-large  dataset=qasc  samples=500  perturbations=20  method=synonym  seed=2266  styles=control,metacognition,structure,politeness
======================================================================

Device: cuda
Perturbation method: synonym
Available seeds for multi-run: (105, 2266, 86379)
Loading Flan-T5-Large...
Model loaded successfully
Loading QASC dataset...
Loaded 926 items

======================================================================
STEP 1: OUT-OF-THE-BOX (OOTB) ACCURACY CHECK
======================================================================

Verifying model accuracy using Control prompt...
Random baseline: 12.5%
Valid signal threshold: 40.0%

==================================================
OOTB ACCURACY RESULT: 59.6% (59/99)
==================================================
Time: 2.9s

PASS: Accuracy exceeds threshold. Proceeding with experiments.

======================================================================
STEP 2: SENSITIVITY EXPERIMENTS
======================================================================

[CONTROL] Running experiment...
  Completed in 142.2s
  Average Variation Ratio: 0.1261
  Accuracy: 60.6% (303/500)

[METACOGNITION] Running experiment...
  Completed in 580.5s
  Average Variation Ratio: 0.1520
  Accuracy: 38.2% (191/500)

[STRUCTURE] Running experiment...
  Completed in 755.0s
  Average Variation Ratio: 0.0115
  Accuracy: 22.8% (114/500)

[POLITENESS] Running experiment...
  Completed in 155.0s
  Average Variation Ratio: 0.1267
  Accuracy: 62.2% (311/500)

======================================================================
RESULTS SUMMARY
======================================================================

OOTB Accuracy (Control prompt, N=99): 59.6%

Prompt Style    | VR       | Accuracy     | Interpretation
----------------------------------------------------------------------
control         | 0.1261   |  60.6%       | Stable
metacognition   | 0.1520   |  38.2%       | Stable
structure       | 0.0115   |  22.8%       | Stable
politeness      | 0.1267   |  62.2%       | Stable

----------------------------------------------------------------------
Most Stable (lowest VR): structure (VR=0.0115)
Least Stable (highest VR): metacognition (VR=0.1520)
Highest Accuracy: politeness (62.2%)
Lowest Accuracy: structure (22.8%)

Results saved to ./outputs/results/phase_4/flan-t5-large/qasc/synonym/w1_n20_s2266_162827.json
Detailed responses saved to ./outputs/results/phase_4/flan-t5-large/qasc/synonym/w1_n20_s2266_detail.csv

======================================================================
EXPERIMENT COMPLETE
======================================================================
