======================================================================
SENSITIVITY EXPERIMENT: FLAN-T5-LARGE on CSQA
Config: phase=phase_4  model=flan-t5-large  dataset=csqa  samples=500  perturbations=20  method=synonym  seed=86379  styles=control,metacognition,structure,politeness
======================================================================

Device: cuda
Perturbation method: synonym
Available seeds for multi-run: (105, 2266, 86379)
Loading Flan-T5-Large...
Model loaded successfully
Loading CommonsenseQA dataset...
Loaded 1221 items

======================================================================
STEP 1: OUT-OF-THE-BOX (OOTB) ACCURACY CHECK
======================================================================

Verifying model accuracy using Control prompt...
Random baseline: 20.0%
Valid signal threshold: 40.0%

==================================================
OOTB ACCURACY RESULT: 85.9% (85/99)
==================================================
Time: 2.8s

PASS: Accuracy exceeds threshold. Proceeding with experiments.

======================================================================
STEP 2: SENSITIVITY EXPERIMENTS
======================================================================

[CONTROL] Running experiment...
  Completed in 139.1s
  Average Variation Ratio: 0.1076
  Accuracy: 82.6% (413/500)

[METACOGNITION] Running experiment...
  Completed in 574.3s
  Average Variation Ratio: 0.1297
  Accuracy: 57.6% (288/500)

[STRUCTURE] Running experiment...
  Completed in 682.3s
  Average Variation Ratio: 0.0447
  Accuracy: 49.4% (247/500)

[POLITENESS] Running experiment...
  Completed in 146.7s
  Average Variation Ratio: 0.1013
  Accuracy: 82.8% (414/500)

======================================================================
RESULTS SUMMARY
======================================================================

OOTB Accuracy (Control prompt, N=99): 85.9%

Prompt Style    | VR       | Accuracy     | Interpretation
----------------------------------------------------------------------
control         | 0.1076   |  82.6%       | Stable
metacognition   | 0.1297   |  57.6%       | Stable
structure       | 0.0447   |  49.4%       | Stable
politeness      | 0.1013   |  82.8%       | Stable

----------------------------------------------------------------------
Most Stable (lowest VR): structure (VR=0.0447)
Least Stable (highest VR): metacognition (VR=0.1297)
Highest Accuracy: politeness (82.8%)
Lowest Accuracy: structure (49.4%)

Results saved to ./outputs/results/phase_4/flan-t5-large/csqa/synonym/w1_n20_s86379_174826.json
Detailed responses saved to ./outputs/results/phase_4/flan-t5-large/csqa/synonym/w1_n20_s86379_detail.csv

======================================================================
EXPERIMENT COMPLETE
======================================================================
