======================================================================
SENSITIVITY EXPERIMENT: FLAN-T5-LARGE on COLA
Config: phase=phase_4  model=flan-t5-large  dataset=cola  samples=500  perturbations=20  method=paraphrase  seed=105  styles=control,metacognition,structure,politeness
======================================================================

Device: cuda
Perturbation method: paraphrase
Available seeds for multi-run: (105, 2266, 86379)
Loading paraphrase model (flan-t5-small)...
Paraphraser ready.
Loading Flan-T5-Large...
Model loaded successfully
Loading CoLA dataset...
Loaded 1043 items

======================================================================
STEP 1: OUT-OF-THE-BOX (OOTB) ACCURACY CHECK
======================================================================

Verifying model accuracy using Control prompt...
Random baseline: 50.0%
Valid signal threshold: 60.0%

==================================================
OOTB ACCURACY RESULT: 62.0% (62/100)
==================================================
Time: 2.5s

PASS: Accuracy exceeds threshold. Proceeding with experiments.

======================================================================
STEP 2: SENSITIVITY EXPERIMENTS
======================================================================

[CONTROL] Running experiment...
  Completed in 4932.3s
  Average Variation Ratio: 0.3152
  Accuracy: 63.4% (317/500)

[METACOGNITION] Running experiment...
  Completed in 5026.6s
  Average Variation Ratio: 0.3174
  Accuracy: 67.2% (336/500)

[STRUCTURE] Running experiment...
  Completed in 5266.0s
  Average Variation Ratio: 0.1977
  Accuracy: 68.2% (341/500)

[POLITENESS] Running experiment...
  Completed in 5147.2s
  Average Variation Ratio: 0.3105
  Accuracy: 68.4% (342/500)

======================================================================
RESULTS SUMMARY
======================================================================

OOTB Accuracy (Control prompt, N=100): 62.0%

Prompt Style    | VR       | Accuracy     | Interpretation
----------------------------------------------------------------------
control         | 0.3152   |  63.4%       | Moderate
metacognition   | 0.3174   |  67.2%       | Moderate
structure       | 0.1977   |  68.2%       | Stable
politeness      | 0.3105   |  68.4%       | Moderate

----------------------------------------------------------------------
Most Stable (lowest VR): structure (VR=0.1977)
Least Stable (highest VR): metacognition (VR=0.3174)
Highest Accuracy: politeness (68.4%)
Lowest Accuracy: control (63.4%)

Results saved to ./outputs/results/phase_4/flan-t5-large/cola/paraphrase/n20_s105_184258.json
Detailed responses saved to ./outputs/results/phase_4/flan-t5-large/cola/paraphrase/n20_s105_detail.csv

======================================================================
EXPERIMENT COMPLETE
======================================================================
