Loading weights:   0%|          | 0/190 [00:00<?, ?it/s]Loading weights:  79%|███████▉  | 151/190 [00:00<00:00, 1414.12it/s]Loading weights: 100%|██████████| 190/190 [00:00<00:00, 1051.86it/s]
The tied weights mapping and config for this model specifies to tie shared.weight to lm_head.weight, but both are present in the checkpoints, so we will NOT tie them. You should update the config with `tie_word_embeddings=False` to silence this warning
`torch_dtype` is deprecated! Use `dtype` instead!
Loading weights:   0%|          | 0/146 [00:00<?, ?it/s]Loading weights:  15%|█▌        | 22/146 [00:00<00:00, 195.51it/s]Loading weights:  29%|██▉       | 42/146 [00:00<00:00, 192.64it/s]Loading weights:  42%|████▏     | 62/146 [00:00<00:00, 175.44it/s]Loading weights:  58%|█████▊    | 84/146 [00:00<00:00, 177.54it/s]Loading weights:  71%|███████   | 103/146 [00:00<00:00, 173.32it/s]Loading weights:  83%|████████▎ | 121/146 [00:00<00:00, 173.22it/s]Loading weights:  95%|█████████▌| 139/146 [00:00<00:00, 174.25it/s]Loading weights: 100%|██████████| 146/146 [00:00<00:00, 185.29it/s]
The following generation flags are not valid and may be ignored: ['temperature', 'top_p']. Set `TRANSFORMERS_VERBOSITY=info` for more details.
INFO: Paraphraser produced 19/20; filling 1 with synonym fallback
INFO: Paraphraser produced 18/20; filling 2 with synonym fallback
INFO: Paraphraser produced 17/20; filling 3 with synonym fallback
INFO: Paraphraser produced 17/20; filling 3 with synonym fallback
INFO: Paraphraser produced 17/20; filling 3 with synonym fallback
INFO: Paraphraser produced 11/20; filling 9 with synonym fallback
INFO: Paraphraser produced 17/20; filling 3 with synonym fallback
INFO: Paraphraser produced 18/20; filling 2 with synonym fallback
INFO: Paraphraser produced 19/20; filling 1 with synonym fallback
INFO: Paraphraser produced 19/20; filling 1 with synonym fallback
INFO: Paraphraser produced 15/20; filling 5 with synonym fallback
INFO: Paraphraser produced 19/20; filling 1 with synonym fallback
INFO: Paraphraser produced 19/20; filling 1 with synonym fallback
INFO: Paraphraser produced 14/20; filling 6 with synonym fallback
INFO: Paraphraser produced 16/20; filling 4 with synonym fallback
INFO: Paraphraser produced 17/20; filling 3 with synonym fallback
INFO: Paraphraser produced 15/20; filling 5 with synonym fallback
INFO: Paraphraser produced 19/20; filling 1 with synonym fallback
INFO: Paraphraser produced 18/20; filling 2 with synonym fallback
INFO: Paraphraser produced 17/20; filling 3 with synonym fallback
INFO: Paraphraser produced 17/20; filling 3 with synonym fallback
INFO: Paraphraser produced 17/20; filling 3 with synonym fallback
INFO: Paraphraser produced 11/20; filling 9 with synonym fallback
INFO: Paraphraser produced 17/20; filling 3 with synonym fallback
INFO: Paraphraser produced 18/20; filling 2 with synonym fallback
INFO: Paraphraser produced 19/20; filling 1 with synonym fallback
INFO: Paraphraser produced 19/20; filling 1 with synonym fallback
INFO: Paraphraser produced 15/20; filling 5 with synonym fallback
INFO: Paraphraser produced 19/20; filling 1 with synonym fallback
INFO: Paraphraser produced 19/20; filling 1 with synonym fallback
INFO: Paraphraser produced 14/20; filling 6 with synonym fallback
INFO: Paraphraser produced 16/20; filling 4 with synonym fallback
INFO: Paraphraser produced 17/20; filling 3 with synonym fallback
INFO: Paraphraser produced 15/20; filling 5 with synonym fallback
INFO: Paraphraser produced 19/20; filling 1 with synonym fallback
INFO: Paraphraser produced 18/20; filling 2 with synonym fallback
INFO: Paraphraser produced 17/20; filling 3 with synonym fallback
INFO: Paraphraser produced 17/20; filling 3 with synonym fallback
INFO: Paraphraser produced 17/20; filling 3 with synonym fallback
INFO: Paraphraser produced 11/20; filling 9 with synonym fallback
INFO: Paraphraser produced 17/20; filling 3 with synonym fallback
INFO: Paraphraser produced 18/20; filling 2 with synonym fallback
INFO: Paraphraser produced 19/20; filling 1 with synonym fallback
INFO: Paraphraser produced 19/20; filling 1 with synonym fallback
INFO: Paraphraser produced 15/20; filling 5 with synonym fallback
INFO: Paraphraser produced 19/20; filling 1 with synonym fallback
INFO: Paraphraser produced 19/20; filling 1 with synonym fallback
INFO: Paraphraser produced 14/20; filling 6 with synonym fallback
INFO: Paraphraser produced 16/20; filling 4 with synonym fallback
INFO: Paraphraser produced 17/20; filling 3 with synonym fallback
INFO: Paraphraser produced 15/20; filling 5 with synonym fallback
INFO: Paraphraser produced 19/20; filling 1 with synonym fallback
INFO: Paraphraser produced 18/20; filling 2 with synonym fallback
INFO: Paraphraser produced 17/20; filling 3 with synonym fallback
INFO: Paraphraser produced 17/20; filling 3 with synonym fallback
INFO: Paraphraser produced 17/20; filling 3 with synonym fallback
INFO: Paraphraser produced 11/20; filling 9 with synonym fallback
INFO: Paraphraser produced 17/20; filling 3 with synonym fallback
INFO: Paraphraser produced 18/20; filling 2 with synonym fallback
INFO: Paraphraser produced 19/20; filling 1 with synonym fallback
INFO: Paraphraser produced 19/20; filling 1 with synonym fallback
INFO: Paraphraser produced 15/20; filling 5 with synonym fallback
INFO: Paraphraser produced 19/20; filling 1 with synonym fallback
INFO: Paraphraser produced 19/20; filling 1 with synonym fallback
INFO: Paraphraser produced 14/20; filling 6 with synonym fallback
INFO: Paraphraser produced 16/20; filling 4 with synonym fallback
INFO: Paraphraser produced 17/20; filling 3 with synonym fallback
INFO: Paraphraser produced 15/20; filling 5 with synonym fallback
slurmstepd: error: _cgroup_procs_check: failed on path (null)/cgroup.procs: No such file or directory
slurmstepd: error: Cannot write to cgroup.procs for (null)
slurmstepd: error: Unable to move pid 1789718 to init root cgroup (null)
