======================================================================
SENSITIVITY EXPERIMENT: PYTHIA-410M on COLA
Config: phase=phase_6  model=pythia-410m  dataset=cola  samples=500  perturbations=20  method=synonym  sensitivity_on_raw=True  seed=2266  styles=control,metacognition,structure,politeness
======================================================================

Device: cuda
Perturbation method: synonym
Available seeds for multi-run: (105, 2266, 86379)
Loading Pythia-410M...
Model loaded successfully
Loading CoLA dataset...
Loaded 1043 items

======================================================================
STEP 1: OUT-OF-THE-BOX (OOTB) ACCURACY CHECK
======================================================================

Verifying model accuracy using Control prompt...
Random baseline: 50.0%
Valid signal threshold: 60.0%

==================================================
OOTB ACCURACY RESULT: 63.0% (63/100)
Parse rate: 90.0% (90/100)
==================================================
Time: 12.0s

PASS: Accuracy exceeds threshold. Proceeding with experiments.

======================================================================
STEP 2: SENSITIVITY EXPERIMENTS
======================================================================

[CONTROL] Running experiment...
  Completed in 440.9s
  Average Variation Ratio: 0.5315
  Accuracy: 60.8% (304/500)

[METACOGNITION] Running experiment...
  Completed in 8540.8s
  Average Variation Ratio: 0.7330
  Accuracy: 25.8% (129/500)

[STRUCTURE] Running experiment...
  Completed in 6152.2s
  Average Variation Ratio: 0.3442
  Accuracy: 63.0% (315/500)

[POLITENESS] Running experiment...
  Completed in 444.8s
  Average Variation Ratio: 0.4643
  Accuracy: 57.2% (286/500)

======================================================================
RESULTS SUMMARY
======================================================================

OOTB Accuracy (Control prompt, N=100): 63.0%

Prompt Style    | VR       | Accuracy     | Interpretation
----------------------------------------------------------------------
control         | 0.5315   |  60.8%       | Unstable
metacognition   | 0.7330   |  25.8%       | Unstable
structure       | 0.3442   |  63.0%       | Moderate
politeness      | 0.4643   |  57.2%       | Unstable

----------------------------------------------------------------------
Most Stable (lowest VR): structure (VR=0.3442)
Least Stable (highest VR): metacognition (VR=0.7330)
Highest Accuracy: structure (63.0%)
Lowest Accuracy: metacognition (25.8%)

Results saved to ./outputs/results/phase_6/pythia-410m/cola/synonym/w5_n20_s2266_234859.json
Detailed responses saved to ./outputs/results/phase_6/pythia-410m/cola/synonym/w5_n20_s2266_detail.csv

======================================================================
EXPERIMENT COMPLETE
======================================================================
