======================================================================
SENSITIVITY EXPERIMENT: PYTHIA-410M on QASC
Config: phase=phase_6  model=pythia-410m  dataset=qasc  samples=500  perturbations=20  method=synonym  sensitivity_on_raw=True  seed=2266  styles=control,metacognition,structure,politeness
======================================================================

Device: cuda
Perturbation method: synonym
Available seeds for multi-run: (105, 2266, 86379)
Loading Pythia-410M...
Model loaded successfully
Loading QASC dataset...
Loaded 926 items

======================================================================
STEP 1: OUT-OF-THE-BOX (OOTB) ACCURACY CHECK
======================================================================

Verifying model accuracy using Control prompt...
Random baseline: 12.5%
Valid signal threshold: 40.0%

==================================================
OOTB ACCURACY RESULT: 13.0% (13/100)
Parse rate: 100.0% (100/100)
==================================================
Time: 11.4s

FAIL: Accuracy (13.0%) is below valid-signal threshold (40.0%)!
   Sensitivity results would not be meaningful. Skipping Phase 2.
