======================================================================
SENSITIVITY EXPERIMENT: PYTHIA-410M on COLA
Config: phase=phase_6  model=pythia-410m  dataset=cola  samples=500  perturbations=20  method=synonym  sensitivity_on_raw=True  seed=105  styles=control,metacognition,structure,politeness
======================================================================

Device: cuda
Perturbation method: synonym
Available seeds for multi-run: (105, 2266, 86379)
Loading Pythia-410M...
Model loaded successfully
Loading CoLA dataset...
Loaded 1043 items

======================================================================
STEP 1: OUT-OF-THE-BOX (OOTB) ACCURACY CHECK
======================================================================

Verifying model accuracy using Control prompt...
Random baseline: 50.0%
Valid signal threshold: 60.0%

==================================================
OOTB ACCURACY RESULT: 65.0% (65/100)
Parse rate: 88.0% (88/100)
==================================================
Time: 5.9s

PASS: Accuracy exceeds threshold. Proceeding with experiments.

======================================================================
STEP 2: SENSITIVITY EXPERIMENTS
======================================================================

[CONTROL] Running experiment...
  Completed in 221.9s
  Average Variation Ratio: 0.5269
  Accuracy: 58.8% (294/500)

[METACOGNITION] Running experiment...
  Completed in 4153.1s
  Average Variation Ratio: 0.7821
  Accuracy: 26.8% (134/500)

[STRUCTURE] Running experiment...
  Completed in 3089.6s
  Average Variation Ratio: 0.3576
  Accuracy: 62.2% (311/500)

[POLITENESS] Running experiment...
  Completed in 227.8s
  Average Variation Ratio: 0.4912
  Accuracy: 57.8% (289/500)

======================================================================
RESULTS SUMMARY
======================================================================

OOTB Accuracy (Control prompt, N=100): 65.0%

Prompt Style    | VR       | Accuracy     | Interpretation
----------------------------------------------------------------------
control         | 0.5269   |  58.8%       | Unstable
metacognition   | 0.7821   |  26.8%       | Unstable
structure       | 0.3576   |  62.2%       | Moderate
politeness      | 0.4912   |  57.8%       | Unstable

----------------------------------------------------------------------
Most Stable (lowest VR): structure (VR=0.3576)
Least Stable (highest VR): metacognition (VR=0.7821)
Highest Accuracy: structure (62.2%)
Lowest Accuracy: metacognition (26.8%)

Results saved to ./outputs/results/phase_6/pythia-410m/cola/synonym/w1_n20_s105_190732.json
Detailed responses saved to ./outputs/results/phase_6/pythia-410m/cola/synonym/w1_n20_s105_detail.csv

======================================================================
EXPERIMENT COMPLETE
======================================================================
