======================================================================
SENSITIVITY EXPERIMENT: PYTHIA-410M on COLA
Config: phase=phase_6  model=pythia-410m  dataset=cola  samples=500  perturbations=20  method=paraphrase  sensitivity_on_raw=True  seed=2266  styles=control,metacognition,structure,politeness
======================================================================

Device: cuda
Perturbation method: paraphrase
Available seeds for multi-run: (105, 2266, 86379)
Loading paraphrase model (flan-t5-small)...
Paraphraser ready.
Loading Pythia-410M...
Model loaded successfully
Loading CoLA dataset...
Loaded 1043 items

======================================================================
STEP 1: OUT-OF-THE-BOX (OOTB) ACCURACY CHECK
======================================================================

Verifying model accuracy using Control prompt...
Random baseline: 50.0%
Valid signal threshold: 60.0%

==================================================
OOTB ACCURACY RESULT: 63.0% (63/100)
Parse rate: 90.0% (90/100)
==================================================
Time: 12.0s

PASS: Accuracy exceeds threshold. Proceeding with experiments.

======================================================================
STEP 2: SENSITIVITY EXPERIMENTS
======================================================================

[CONTROL] Running experiment...
  Completed in 13958.3s
  Average Variation Ratio: 0.6746
  Accuracy: 60.4% (302/500)

[METACOGNITION] Running experiment...
  Completed in 21717.7s
  Average Variation Ratio: 0.9105
  Accuracy: 27.8% (139/500)

[STRUCTURE] Running experiment...
  Completed in 19465.9s
  Average Variation Ratio: 0.4070
  Accuracy: 63.0% (315/500)

[POLITENESS] Running experiment...
  Completed in 13430.9s
  Average Variation Ratio: 0.6589
  Accuracy: 59.0% (295/500)

======================================================================
RESULTS SUMMARY
======================================================================

OOTB Accuracy (Control prompt, N=100): 63.0%

Prompt Style    | VR       | Accuracy     | Interpretation
----------------------------------------------------------------------
control         | 0.6746   |  60.4%       | Unstable
metacognition   | 0.9105   |  27.8%       | Unstable
structure       | 0.4070   |  63.0%       | Unstable
politeness      | 0.6589   |  59.0%       | Unstable

----------------------------------------------------------------------
Most Stable (lowest VR): structure (VR=0.4070)
Least Stable (highest VR): metacognition (VR=0.9105)
Highest Accuracy: structure (63.0%)
Lowest Accuracy: metacognition (27.8%)

Results saved to ./outputs/results/phase_6/pythia-410m/cola/paraphrase/n20_s2266_133211.json
Detailed responses saved to ./outputs/results/phase_6/pythia-410m/cola/paraphrase/n20_s2266_detail.csv

======================================================================
EXPERIMENT COMPLETE
======================================================================
