======================================================================
SENSITIVITY EXPERIMENT: PYTHIA-410M on CSQA
Config: phase=phase_6  model=pythia-410m  dataset=csqa  samples=500  perturbations=20  method=paraphrase  sensitivity_on_raw=True  seed=2266  styles=control,metacognition,structure,politeness
======================================================================

Device: cuda
Perturbation method: paraphrase
Available seeds for multi-run: (105, 2266, 86379)
Loading paraphrase model (flan-t5-small)...
Paraphraser ready.
Loading Pythia-410M...
Model loaded successfully
Loading CommonsenseQA dataset...
Loaded 1221 items

======================================================================
STEP 1: OUT-OF-THE-BOX (OOTB) ACCURACY CHECK
======================================================================

Verifying model accuracy using Control prompt...
Random baseline: 20.0%
Valid signal threshold: 40.0%

==================================================
OOTB ACCURACY RESULT: 22.0% (22/100)
Parse rate: 100.0% (100/100)
==================================================
Time: 23.3s

FAIL: Accuracy (22.0%) is below valid-signal threshold (40.0%)!
   Sensitivity results would not be meaningful. Skipping Phase 2.
