======================================================================
SENSITIVITY EXPERIMENT: PYTHIA-410M on CSQA
Config: phase=phase_6  model=pythia-410m  dataset=csqa  samples=500  perturbations=20  method=synonym  sensitivity_on_raw=True  seed=86379  styles=control,metacognition,structure,politeness
======================================================================

Device: cuda
Perturbation method: synonym
Available seeds for multi-run: (105, 2266, 86379)
Loading Pythia-410M...
Model loaded successfully
Loading CommonsenseQA dataset...
Loaded 1221 items

======================================================================
STEP 1: OUT-OF-THE-BOX (OOTB) ACCURACY CHECK
======================================================================

Verifying model accuracy using Control prompt...
Random baseline: 20.0%
Valid signal threshold: 40.0%

==================================================
OOTB ACCURACY RESULT: 19.0% (19/100)
Parse rate: 99.0% (99/100)
==================================================
Time: 23.3s

FAIL: Accuracy (19.0%) is BELOW random baseline (20.0%)!
   Model cannot perform this task. Skipping sensitivity experiments.
   (Saves significant Slurm compute time.)
