======================================================================
SENSITIVITY EXPERIMENT: PYTHIA-410M on COLA
Config: phase=phase_6  model=pythia-410m  dataset=cola  samples=500  perturbations=20  method=paraphrase  sensitivity_on_raw=True  seed=105  styles=control,metacognition,structure,politeness
======================================================================

Device: cuda
Perturbation method: paraphrase
Available seeds for multi-run: (105, 2266, 86379)
Loading paraphrase model (flan-t5-small)...
Paraphraser ready.
Loading Pythia-410M...
Model loaded successfully
Loading CoLA dataset...
Loaded 1043 items

======================================================================
STEP 1: OUT-OF-THE-BOX (OOTB) ACCURACY CHECK
======================================================================

Verifying model accuracy using Control prompt...
Random baseline: 50.0%
Valid signal threshold: 60.0%

==================================================
OOTB ACCURACY RESULT: 65.0% (65/100)
Parse rate: 88.0% (88/100)
==================================================
Time: 6.3s

PASS: Accuracy exceeds threshold. Proceeding with experiments.

======================================================================
STEP 2: SENSITIVITY EXPERIMENTS
======================================================================

[CONTROL] Running experiment...
  Completed in 5231.7s
  Average Variation Ratio: 0.6818
  Accuracy: 59.2% (296/500)

[METACOGNITION] Running experiment...
  Completed in 9344.1s
  Average Variation Ratio: 0.9062
  Accuracy: 28.8% (144/500)

[STRUCTURE] Running experiment...
  Completed in 8174.3s
  Average Variation Ratio: 0.4217
  Accuracy: 63.0% (315/500)

[POLITENESS] Running experiment...
  Completed in 5264.1s
  Average Variation Ratio: 0.6586
  Accuracy: 58.2% (291/500)

======================================================================
RESULTS SUMMARY
======================================================================

OOTB Accuracy (Control prompt, N=100): 65.0%

Prompt Style    | VR       | Accuracy     | Interpretation
----------------------------------------------------------------------
control         | 0.6818   |  59.2%       | Unstable
metacognition   | 0.9062   |  28.8%       | Unstable
structure       | 0.4217   |  63.0%       | Unstable
politeness      | 0.6586   |  58.2%       | Unstable

----------------------------------------------------------------------
Most Stable (lowest VR): structure (VR=0.4217)
Least Stable (highest VR): metacognition (VR=0.9062)
Highest Accuracy: structure (63.0%)
Lowest Accuracy: metacognition (28.8%)

Results saved to ./outputs/results/phase_6/pythia-410m/cola/paraphrase/n20_s105_004614.json
Detailed responses saved to ./outputs/results/phase_6/pythia-410m/cola/paraphrase/n20_s105_detail.csv

======================================================================
EXPERIMENT COMPLETE
======================================================================
