======================================================================
SENSITIVITY EXPERIMENT: PYTHIA-410M on COLA
Config: phase=phase_6  model=pythia-410m  dataset=cola  samples=500  perturbations=20  method=paraphrase  sensitivity_on_raw=True  seed=86379  styles=control,metacognition,structure,politeness
======================================================================

Device: cuda
Perturbation method: paraphrase
Available seeds for multi-run: (105, 2266, 86379)
Loading paraphrase model (flan-t5-small)...
Paraphraser ready.
Loading Pythia-410M...
Model loaded successfully
Loading CoLA dataset...
Loaded 1043 items

======================================================================
STEP 1: OUT-OF-THE-BOX (OOTB) ACCURACY CHECK
======================================================================

Verifying model accuracy using Control prompt...
Random baseline: 50.0%
Valid signal threshold: 60.0%

==================================================
OOTB ACCURACY RESULT: 57.0% (57/100)
Parse rate: 89.0% (89/100)
==================================================
Time: 12.0s

FAIL: Accuracy (57.0%) is below valid-signal threshold (60.0%)!
   Sensitivity results would not be meaningful. Skipping Phase 2.
