======================================================================
SENSITIVITY EXPERIMENT: PYTHIA-410M on COLA
Config: phase=phase_6  model=pythia-410m  dataset=cola  samples=500  perturbations=20  method=synonym  sensitivity_on_raw=True  seed=2266  styles=control,metacognition,structure,politeness
======================================================================

Device: cuda
Perturbation method: synonym
Available seeds for multi-run: (105, 2266, 86379)
Loading Pythia-410M...
Model loaded successfully
Loading CoLA dataset...
Loaded 1043 items

======================================================================
STEP 1: OUT-OF-THE-BOX (OOTB) ACCURACY CHECK
======================================================================

Verifying model accuracy using Control prompt...
Random baseline: 50.0%
Valid signal threshold: 60.0%

==================================================
OOTB ACCURACY RESULT: 63.0% (63/100)
Parse rate: 90.0% (90/100)
==================================================
Time: 12.1s

PASS: Accuracy exceeds threshold. Proceeding with experiments.

======================================================================
STEP 2: SENSITIVITY EXPERIMENTS
======================================================================

[CONTROL] Running experiment...
  Completed in 450.3s
  Average Variation Ratio: 0.5254
  Accuracy: 60.8% (304/500)

[METACOGNITION] Running experiment...
  Completed in 8744.3s
  Average Variation Ratio: 0.7909
  Accuracy: 25.4% (127/500)

[STRUCTURE] Running experiment...
  Completed in 6353.4s
  Average Variation Ratio: 0.3386
  Accuracy: 62.0% (310/500)

[POLITENESS] Running experiment...
  Completed in 449.1s
  Average Variation Ratio: 0.4891
  Accuracy: 58.0% (290/500)

======================================================================
RESULTS SUMMARY
======================================================================

OOTB Accuracy (Control prompt, N=100): 63.0%

Prompt Style    | VR       | Accuracy     | Interpretation
----------------------------------------------------------------------
control         | 0.5254   |  60.8%       | Unstable
metacognition   | 0.7909   |  25.4%       | Unstable
structure       | 0.3386   |  62.0%       | Moderate
politeness      | 0.4891   |  58.0%       | Unstable

----------------------------------------------------------------------
Most Stable (lowest VR): structure (VR=0.3386)
Least Stable (highest VR): metacognition (VR=0.7909)
Highest Accuracy: structure (62.0%)
Lowest Accuracy: metacognition (25.4%)

Results saved to ./outputs/results/phase_6/pythia-410m/cola/synonym/w1_n20_s2266_230052.json
Detailed responses saved to ./outputs/results/phase_6/pythia-410m/cola/synonym/w1_n20_s2266_detail.csv

======================================================================
EXPERIMENT COMPLETE
======================================================================
