======================================================================
SENSITIVITY EXPERIMENT: FLAN-T5-BASE on QASC
Config: model=flan-t5-base  dataset=qasc  samples=500  perturbations=20  method=synonym  seed=105  styles=control,metacognition,structure,politeness
======================================================================

Device: cuda
Perturbation method: synonym
Available seeds for multi-run: (105, 2266, 86379)
Loading Flan-T5-Base...
Model loaded successfully
Loading QASC dataset...
Loaded 926 items

======================================================================
STEP 1: OUT-OF-THE-BOX (OOTB) ACCURACY CHECK
======================================================================

Verifying model accuracy using Control prompt...
Random baseline: 12.5%
Valid signal threshold: 40.0%

==================================================
OOTB ACCURACY RESULT: 42.0% (42/100)
==================================================
Time: 1.7s

PASS: Accuracy exceeds threshold. Proceeding with experiments.

======================================================================
STEP 2: SENSITIVITY EXPERIMENTS
======================================================================

[CONTROL] Running experiment...
  Completed in 57.9s
  Average Variation Ratio: 0.1494
  Accuracy: 45.4% (227/500)

[METACOGNITION] Running experiment...
  Completed in 300.1s
  Average Variation Ratio: 0.1676
  Accuracy: 42.4% (212/500)

[STRUCTURE] Running experiment...
  Completed in 91.5s
  Average Variation Ratio: 0.1471
  Accuracy: 40.6% (203/500)

[POLITENESS] Running experiment...
  Completed in 60.9s
  Average Variation Ratio: 0.1550
  Accuracy: 46.8% (234/500)

======================================================================
RESULTS SUMMARY
======================================================================

OOTB Accuracy (Control prompt, N=100): 42.0%

Prompt Style    | VR       | Accuracy     | Interpretation
----------------------------------------------------------------------
control         | 0.1494   |  45.4%       | Stable
metacognition   | 0.1676   |  42.4%       | Stable
structure       | 0.1471   |  40.6%       | Stable
politeness      | 0.1550   |  46.8%       | Stable

----------------------------------------------------------------------
Most Stable (lowest VR): structure (VR=0.1471)
Least Stable (highest VR): metacognition (VR=0.1676)
Highest Accuracy: politeness (46.8%)
Lowest Accuracy: structure (40.6%)

Results saved to ./outputs/results/flan-t5-base/qasc/synonym/w1_n20_s105.json
Detailed responses saved to ./outputs/results/flan-t5-base/qasc/synonym/w1_n20_s105_detail.csv

======================================================================
EXPERIMENT COMPLETE
======================================================================
