======================================================================
SENSITIVITY EXPERIMENT: FLAN-T5-BASE on QASC
Config: model=flan-t5-base  dataset=qasc  samples=500  perturbations=20  method=synonym  seed=105  styles=control,metacognition,structure,politeness
======================================================================

Device: cuda
Perturbation method: synonym
Available seeds for multi-run: (105, 2266, 86379)
Loading Flan-T5-Base...
Model loaded successfully
Loading QASC dataset...
Loaded 926 items

======================================================================
STEP 1: OUT-OF-THE-BOX (OOTB) ACCURACY CHECK
======================================================================

Verifying model accuracy using Control prompt...
Random baseline: 12.5%
Valid signal threshold: 40.0%

==================================================
OOTB ACCURACY RESULT: 42.0% (42/100)
==================================================
Time: 1.6s

PASS: Accuracy exceeds threshold. Proceeding with experiments.

======================================================================
STEP 2: SENSITIVITY EXPERIMENTS
======================================================================

[CONTROL] Running experiment...
  Completed in 56.0s
  Average Variation Ratio: 0.2765
  Accuracy: 45.4% (227/500)

[METACOGNITION] Running experiment...
  Completed in 292.7s
  Average Variation Ratio: 0.2909
  Accuracy: 42.4% (212/500)

[STRUCTURE] Running experiment...
  Completed in 85.9s
  Average Variation Ratio: 0.2563
  Accuracy: 40.6% (203/500)

[POLITENESS] Running experiment...
  Completed in 59.0s
  Average Variation Ratio: 0.2886
  Accuracy: 46.8% (234/500)

======================================================================
RESULTS SUMMARY
======================================================================

OOTB Accuracy (Control prompt, N=100): 42.0%

Prompt Style    | VR       | Accuracy     | Interpretation
----------------------------------------------------------------------
control         | 0.2765   |  45.4%       | Moderate
metacognition   | 0.2909   |  42.4%       | Moderate
structure       | 0.2563   |  40.6%       | Moderate
politeness      | 0.2886   |  46.8%       | Moderate

----------------------------------------------------------------------
Most Stable (lowest VR): structure (VR=0.2563)
Least Stable (highest VR): metacognition (VR=0.2909)
Highest Accuracy: politeness (46.8%)
Lowest Accuracy: structure (40.6%)

Results saved to ./outputs/results/flan-t5-base/qasc/synonym/w5_n20_s105.json
Detailed responses saved to ./outputs/results/flan-t5-base/qasc/synonym/w5_n20_s105_detail.csv

======================================================================
EXPERIMENT COMPLETE
======================================================================
