======================================================================
SENSITIVITY EXPERIMENT: PYTHIA-410M on COLA
Config: model=pythia-410m  dataset=cola  samples=500  perturbations=20  method=paraphrase  seed=86379  styles=control,metacognition,structure,politeness
======================================================================

Device: cuda
Perturbation method: paraphrase
Available seeds for multi-run: (105, 2266, 86379)
Loading paraphrase model (flan-t5-small)...
Paraphraser ready.
Loading Pythia-410M...
Model loaded successfully
Loading CoLA dataset...
Loaded 1043 items

======================================================================
STEP 1: OUT-OF-THE-BOX (OOTB) ACCURACY CHECK
======================================================================

Verifying model accuracy using Control prompt...
Random baseline: 50.0%
Valid signal threshold: 60.0%

==================================================
OOTB ACCURACY RESULT: 62.0% (57/92)
==================================================
Time: 3.6s

PASS: Accuracy exceeds threshold. Proceeding with experiments.

======================================================================
STEP 2: SENSITIVITY EXPERIMENTS
======================================================================

[CONTROL] Running experiment...
  Completed in 3278.0s
  Average Variation Ratio: 0.0193
  Accuracy: 63.6% (318/500)

[METACOGNITION] Running experiment...
  Completed in 3394.9s
  Average Variation Ratio: 0.0931
  Accuracy: 6.4% (32/500)

[STRUCTURE] Running experiment...
  Completed in 5167.0s
  Average Variation Ratio: 0.0000
  Accuracy: 64.2% (321/500)

[POLITENESS] Running experiment...
  Completed in 3386.9s
  Average Variation Ratio: 0.0171
  Accuracy: 61.0% (305/500)

======================================================================
RESULTS SUMMARY
======================================================================

OOTB Accuracy (Control prompt, N=92): 62.0%

Prompt Style    | VR       | Accuracy     | Interpretation
----------------------------------------------------------------------
control         | 0.0193   |  63.6%       | Stable
metacognition   | 0.0931   |   6.4%       | Stable
structure       | 0.0000   |  64.2%       | Stable
politeness      | 0.0171   |  61.0%       | Stable

----------------------------------------------------------------------
Most Stable (lowest VR): structure (VR=0.0000)
Least Stable (highest VR): metacognition (VR=0.0931)
Highest Accuracy: structure (64.2%)
Lowest Accuracy: metacognition (6.4%)

Results saved to ./outputs/results/pythia-410m/cola/paraphrase/n20_s86379.json

======================================================================
EXPERIMENT COMPLETE
======================================================================
