======================================================================
SENSITIVITY EXPERIMENT: PYTHIA-410M on COLA
Config: model=pythia-410m  dataset=cola  samples=500  perturbations=20  method=paraphrase  seed=105  styles=control,metacognition,structure,politeness
======================================================================

Device: cuda
Perturbation method: paraphrase
Available seeds for multi-run: (105, 2266, 86379)
Loading paraphrase model (flan-t5-small)...
Paraphraser ready.
Loading Pythia-410M...
Model loaded successfully
Loading CoLA dataset...
Loaded 1043 items

======================================================================
STEP 1: OUT-OF-THE-BOX (OOTB) ACCURACY CHECK
======================================================================

Verifying model accuracy using Control prompt...
Random baseline: 50.0%
Valid signal threshold: 60.0%

==================================================
OOTB ACCURACY RESULT: 72.2% (65/90)
==================================================
Time: 6.8s

PASS: Accuracy exceeds threshold. Proceeding with experiments.

======================================================================
STEP 2: SENSITIVITY EXPERIMENTS
======================================================================

[CONTROL] Running experiment...
  Completed in 3284.8s
  Average Variation Ratio: 0.0213
  Accuracy: 59.0% (295/500)

[METACOGNITION] Running experiment...
  Completed in 3392.3s
  Average Variation Ratio: 0.1135
  Accuracy: 7.2% (36/500)

[STRUCTURE] Running experiment...
  Completed in 5078.4s
  Average Variation Ratio: 0.0000
  Accuracy: 60.6% (303/500)

[POLITENESS] Running experiment...
  Completed in 3369.9s
  Average Variation Ratio: 0.0183
  Accuracy: 57.6% (288/500)

======================================================================
RESULTS SUMMARY
======================================================================

OOTB Accuracy (Control prompt, N=90): 72.2%

Prompt Style    | VR       | Accuracy     | Interpretation
----------------------------------------------------------------------
control         | 0.0213   |  59.0%       | Stable
metacognition   | 0.1135   |   7.2%       | Stable
structure       | 0.0000   |  60.6%       | Stable
politeness      | 0.0183   |  57.6%       | Stable

----------------------------------------------------------------------
Most Stable (lowest VR): structure (VR=0.0000)
Least Stable (highest VR): metacognition (VR=0.1135)
Highest Accuracy: structure (60.6%)
Lowest Accuracy: metacognition (7.2%)

Results saved to ./outputs/results/pythia-410m/cola/paraphrase/n20_s105.json

======================================================================
EXPERIMENT COMPLETE
======================================================================
