======================================================================
SENSITIVITY EXPERIMENT: PYTHIA-410M on COLA
Config: model=pythia-410m  dataset=cola  samples=500  perturbations=20  method=synonym  seed=2266  styles=control,metacognition,structure,politeness
======================================================================

Device: cuda
Perturbation method: synonym
Available seeds for multi-run: (105, 2266, 86379)
Loading Pythia-410M...
Model loaded successfully
Loading CoLA dataset...
Loaded 1043 items

======================================================================
STEP 1: OUT-OF-THE-BOX (OOTB) ACCURACY CHECK
======================================================================

Verifying model accuracy using Control prompt...
Random baseline: 50.0%
Valid signal threshold: 60.0%

==================================================
OOTB ACCURACY RESULT: 69.2% (63/91)
==================================================
Time: 4.5s

PASS: Accuracy exceeds threshold. Proceeding with experiments.

======================================================================
STEP 2: SENSITIVITY EXPERIMENTS
======================================================================

[CONTROL] Running experiment...
  Completed in 151.1s
  Average Variation Ratio: 0.0147
  Accuracy: 61.0% (305/500)

[METACOGNITION] Running experiment...
  Completed in 151.3s
  Average Variation Ratio: 0.0308
  Accuracy: 8.6% (43/500)

[STRUCTURE] Running experiment...
  Completed in 719.5s
  Average Variation Ratio: 0.0000
  Accuracy: 60.4% (302/500)

[POLITENESS] Running experiment...
  Completed in 148.7s
  Average Variation Ratio: 0.0106
  Accuracy: 57.0% (285/500)

======================================================================
RESULTS SUMMARY
======================================================================

OOTB Accuracy (Control prompt, N=91): 69.2%

Prompt Style    | VR       | Accuracy     | Interpretation
----------------------------------------------------------------------
control         | 0.0147   |  61.0%       | Stable
metacognition   | 0.0308   |   8.6%       | Stable
structure       | 0.0000   |  60.4%       | Stable
politeness      | 0.0106   |  57.0%       | Stable

----------------------------------------------------------------------
Most Stable (lowest VR): structure (VR=0.0000)
Least Stable (highest VR): metacognition (VR=0.0308)
Highest Accuracy: control (61.0%)
Lowest Accuracy: metacognition (8.6%)

Results saved to ./outputs/results/pythia-410m/cola/synonym/w5_n20_s2266.json

======================================================================
EXPERIMENT COMPLETE
======================================================================
