======================================================================
SENSITIVITY EXPERIMENT: PYTHIA-410M on COLA
Config: model=pythia-410m  dataset=cola  samples=500  perturbations=20  method=synonym  seed=86379  styles=control,metacognition,structure,politeness
======================================================================

Device: cuda
Perturbation method: synonym
Available seeds for multi-run: (105, 2266, 86379)
Loading Pythia-410M...
Model loaded successfully
Loading CoLA dataset...
Loaded 1043 items

======================================================================
STEP 1: OUT-OF-THE-BOX (OOTB) ACCURACY CHECK
======================================================================

Verifying model accuracy using Control prompt...
Random baseline: 50.0%
Valid signal threshold: 60.0%

==================================================
OOTB ACCURACY RESULT: 62.0% (57/92)
==================================================
Time: 4.5s

PASS: Accuracy exceeds threshold. Proceeding with experiments.

======================================================================
STEP 2: SENSITIVITY EXPERIMENTS
======================================================================

[CONTROL] Running experiment...
  Completed in 158.3s
  Average Variation Ratio: 0.0194
  Accuracy: 63.6% (318/500)

[METACOGNITION] Running experiment...
  Completed in 160.1s
  Average Variation Ratio: 0.0317
  Accuracy: 7.0% (35/500)

[STRUCTURE] Running experiment...
  Completed in 745.8s
  Average Variation Ratio: 0.0000
  Accuracy: 62.8% (314/500)

[POLITENESS] Running experiment...
  Completed in 153.1s
  Average Variation Ratio: 0.0138
  Accuracy: 59.2% (296/500)

======================================================================
RESULTS SUMMARY
======================================================================

OOTB Accuracy (Control prompt, N=92): 62.0%

Prompt Style    | VR       | Accuracy     | Interpretation
----------------------------------------------------------------------
control         | 0.0194   |  63.6%       | Stable
metacognition   | 0.0317   |   7.0%       | Stable
structure       | 0.0000   |  62.8%       | Stable
politeness      | 0.0138   |  59.2%       | Stable

----------------------------------------------------------------------
Most Stable (lowest VR): structure (VR=0.0000)
Least Stable (highest VR): metacognition (VR=0.0317)
Highest Accuracy: control (63.6%)
Lowest Accuracy: metacognition (7.0%)

Results saved to ./outputs/results/pythia-410m/cola/synonym/w5_n20_s86379.json

======================================================================
EXPERIMENT COMPLETE
======================================================================
