Loading weights:   0%|          | 0/190 [00:00<?, ?it/s]Loading weights:  41%|████      | 77/190 [00:00<00:00, 592.10it/s]Loading weights: 100%|██████████| 190/190 [00:00<00:00, 1264.80it/s]
The tied weights mapping and config for this model specifies to tie shared.weight to lm_head.weight, but both are present in the checkpoints, so we will NOT tie them. You should update the config with `tie_word_embeddings=False` to silence this warning
`torch_dtype` is deprecated! Use `dtype` instead!
Loading weights:   0%|          | 0/146 [00:00<?, ?it/s]Loading weights:  15%|█▌        | 22/146 [00:00<00:00, 180.06it/s]Loading weights:  33%|███▎      | 48/146 [00:00<00:00, 213.42it/s]Loading weights:  49%|████▊     | 71/146 [00:00<00:00, 216.24it/s]Loading weights:  64%|██████▎   | 93/146 [00:00<00:00, 208.11it/s]Loading weights:  78%|███████▊  | 114/146 [00:00<00:00, 199.83it/s]Loading weights:  92%|█████████▏| 135/146 [00:00<00:00, 193.32it/s]Loading weights: 100%|██████████| 146/146 [00:00<00:00, 210.32it/s]
The following generation flags are not valid and may be ignored: ['temperature', 'top_p']. Set `TRANSFORMERS_VERBOSITY=info` for more details.
INFO: Paraphraser produced 19/20; filling 1 with synonym fallback
INFO: Paraphraser produced 18/20; filling 2 with synonym fallback
INFO: Paraphraser produced 17/20; filling 3 with synonym fallback
INFO: Paraphraser produced 8/20; filling 12 with synonym fallback
INFO: Paraphraser produced 19/20; filling 1 with synonym fallback
INFO: Paraphraser produced 16/20; filling 4 with synonym fallback
INFO: Paraphraser produced 16/20; filling 4 with synonym fallback
INFO: Paraphraser produced 19/20; filling 1 with synonym fallback
INFO: Paraphraser produced 14/20; filling 6 with synonym fallback
INFO: Paraphraser produced 19/20; filling 1 with synonym fallback
INFO: Paraphraser produced 15/20; filling 5 with synonym fallback
INFO: Paraphraser produced 19/20; filling 1 with synonym fallback
INFO: Paraphraser produced 19/20; filling 1 with synonym fallback
INFO: Paraphraser produced 16/20; filling 4 with synonym fallback
INFO: Paraphraser produced 19/20; filling 1 with synonym fallback
INFO: Paraphraser produced 18/20; filling 2 with synonym fallback
INFO: Paraphraser produced 17/20; filling 3 with synonym fallback
INFO: Paraphraser produced 8/20; filling 12 with synonym fallback
INFO: Paraphraser produced 19/20; filling 1 with synonym fallback
INFO: Paraphraser produced 16/20; filling 4 with synonym fallback
INFO: Paraphraser produced 16/20; filling 4 with synonym fallback
INFO: Paraphraser produced 19/20; filling 1 with synonym fallback
INFO: Paraphraser produced 14/20; filling 6 with synonym fallback
INFO: Paraphraser produced 19/20; filling 1 with synonym fallback
INFO: Paraphraser produced 15/20; filling 5 with synonym fallback
INFO: Paraphraser produced 19/20; filling 1 with synonym fallback
INFO: Paraphraser produced 19/20; filling 1 with synonym fallback
INFO: Paraphraser produced 16/20; filling 4 with synonym fallback
INFO: Paraphraser produced 19/20; filling 1 with synonym fallback
INFO: Paraphraser produced 18/20; filling 2 with synonym fallback
INFO: Paraphraser produced 17/20; filling 3 with synonym fallback
INFO: Paraphraser produced 8/20; filling 12 with synonym fallback
INFO: Paraphraser produced 19/20; filling 1 with synonym fallback
INFO: Paraphraser produced 16/20; filling 4 with synonym fallback
INFO: Paraphraser produced 16/20; filling 4 with synonym fallback
INFO: Paraphraser produced 19/20; filling 1 with synonym fallback
INFO: Paraphraser produced 14/20; filling 6 with synonym fallback
INFO: Paraphraser produced 19/20; filling 1 with synonym fallback
INFO: Paraphraser produced 15/20; filling 5 with synonym fallback
INFO: Paraphraser produced 19/20; filling 1 with synonym fallback
INFO: Paraphraser produced 19/20; filling 1 with synonym fallback
INFO: Paraphraser produced 16/20; filling 4 with synonym fallback
INFO: Paraphraser produced 19/20; filling 1 with synonym fallback
INFO: Paraphraser produced 18/20; filling 2 with synonym fallback
INFO: Paraphraser produced 17/20; filling 3 with synonym fallback
INFO: Paraphraser produced 8/20; filling 12 with synonym fallback
INFO: Paraphraser produced 19/20; filling 1 with synonym fallback
INFO: Paraphraser produced 16/20; filling 4 with synonym fallback
INFO: Paraphraser produced 16/20; filling 4 with synonym fallback
INFO: Paraphraser produced 19/20; filling 1 with synonym fallback
INFO: Paraphraser produced 14/20; filling 6 with synonym fallback
INFO: Paraphraser produced 19/20; filling 1 with synonym fallback
INFO: Paraphraser produced 15/20; filling 5 with synonym fallback
INFO: Paraphraser produced 19/20; filling 1 with synonym fallback
INFO: Paraphraser produced 19/20; filling 1 with synonym fallback
INFO: Paraphraser produced 16/20; filling 4 with synonym fallback
