======================================================================
SENSITIVITY EXPERIMENT: FLAN-T5-BASE on QASC
Config: model=flan-t5-base  dataset=qasc  samples=500  perturbations=20  method=synonym  seed=2266  styles=control,metacognition,structure,politeness
======================================================================

Device: cuda
Perturbation method: synonym
Loading Flan-T5-Base...
Model loaded successfully
Loading QASC dataset...
Loaded 926 items

======================================================================
STEP 1: OUT-OF-THE-BOX (OOTB) ACCURACY CHECK
======================================================================

Verifying model accuracy using Control prompt...
Random baseline: 12.5%
Valid signal threshold: 40.0%

==================================================
OOTB ACCURACY RESULT: 99.0% (99/100)
==================================================
Time: 1.6s

PASS: Accuracy exceeds threshold. Proceeding with experiments.

======================================================================
STEP 2: SENSITIVITY EXPERIMENTS
======================================================================

[CONTROL] Running experiment...
  Completed in 52.9s
  Average Variation Ratio: 0.0547
  Accuracy: 98.6% (493/500)

[METACOGNITION] Running experiment...
  Completed in 129.5s
  Average Variation Ratio: 0.0624
  Accuracy: 95.8% (479/500)

[STRUCTURE] Running experiment...
  Completed in 65.3s
  Average Variation Ratio: 0.0527
  Accuracy: 97.4% (487/500)

[POLITENESS] Running experiment...
  Completed in 56.0s
  Average Variation Ratio: 0.0530
  Accuracy: 98.4% (492/500)

======================================================================
RESULTS SUMMARY
======================================================================

OOTB Accuracy (Control prompt, N=100): 99.0%

Prompt Style    | VR       | Accuracy     | Interpretation
----------------------------------------------------------------------
control         | 0.0547   |  98.6%       | Stable
metacognition   | 0.0624   |  95.8%       | Stable
structure       | 0.0527   |  97.4%       | Stable
politeness      | 0.0530   |  98.4%       | Stable

----------------------------------------------------------------------
Most Stable (lowest VR): structure (VR=0.0527)
Least Stable (highest VR): metacognition (VR=0.0624)
Highest Accuracy: control (98.6%)
Lowest Accuracy: metacognition (95.8%)

Results saved to ./outputs/results/flan-t5-base/qasc/synonym/w3_n20_s2266.json

======================================================================
EXPERIMENT COMPLETE
======================================================================
