INFO: HTTP Request: HEAD https://huggingface.co/google/flan-t5-base/resolve/main/config.json "HTTP/1.1 307 Temporary Redirect"
INFO: HTTP Request: HEAD https://huggingface.co/api/resolve-cache/models/google/flan-t5-base/7bcac572ce56db69c1ea7c8af255c5d7c9672fc2/config.json "HTTP/1.1 200 OK"
INFO: HTTP Request: HEAD https://huggingface.co/google/flan-t5-base/resolve/main/tokenizer_config.json "HTTP/1.1 307 Temporary Redirect"
INFO: HTTP Request: HEAD https://huggingface.co/api/resolve-cache/models/google/flan-t5-base/7bcac572ce56db69c1ea7c8af255c5d7c9672fc2/tokenizer_config.json "HTTP/1.1 200 OK"
INFO: HTTP Request: GET https://huggingface.co/api/models/google/flan-t5-base/tree/main/additional_chat_templates?recursive=false&expand=false "HTTP/1.1 404 Not Found"
INFO: HTTP Request: GET https://huggingface.co/api/models/google/flan-t5-base/tree/main?recursive=true&expand=false "HTTP/1.1 200 OK"
INFO: HTTP Request: HEAD https://huggingface.co/google/flan-t5-base/resolve/main/config.json "HTTP/1.1 307 Temporary Redirect"
INFO: HTTP Request: HEAD https://huggingface.co/api/resolve-cache/models/google/flan-t5-base/7bcac572ce56db69c1ea7c8af255c5d7c9672fc2/config.json "HTTP/1.1 200 OK"
INFO: HTTP Request: HEAD https://huggingface.co/google/flan-t5-base/resolve/main/model.safetensors "HTTP/1.1 302 Found"
Loading weights:   0%|          | 0/282 [00:00<?, ?it/s]Loading weights: 100%|██████████| 282/282 [00:00<00:00, 5504.57it/s]
The tied weights mapping and config for this model specifies to tie shared.weight to lm_head.weight, but both are present in the checkpoints, so we will NOT tie them. You should update the config with `tie_word_embeddings=False` to silence this warning
INFO: HTTP Request: HEAD https://huggingface.co/google/flan-t5-base/resolve/main/generation_config.json "HTTP/1.1 307 Temporary Redirect"
INFO: HTTP Request: HEAD https://huggingface.co/api/resolve-cache/models/google/flan-t5-base/7bcac572ce56db69c1ea7c8af255c5d7c9672fc2/generation_config.json "HTTP/1.1 200 OK"
INFO: HTTP Request: HEAD https://huggingface.co/datasets/allenai/qasc/resolve/main/README.md "HTTP/1.1 307 Temporary Redirect"
INFO: HTTP Request: HEAD https://huggingface.co/api/resolve-cache/datasets/allenai/qasc/a34ba204eb9a33b919c10cc08f4f1c8dae5ec070/README.md "HTTP/1.1 200 OK"
INFO: HTTP Request: HEAD https://huggingface.co/datasets/allenai/qasc/resolve/a34ba204eb9a33b919c10cc08f4f1c8dae5ec070/qasc.py "HTTP/1.1 404 Not Found"
INFO: HTTP Request: HEAD https://s3.amazonaws.com/datasets.huggingface.co/datasets/datasets/allenai/qasc/allenai/qasc.py "HTTP/1.1 404 Not Found"
INFO: HTTP Request: GET https://huggingface.co/api/datasets/allenai/qasc/revision/a34ba204eb9a33b919c10cc08f4f1c8dae5ec070 "HTTP/1.1 200 OK"
INFO: HTTP Request: HEAD https://huggingface.co/datasets/allenai/qasc/resolve/a34ba204eb9a33b919c10cc08f4f1c8dae5ec070/.huggingface.yaml "HTTP/1.1 404 Not Found"
INFO: HTTP Request: GET https://datasets-server.huggingface.co/info?dataset=allenai/qasc "HTTP/1.1 200 OK"
INFO: HTTP Request: GET https://huggingface.co/api/datasets/allenai/qasc/tree/a34ba204eb9a33b919c10cc08f4f1c8dae5ec070/data?recursive=true&expand=false "HTTP/1.1 200 OK"
INFO: HTTP Request: GET https://huggingface.co/api/datasets/allenai/qasc/tree/a34ba204eb9a33b919c10cc08f4f1c8dae5ec070?recursive=false&expand=false "HTTP/1.1 200 OK"
INFO: HTTP Request: HEAD https://huggingface.co/datasets/allenai/qasc/resolve/a34ba204eb9a33b919c10cc08f4f1c8dae5ec070/dataset_infos.json "HTTP/1.1 404 Not Found"
