======================================================================
SENSITIVITY EXPERIMENT: FLAN-T5-BASE on QASC
Config: model=flan-t5-base  dataset=qasc  samples=500  perturbations=20  method=synonym  seed=86379  styles=control,metacognition,structure,politeness
======================================================================

Device: cuda
Perturbation method: synonym
Loading Flan-T5-Base...
Model loaded successfully
Loading QASC dataset...
Loaded 926 items

======================================================================
STEP 1: OUT-OF-THE-BOX (OOTB) ACCURACY CHECK
======================================================================

Verifying model accuracy using Control prompt...
Random baseline: 12.5%
Valid signal threshold: 40.0%

==================================================
OOTB ACCURACY RESULT: 99.0% (99/100)
==================================================
Time: 10.0s

PASS: Accuracy exceeds threshold. Proceeding with experiments.

======================================================================
STEP 2: SENSITIVITY EXPERIMENTS
======================================================================

[CONTROL] Running experiment...
  Completed in 54.2s
  Average Variation Ratio: 0.0746
  Accuracy: 98.4% (492/500)

[METACOGNITION] Running experiment...
  Completed in 139.6s
  Average Variation Ratio: 0.0884
  Accuracy: 95.4% (477/500)

[STRUCTURE] Running experiment...
  Completed in 66.7s
  Average Variation Ratio: 0.0794
  Accuracy: 97.2% (486/500)

[POLITENESS] Running experiment...
  Completed in 56.7s
  Average Variation Ratio: 0.0763
  Accuracy: 98.2% (491/500)

======================================================================
RESULTS SUMMARY
======================================================================

OOTB Accuracy (Control prompt, N=100): 99.0%

Prompt Style    | VR       | Accuracy     | Interpretation
----------------------------------------------------------------------
control         | 0.0746   |  98.4%       | Stable
metacognition   | 0.0884   |  95.4%       | Stable
structure       | 0.0794   |  97.2%       | Stable
politeness      | 0.0763   |  98.2%       | Stable

----------------------------------------------------------------------
Most Stable (lowest VR): control (VR=0.0746)
Least Stable (highest VR): metacognition (VR=0.0884)
Highest Accuracy: control (98.4%)
Lowest Accuracy: metacognition (95.4%)

Results saved to ./outputs/results/flan-t5-base/qasc/synonym/w5_n20_s86379.json

======================================================================
EXPERIMENT COMPLETE
======================================================================
