======================================================================
SENSITIVITY EXPERIMENT: FLAN-T5-BASE on COLA
Config: model=flan-t5-base  dataset=cola  samples=500  perturbations=20  method=synonym  seed=2266  styles=control,metacognition,structure,politeness
======================================================================

Device: cuda
Perturbation method: synonym
Loading Flan-T5-Base...
Model loaded successfully
Loading CoLA dataset...
Loaded 1043 items

======================================================================
STEP 1: OUT-OF-THE-BOX (OOTB) ACCURACY CHECK
======================================================================

Verifying model accuracy using Control prompt...
Random baseline: 50.0%
Valid signal threshold: 60.0%

==================================================
OOTB ACCURACY RESULT: 29.0% (29/100)
==================================================
Time: 1.3s

WARNING: Accuracy (29.0%) is BELOW random baseline!
   Results may not be meaningful, but proceeding anyway...

======================================================================
STEP 2: SENSITIVITY EXPERIMENTS
======================================================================

[CONTROL] Running experiment...
  Completed in 33.6s
  Average Variation Ratio: 0.0000
  Accuracy: 32.8% (164/500)

[METACOGNITION] Running experiment...
  Completed in 34.6s
  Average Variation Ratio: 0.0000
  Accuracy: 32.8% (164/500)

[STRUCTURE] Running experiment...
  Completed in 39.0s
  Average Variation Ratio: 0.1145
  Accuracy: 45.2% (226/500)

[POLITENESS] Running experiment...
  Completed in 34.7s
  Average Variation Ratio: 0.0007
  Accuracy: 33.0% (165/500)

======================================================================
RESULTS SUMMARY
======================================================================

OOTB Accuracy (Control prompt, N=100): 29.0%

Prompt Style    | VR       | Accuracy     | Interpretation
----------------------------------------------------------------------
control         | 0.0000   |  32.8%       | Stable
metacognition   | 0.0000   |  32.8%       | Stable
structure       | 0.1145   |  45.2%       | Stable
politeness      | 0.0007   |  33.0%       | Stable

----------------------------------------------------------------------
Most Stable (lowest VR): control (VR=0.0000)
Least Stable (highest VR): structure (VR=0.1145)
Highest Accuracy: structure (45.2%)
Lowest Accuracy: control (32.8%)

Results saved to ./outputs/results/flan-t5-base/cola/synonym/w1_n20_s2266.json

======================================================================
EXPERIMENT COMPLETE
======================================================================
