INFO: HTTP Request: HEAD https://huggingface.co/google/flan-t5-base/resolve/main/config.json "HTTP/1.1 307 Temporary Redirect"
INFO: HTTP Request: HEAD https://huggingface.co/api/resolve-cache/models/google/flan-t5-base/7bcac572ce56db69c1ea7c8af255c5d7c9672fc2/config.json "HTTP/1.1 200 OK"
INFO: HTTP Request: HEAD https://huggingface.co/google/flan-t5-base/resolve/main/tokenizer_config.json "HTTP/1.1 307 Temporary Redirect"
INFO: HTTP Request: HEAD https://huggingface.co/api/resolve-cache/models/google/flan-t5-base/7bcac572ce56db69c1ea7c8af255c5d7c9672fc2/tokenizer_config.json "HTTP/1.1 200 OK"
INFO: HTTP Request: GET https://huggingface.co/api/models/google/flan-t5-base/tree/main/additional_chat_templates?recursive=false&expand=false "HTTP/1.1 404 Not Found"
INFO: HTTP Request: GET https://huggingface.co/api/models/google/flan-t5-base/tree/main?recursive=true&expand=false "HTTP/1.1 200 OK"
INFO: HTTP Request: HEAD https://huggingface.co/google/flan-t5-base/resolve/main/config.json "HTTP/1.1 307 Temporary Redirect"
INFO: HTTP Request: HEAD https://huggingface.co/api/resolve-cache/models/google/flan-t5-base/7bcac572ce56db69c1ea7c8af255c5d7c9672fc2/config.json "HTTP/1.1 200 OK"
INFO: HTTP Request: HEAD https://huggingface.co/google/flan-t5-base/resolve/main/model.safetensors "HTTP/1.1 302 Found"
Loading weights:   0%|          | 0/282 [00:00<?, ?it/s]Loading weights:   9%|▉         | 26/282 [00:00<00:01, 243.55it/s]Loading weights:  18%|█▊        | 51/282 [00:00<00:01, 169.47it/s]Loading weights:  32%|███▏      | 90/282 [00:00<00:00, 245.64it/s]Loading weights:  48%|████▊     | 135/282 [00:00<00:00, 307.62it/s]Loading weights:  66%|██████▌   | 185/282 [00:00<00:00, 349.08it/s]Loading weights: 100%|██████████| 282/282 [00:00<00:00, 396.29it/s]
The tied weights mapping and config for this model specifies to tie shared.weight to lm_head.weight, but both are present in the checkpoints, so we will NOT tie them. You should update the config with `tie_word_embeddings=False` to silence this warning
INFO: HTTP Request: HEAD https://huggingface.co/google/flan-t5-base/resolve/main/generation_config.json "HTTP/1.1 307 Temporary Redirect"
INFO: HTTP Request: HEAD https://huggingface.co/api/resolve-cache/models/google/flan-t5-base/7bcac572ce56db69c1ea7c8af255c5d7c9672fc2/generation_config.json "HTTP/1.1 200 OK"
INFO: HTTP Request: HEAD https://huggingface.co/datasets/nyu-mll/glue/resolve/main/README.md "HTTP/1.1 307 Temporary Redirect"
INFO: HTTP Request: HEAD https://huggingface.co/api/resolve-cache/datasets/nyu-mll/glue/bcdcba79d07bc864c1c254ccfcedcce55bcc9a8c/README.md "HTTP/1.1 200 OK"
INFO: HTTP Request: HEAD https://huggingface.co/datasets/nyu-mll/glue/resolve/bcdcba79d07bc864c1c254ccfcedcce55bcc9a8c/glue.py "HTTP/1.1 404 Not Found"
INFO: HTTP Request: HEAD https://s3.amazonaws.com/datasets.huggingface.co/datasets/datasets/nyu-mll/glue/nyu-mll/glue.py "HTTP/1.1 404 Not Found"
INFO: HTTP Request: GET https://huggingface.co/api/datasets/nyu-mll/glue/revision/bcdcba79d07bc864c1c254ccfcedcce55bcc9a8c "HTTP/1.1 200 OK"
INFO: HTTP Request: HEAD https://huggingface.co/datasets/nyu-mll/glue/resolve/bcdcba79d07bc864c1c254ccfcedcce55bcc9a8c/.huggingface.yaml "HTTP/1.1 404 Not Found"
INFO: HTTP Request: GET https://datasets-server.huggingface.co/info?dataset=nyu-mll/glue "HTTP/1.1 200 OK"
INFO: HTTP Request: GET https://huggingface.co/api/datasets/nyu-mll/glue/tree/bcdcba79d07bc864c1c254ccfcedcce55bcc9a8c/ax?recursive=true&expand=false "HTTP/1.1 200 OK"
INFO: HTTP Request: GET https://huggingface.co/api/datasets/nyu-mll/glue/tree/bcdcba79d07bc864c1c254ccfcedcce55bcc9a8c?recursive=false&expand=false "HTTP/1.1 200 OK"
INFO: HTTP Request: HEAD https://huggingface.co/datasets/nyu-mll/glue/resolve/bcdcba79d07bc864c1c254ccfcedcce55bcc9a8c/dataset_infos.json "HTTP/1.1 404 Not Found"
INFO: HTTP Request: GET https://huggingface.co/api/datasets/nyu-mll/glue/tree/bcdcba79d07bc864c1c254ccfcedcce55bcc9a8c/cola?recursive=true&expand=false "HTTP/1.1 200 OK"
INFO: HTTP Request: HEAD https://huggingface.co/datasets/nyu-mll/glue/resolve/bcdcba79d07bc864c1c254ccfcedcce55bcc9a8c/cola/train-00000-of-00001.parquet "HTTP/1.1 302 Found"
INFO: HTTP Request: GET https://huggingface.co/api/datasets/nyu-mll/glue/xet-read-token/bcdcba79d07bc864c1c254ccfcedcce55bcc9a8c "HTTP/1.1 200 OK"
INFO: HTTP Request: HEAD https://huggingface.co/datasets/nyu-mll/glue/resolve/bcdcba79d07bc864c1c254ccfcedcce55bcc9a8c/cola/validation-00000-of-00001.parquet "HTTP/1.1 302 Found"
INFO: HTTP Request: HEAD https://huggingface.co/datasets/nyu-mll/glue/resolve/bcdcba79d07bc864c1c254ccfcedcce55bcc9a8c/cola/test-00000-of-00001.parquet "HTTP/1.1 302 Found"
Generating train split:   0%|          | 0/8551 [00:00<?, ? examples/s]Generating train split:  12%|█▏        | 1000/8551 [00:00<00:00, 8674.48 examples/s]Generating train split: 100%|██████████| 8551/8551 [00:00<00:00, 68950.89 examples/s]
Generating validation split:   0%|          | 0/1043 [00:00<?, ? examples/s]Generating validation split: 100%|██████████| 1043/1043 [00:00<00:00, 104402.15 examples/s]
Generating test split:   0%|          | 0/1063 [00:00<?, ? examples/s]Generating test split: 100%|██████████| 1063/1063 [00:00<00:00, 131006.53 examples/s]
