======================================================================
SENSITIVITY EXPERIMENT: PHI-3-MINI on QASC
Config: model=phi-3-mini  dataset=qasc  samples=500  perturbations=20  method=paraphrase  seed=105  styles=control,metacognition,structure,politeness
======================================================================

Device: cuda
Perturbation method: paraphrase
Available seeds for multi-run: (105, 2266, 86379)
Loading paraphrase model (flan-t5-small)...
Paraphraser ready.
Loading Phi-3-Mini-4K-Instruct...
Model loaded successfully
Loading QASC dataset...
Loaded 926 items

======================================================================
STEP 1: OUT-OF-THE-BOX (OOTB) ACCURACY CHECK
======================================================================

Verifying model accuracy using Control prompt...
Random baseline: 12.5%
Valid signal threshold: 40.0%

==================================================
OOTB ACCURACY RESULT: 74.0% (74/100)
==================================================
Time: 31.6s

PASS: Accuracy exceeds threshold. Proceeding with experiments.

======================================================================
STEP 2: SENSITIVITY EXPERIMENTS
======================================================================

[CONTROL] Running experiment...
  Completed in 3292.0s
  Average Variation Ratio: 0.3335
  Accuracy: 77.4% (387/500)

[METACOGNITION] Running experiment...
  Completed in 5143.1s
  Average Variation Ratio: 0.3400
  Accuracy: 77.0% (385/500)

[STRUCTURE] Running experiment...
  Completed in 19050.3s
  Average Variation Ratio: 0.3668
  Accuracy: 70.8% (354/500)

[POLITENESS] Running experiment...
  Completed in 5233.8s
  Average Variation Ratio: 0.3340
  Accuracy: 77.8% (389/500)

======================================================================
RESULTS SUMMARY
======================================================================

OOTB Accuracy (Control prompt, N=100): 74.0%

Prompt Style    | VR       | Accuracy     | Interpretation
----------------------------------------------------------------------
control         | 0.3335   |  77.4%       | Moderate
metacognition   | 0.3400   |  77.0%       | Moderate
structure       | 0.3668   |  70.8%       | Moderate
politeness      | 0.3340   |  77.8%       | Moderate

----------------------------------------------------------------------
Most Stable (lowest VR): control (VR=0.3335)
Least Stable (highest VR): structure (VR=0.3668)
Highest Accuracy: politeness (77.8%)
Lowest Accuracy: structure (70.8%)

Results saved to ./outputs/results/phi-3-mini/qasc/paraphrase/n20_s105.json

======================================================================
EXPERIMENT COMPLETE
======================================================================
