Loading weights:   0%|          | 0/190 [00:00<?, ?it/s]Loading weights: 100%|██████████| 190/190 [00:00<00:00, 2933.53it/s]
The tied weights mapping and config for this model specifies to tie shared.weight to lm_head.weight, but both are present in the checkpoints, so we will NOT tie them. You should update the config with `tie_word_embeddings=False` to silence this warning
`torch_dtype` is deprecated! Use `dtype` instead!
Loading weights:   0%|          | 0/195 [00:00<?, ?it/s]Loading weights:  13%|█▎        | 26/195 [00:00<00:00, 228.66it/s]Loading weights:  27%|██▋       | 53/195 [00:00<00:00, 240.15it/s]Loading weights:  42%|████▏     | 82/195 [00:00<00:00, 241.04it/s]Loading weights:  55%|█████▍    | 107/195 [00:00<00:00, 232.85it/s]Loading weights:  69%|██████▊   | 134/195 [00:00<00:00, 241.29it/s]Loading weights:  83%|████████▎ | 161/195 [00:00<00:00, 243.40it/s]Loading weights:  96%|█████████▋| 188/195 [00:00<00:00, 245.22it/s]Loading weights: 100%|██████████| 195/195 [00:00<00:00, 245.74it/s]
INFO: Paraphraser produced 17/20; filling 3 with synonym fallback
INFO: Paraphraser produced 19/20; filling 1 with synonym fallback
INFO: Paraphraser produced 19/20; filling 1 with synonym fallback
INFO: Paraphraser produced 13/20; filling 7 with synonym fallback
Traceback (most recent call last):
  File "/vol/joberant_nobck/data/NLP_368307701_2526a/avnerf/NLP_Stability_by_Design/src/run_experiment.py", line 409, in <module>
    main()
  File "/vol/joberant_nobck/data/NLP_368307701_2526a/avnerf/NLP_Stability_by_Design/src/run_experiment.py", line 316, in main
    result = run_sensitivity_experiment(
  File "/vol/joberant_nobck/data/NLP_368307701_2526a/avnerf/NLP_Stability_by_Design/src/run_experiment.py", line 156, in run_sensitivity_experiment
    responses = model_handler.generate(prompts, max_new_tokens=max_tokens)
  File "/vol/joberant_nobck/data/NLP_368307701_2526a/avnerf/NLP_Stability_by_Design/src/model_handlers.py", line 177, in generate
    outputs = self.model.generate(
  File "/vol/joberant_nobck/data/NLP_368307701_2526a/avnerf/anaconda3/envs/slm_env/lib/python3.10/site-packages/torch/utils/_contextlib.py", line 116, in decorate_context
    return func(*args, **kwargs)
  File "/vol/joberant_nobck/data/NLP_368307701_2526a/avnerf/anaconda3/envs/slm_env/lib/python3.10/site-packages/transformers/generation/utils.py", line 2535, in generate
    result = decoding_method(
  File "/vol/joberant_nobck/data/NLP_368307701_2526a/avnerf/anaconda3/envs/slm_env/lib/python3.10/site-packages/transformers/generation/utils.py", line 2728, in _sample
    outputs = self._prefill(
  File "/vol/joberant_nobck/data/NLP_368307701_2526a/avnerf/anaconda3/envs/slm_env/lib/python3.10/site-packages/transformers/generation/utils.py", line 3776, in _prefill
    return self(**model_inputs, return_dict=True)
  File "/vol/joberant_nobck/data/NLP_368307701_2526a/avnerf/anaconda3/envs/slm_env/lib/python3.10/site-packages/torch/nn/modules/module.py", line 1751, in _wrapped_call_impl
    return self._call_impl(*args, **kwargs)
  File "/vol/joberant_nobck/data/NLP_368307701_2526a/avnerf/anaconda3/envs/slm_env/lib/python3.10/site-packages/torch/nn/modules/module.py", line 1762, in _call_impl
    return forward_call(*args, **kwargs)
  File "/vol/joberant_nobck/data/NLP_368307701_2526a/avnerf/anaconda3/envs/slm_env/lib/python3.10/site-packages/transformers/utils/generic.py", line 843, in wrapper
    output = func(self, *args, **kwargs)
  File "/vol/joberant_nobck/data/NLP_368307701_2526a/avnerf/anaconda3/envs/slm_env/lib/python3.10/site-packages/transformers/models/phi3/modeling_phi3.py", line 491, in forward
    outputs: BaseModelOutputWithPast = self.model(
  File "/vol/joberant_nobck/data/NLP_368307701_2526a/avnerf/anaconda3/envs/slm_env/lib/python3.10/site-packages/torch/nn/modules/module.py", line 1751, in _wrapped_call_impl
    return self._call_impl(*args, **kwargs)
  File "/vol/joberant_nobck/data/NLP_368307701_2526a/avnerf/anaconda3/envs/slm_env/lib/python3.10/site-packages/torch/nn/modules/module.py", line 1762, in _call_impl
    return forward_call(*args, **kwargs)
  File "/vol/joberant_nobck/data/NLP_368307701_2526a/avnerf/anaconda3/envs/slm_env/lib/python3.10/site-packages/transformers/utils/generic.py", line 917, in wrapper
    output = func(self, *args, **kwargs)
  File "/vol/joberant_nobck/data/NLP_368307701_2526a/avnerf/anaconda3/envs/slm_env/lib/python3.10/site-packages/transformers/utils/output_capturing.py", line 253, in wrapper
    outputs = func(self, *args, **kwargs)
  File "/vol/joberant_nobck/data/NLP_368307701_2526a/avnerf/anaconda3/envs/slm_env/lib/python3.10/site-packages/transformers/models/phi3/modeling_phi3.py", line 427, in forward
    hidden_states = decoder_layer(
  File "/vol/joberant_nobck/data/NLP_368307701_2526a/avnerf/anaconda3/envs/slm_env/lib/python3.10/site-packages/transformers/modeling_layers.py", line 93, in __call__
    return super().__call__(*args, **kwargs)
  File "/vol/joberant_nobck/data/NLP_368307701_2526a/avnerf/anaconda3/envs/slm_env/lib/python3.10/site-packages/torch/nn/modules/module.py", line 1751, in _wrapped_call_impl
    return self._call_impl(*args, **kwargs)
  File "/vol/joberant_nobck/data/NLP_368307701_2526a/avnerf/anaconda3/envs/slm_env/lib/python3.10/site-packages/torch/nn/modules/module.py", line 1762, in _call_impl
    return forward_call(*args, **kwargs)
  File "/vol/joberant_nobck/data/NLP_368307701_2526a/avnerf/anaconda3/envs/slm_env/lib/python3.10/site-packages/transformers/models/phi3/modeling_phi3.py", line 338, in forward
    hidden_states = self.mlp(hidden_states)
  File "/vol/joberant_nobck/data/NLP_368307701_2526a/avnerf/anaconda3/envs/slm_env/lib/python3.10/site-packages/torch/nn/modules/module.py", line 1751, in _wrapped_call_impl
    return self._call_impl(*args, **kwargs)
  File "/vol/joberant_nobck/data/NLP_368307701_2526a/avnerf/anaconda3/envs/slm_env/lib/python3.10/site-packages/torch/nn/modules/module.py", line 1762, in _call_impl
    return forward_call(*args, **kwargs)
  File "/vol/joberant_nobck/data/NLP_368307701_2526a/avnerf/anaconda3/envs/slm_env/lib/python3.10/site-packages/transformers/models/phi3/modeling_phi3.py", line 62, in forward
    up_states = up_states * self.activation_fn(gate)
torch.OutOfMemoryError: CUDA out of memory. Tried to allocate 94.00 MiB. GPU 0 has a total capacity of 10.57 GiB of which 16.06 MiB is free. Including non-PyTorch memory, this process has 10.55 GiB memory in use. Of the allocated memory 9.46 GiB is allocated by PyTorch, and 926.15 MiB is reserved by PyTorch but unallocated. If reserved but unallocated memory is large try setting PYTORCH_CUDA_ALLOC_CONF=expandable_segments:True to avoid fragmentation.  See documentation for Memory Management  (https://pytorch.org/docs/stable/notes/cuda.html#environment-variables)
