======================================================================
SENSITIVITY EXPERIMENT: PHI-3-MINI on QASC
Config: model=phi-3-mini  dataset=qasc  samples=500  perturbations=20  method=synonym  seed=105  styles=control,metacognition,structure,politeness
======================================================================

Device: cuda
Perturbation method: synonym
Available seeds for multi-run: (105, 2266, 86379)
Loading Phi-3-Mini-4K-Instruct...
Model loaded successfully
Loading QASC dataset...
Loaded 926 items

======================================================================
STEP 1: OUT-OF-THE-BOX (OOTB) ACCURACY CHECK
======================================================================

Verifying model accuracy using Control prompt...
Random baseline: 12.5%
Valid signal threshold: 40.0%

==================================================
OOTB ACCURACY RESULT: 74.0% (74/100)
==================================================
Time: 31.8s

PASS: Accuracy exceeds threshold. Proceeding with experiments.

======================================================================
STEP 2: SENSITIVITY EXPERIMENTS
======================================================================

[CONTROL] Running experiment...
  Completed in 1855.1s
  Average Variation Ratio: 0.2575
  Accuracy: 77.4% (387/500)

[METACOGNITION] Running experiment...
  Completed in 3644.4s
  Average Variation Ratio: 0.2613
  Accuracy: 77.0% (385/500)

[STRUCTURE] Running experiment...
  Completed in 17300.6s
  Average Variation Ratio: 0.3106
  Accuracy: 70.4% (352/500)

[POLITENESS] Running experiment...
  Completed in 3146.2s
  Average Variation Ratio: 0.2487
  Accuracy: 77.8% (389/500)

======================================================================
RESULTS SUMMARY
======================================================================

OOTB Accuracy (Control prompt, N=100): 74.0%

Prompt Style    | VR       | Accuracy     | Interpretation
----------------------------------------------------------------------
control         | 0.2575   |  77.4%       | Moderate
metacognition   | 0.2613   |  77.0%       | Moderate
structure       | 0.3106   |  70.4%       | Moderate
politeness      | 0.2487   |  77.8%       | Moderate

----------------------------------------------------------------------
Most Stable (lowest VR): politeness (VR=0.2487)
Least Stable (highest VR): structure (VR=0.3106)
Highest Accuracy: politeness (77.8%)
Lowest Accuracy: structure (70.4%)

Results saved to ./outputs/results/phi-3-mini/qasc/synonym/w5_n20_s105.json

======================================================================
EXPERIMENT COMPLETE
======================================================================
