Loading weights:   0%|          | 0/190 [00:00<?, ?it/s]Loading weights: 100%|██████████| 190/190 [00:00<00:00, 2585.67it/s]
The tied weights mapping and config for this model specifies to tie shared.weight to lm_head.weight, but both are present in the checkpoints, so we will NOT tie them. You should update the config with `tie_word_embeddings=False` to silence this warning
`torch_dtype` is deprecated! Use `dtype` instead!
Loading weights:   0%|          | 0/195 [00:00<?, ?it/s]Loading weights:  18%|█▊        | 35/195 [00:00<00:00, 324.87it/s]Loading weights:  35%|███▍      | 68/195 [00:00<00:00, 327.76it/s]Loading weights:  52%|█████▏    | 101/195 [00:00<00:00, 322.94it/s]Loading weights:  70%|██████▉   | 136/195 [00:00<00:00, 332.83it/s]Loading weights:  87%|████████▋ | 170/195 [00:00<00:00, 325.71it/s]Loading weights: 100%|██████████| 195/195 [00:00<00:00, 331.85it/s]
INFO: Paraphraser produced 18/20; filling 2 with synonym fallback
INFO: Paraphraser produced 18/20; filling 2 with synonym fallback
INFO: Paraphraser produced 17/20; filling 3 with synonym fallback
INFO: Paraphraser produced 18/20; filling 2 with synonym fallback
INFO: Paraphraser produced 16/20; filling 4 with synonym fallback
INFO: Paraphraser produced 15/20; filling 5 with synonym fallback
INFO: Paraphraser produced 16/20; filling 4 with synonym fallback
INFO: Paraphraser produced 17/20; filling 3 with synonym fallback
INFO: Paraphraser produced 15/20; filling 5 with synonym fallback
INFO: Paraphraser produced 17/20; filling 3 with synonym fallback
INFO: Paraphraser produced 17/20; filling 3 with synonym fallback
INFO: Paraphraser produced 15/20; filling 5 with synonym fallback
INFO: Paraphraser produced 14/20; filling 6 with synonym fallback
INFO: Paraphraser produced 17/20; filling 3 with synonym fallback
INFO: Paraphraser produced 18/20; filling 2 with synonym fallback
INFO: Paraphraser produced 17/20; filling 3 with synonym fallback
INFO: Paraphraser produced 19/20; filling 1 with synonym fallback
INFO: Paraphraser produced 18/20; filling 2 with synonym fallback
INFO: Paraphraser produced 18/20; filling 2 with synonym fallback
INFO: Paraphraser produced 17/20; filling 3 with synonym fallback
INFO: Paraphraser produced 18/20; filling 2 with synonym fallback
INFO: Paraphraser produced 16/20; filling 4 with synonym fallback
INFO: Paraphraser produced 15/20; filling 5 with synonym fallback
INFO: Paraphraser produced 16/20; filling 4 with synonym fallback
INFO: Paraphraser produced 17/20; filling 3 with synonym fallback
INFO: Paraphraser produced 15/20; filling 5 with synonym fallback
INFO: Paraphraser produced 17/20; filling 3 with synonym fallback
INFO: Paraphraser produced 17/20; filling 3 with synonym fallback
INFO: Paraphraser produced 15/20; filling 5 with synonym fallback
INFO: Paraphraser produced 14/20; filling 6 with synonym fallback
INFO: Paraphraser produced 17/20; filling 3 with synonym fallback
INFO: Paraphraser produced 18/20; filling 2 with synonym fallback
INFO: Paraphraser produced 17/20; filling 3 with synonym fallback
INFO: Paraphraser produced 19/20; filling 1 with synonym fallback
INFO: Paraphraser produced 18/20; filling 2 with synonym fallback
INFO: Paraphraser produced 18/20; filling 2 with synonym fallback
Traceback (most recent call last):
  File "/vol/joberant_nobck/data/NLP_368307701_2526a/avnerf/NLP_Stability_by_Design/src/run_experiment.py", line 409, in <module>
    main()
  File "/vol/joberant_nobck/data/NLP_368307701_2526a/avnerf/NLP_Stability_by_Design/src/run_experiment.py", line 316, in main
    result = run_sensitivity_experiment(
  File "/vol/joberant_nobck/data/NLP_368307701_2526a/avnerf/NLP_Stability_by_Design/src/run_experiment.py", line 156, in run_sensitivity_experiment
    responses = model_handler.generate(prompts, max_new_tokens=max_tokens)
  File "/vol/joberant_nobck/data/NLP_368307701_2526a/avnerf/NLP_Stability_by_Design/src/model_handlers.py", line 177, in generate
    outputs = self.model.generate(
  File "/vol/joberant_nobck/data/NLP_368307701_2526a/avnerf/anaconda3/envs/slm_env/lib/python3.10/site-packages/torch/utils/_contextlib.py", line 116, in decorate_context
    return func(*args, **kwargs)
  File "/vol/joberant_nobck/data/NLP_368307701_2526a/avnerf/anaconda3/envs/slm_env/lib/python3.10/site-packages/transformers/generation/utils.py", line 2535, in generate
    result = decoding_method(
  File "/vol/joberant_nobck/data/NLP_368307701_2526a/avnerf/anaconda3/envs/slm_env/lib/python3.10/site-packages/transformers/generation/utils.py", line 2728, in _sample
    outputs = self._prefill(
  File "/vol/joberant_nobck/data/NLP_368307701_2526a/avnerf/anaconda3/envs/slm_env/lib/python3.10/site-packages/transformers/generation/utils.py", line 3776, in _prefill
    return self(**model_inputs, return_dict=True)
  File "/vol/joberant_nobck/data/NLP_368307701_2526a/avnerf/anaconda3/envs/slm_env/lib/python3.10/site-packages/torch/nn/modules/module.py", line 1751, in _wrapped_call_impl
    return self._call_impl(*args, **kwargs)
  File "/vol/joberant_nobck/data/NLP_368307701_2526a/avnerf/anaconda3/envs/slm_env/lib/python3.10/site-packages/torch/nn/modules/module.py", line 1762, in _call_impl
    return forward_call(*args, **kwargs)
  File "/vol/joberant_nobck/data/NLP_368307701_2526a/avnerf/anaconda3/envs/slm_env/lib/python3.10/site-packages/transformers/utils/generic.py", line 843, in wrapper
    output = func(self, *args, **kwargs)
  File "/vol/joberant_nobck/data/NLP_368307701_2526a/avnerf/anaconda3/envs/slm_env/lib/python3.10/site-packages/transformers/models/phi3/modeling_phi3.py", line 491, in forward
    outputs: BaseModelOutputWithPast = self.model(
  File "/vol/joberant_nobck/data/NLP_368307701_2526a/avnerf/anaconda3/envs/slm_env/lib/python3.10/site-packages/torch/nn/modules/module.py", line 1751, in _wrapped_call_impl
    return self._call_impl(*args, **kwargs)
  File "/vol/joberant_nobck/data/NLP_368307701_2526a/avnerf/anaconda3/envs/slm_env/lib/python3.10/site-packages/torch/nn/modules/module.py", line 1762, in _call_impl
    return forward_call(*args, **kwargs)
  File "/vol/joberant_nobck/data/NLP_368307701_2526a/avnerf/anaconda3/envs/slm_env/lib/python3.10/site-packages/transformers/utils/generic.py", line 917, in wrapper
    output = func(self, *args, **kwargs)
  File "/vol/joberant_nobck/data/NLP_368307701_2526a/avnerf/anaconda3/envs/slm_env/lib/python3.10/site-packages/transformers/utils/output_capturing.py", line 253, in wrapper
    outputs = func(self, *args, **kwargs)
  File "/vol/joberant_nobck/data/NLP_368307701_2526a/avnerf/anaconda3/envs/slm_env/lib/python3.10/site-packages/transformers/models/phi3/modeling_phi3.py", line 427, in forward
    hidden_states = decoder_layer(
  File "/vol/joberant_nobck/data/NLP_368307701_2526a/avnerf/anaconda3/envs/slm_env/lib/python3.10/site-packages/transformers/modeling_layers.py", line 93, in __call__
    return super().__call__(*args, **kwargs)
  File "/vol/joberant_nobck/data/NLP_368307701_2526a/avnerf/anaconda3/envs/slm_env/lib/python3.10/site-packages/torch/nn/modules/module.py", line 1751, in _wrapped_call_impl
    return self._call_impl(*args, **kwargs)
  File "/vol/joberant_nobck/data/NLP_368307701_2526a/avnerf/anaconda3/envs/slm_env/lib/python3.10/site-packages/torch/nn/modules/module.py", line 1762, in _call_impl
    return forward_call(*args, **kwargs)
  File "/vol/joberant_nobck/data/NLP_368307701_2526a/avnerf/anaconda3/envs/slm_env/lib/python3.10/site-packages/transformers/models/phi3/modeling_phi3.py", line 338, in forward
    hidden_states = self.mlp(hidden_states)
  File "/vol/joberant_nobck/data/NLP_368307701_2526a/avnerf/anaconda3/envs/slm_env/lib/python3.10/site-packages/torch/nn/modules/module.py", line 1751, in _wrapped_call_impl
    return self._call_impl(*args, **kwargs)
  File "/vol/joberant_nobck/data/NLP_368307701_2526a/avnerf/anaconda3/envs/slm_env/lib/python3.10/site-packages/torch/nn/modules/module.py", line 1762, in _call_impl
    return forward_call(*args, **kwargs)
  File "/vol/joberant_nobck/data/NLP_368307701_2526a/avnerf/anaconda3/envs/slm_env/lib/python3.10/site-packages/transformers/models/phi3/modeling_phi3.py", line 62, in forward
    up_states = up_states * self.activation_fn(gate)
torch.OutOfMemoryError: CUDA out of memory. Tried to allocate 112.00 MiB. GPU 0 has a total capacity of 11.90 GiB of which 64.62 MiB is free. Including non-PyTorch memory, this process has 11.83 GiB memory in use. Of the allocated memory 10.49 GiB is allocated by PyTorch, and 1.17 GiB is reserved by PyTorch but unallocated. If reserved but unallocated memory is large try setting PYTORCH_CUDA_ALLOC_CONF=expandable_segments:True to avoid fragmentation.  See documentation for Memory Management  (https://pytorch.org/docs/stable/notes/cuda.html#environment-variables)
slurmstepd: error: _cgroup_procs_check: failed on path (null)/cgroup.procs: No such file or directory
slurmstepd: error: Cannot write to cgroup.procs for (null)
slurmstepd: error: Unable to move pid 106944 to init root cgroup (null)
