======================================================================
SENSITIVITY EXPERIMENT: PHI-3-MINI on QASC
Config: model=phi-3-mini  dataset=qasc  samples=500  perturbations=20  method=paraphrase  seed=86379  styles=control,metacognition,structure,politeness
======================================================================

Device: cuda
Perturbation method: paraphrase
Available seeds for multi-run: (105, 2266, 86379)
Loading paraphrase model (flan-t5-small)...
Paraphraser ready.
Loading Phi-3-Mini-4K-Instruct...
Model loaded successfully
Loading QASC dataset...
Loaded 926 items

======================================================================
STEP 1: OUT-OF-THE-BOX (OOTB) ACCURACY CHECK
======================================================================

Verifying model accuracy using Control prompt...
Random baseline: 12.5%
Valid signal threshold: 40.0%

==================================================
OOTB ACCURACY RESULT: 73.0% (73/100)
==================================================
Time: 28.9s

PASS: Accuracy exceeds threshold. Proceeding with experiments.

======================================================================
STEP 2: SENSITIVITY EXPERIMENTS
======================================================================

[CONTROL] Running experiment...
  Completed in 4181.9s
  Average Variation Ratio: 0.3284
  Accuracy: 80.0% (400/500)

[METACOGNITION] Running experiment...
  Completed in 6055.1s
  Average Variation Ratio: 0.3379
  Accuracy: 78.0% (390/500)

[STRUCTURE] Running experiment...
