======================================================================
SENSITIVITY EXPERIMENT: PHI-3-MINI on COLA
Config: model=phi-3-mini  dataset=cola  samples=500  perturbations=20  method=synonym  seed=2266  styles=control,metacognition,structure,politeness
======================================================================

Device: cuda
Perturbation method: synonym
Available seeds for multi-run: (105, 2266, 86379)
Loading Phi-3-Mini-4K-Instruct...
Model loaded successfully
Loading CoLA dataset...
Loaded 1043 items

======================================================================
STEP 1: OUT-OF-THE-BOX (OOTB) ACCURACY CHECK
======================================================================

Verifying model accuracy using Control prompt...
Random baseline: 50.0%
Valid signal threshold: 60.0%

==================================================
OOTB ACCURACY RESULT: 74.0% (74/100)
==================================================
Time: 12.7s

PASS: Accuracy exceeds threshold. Proceeding with experiments.

======================================================================
STEP 2: SENSITIVITY EXPERIMENTS
======================================================================

[CONTROL] Running experiment...
  Completed in 221.3s
  Average Variation Ratio: 0.1076
  Accuracy: 76.0% (380/500)

[METACOGNITION] Running experiment...
  Completed in 287.7s
  Average Variation Ratio: 0.1079
  Accuracy: 77.6% (388/500)

[STRUCTURE] Running experiment...
  Completed in 1102.7s
  Average Variation Ratio: 0.0007
  Accuracy: 0.8% (4/500)

[POLITENESS] Running experiment...
  Completed in 249.0s
  Average Variation Ratio: 0.1050
  Accuracy: 76.0% (380/500)

======================================================================
RESULTS SUMMARY
======================================================================

OOTB Accuracy (Control prompt, N=100): 74.0%

Prompt Style    | VR       | Accuracy     | Interpretation
----------------------------------------------------------------------
control         | 0.1076   |  76.0%       | Stable
metacognition   | 0.1079   |  77.6%       | Stable
structure       | 0.0007   |   0.8%       | Stable
politeness      | 0.1050   |  76.0%       | Stable

----------------------------------------------------------------------
Most Stable (lowest VR): structure (VR=0.0007)
Least Stable (highest VR): metacognition (VR=0.1079)
Highest Accuracy: metacognition (77.6%)
Lowest Accuracy: structure (0.8%)

Results saved to ./outputs/results/phi-3-mini/cola/synonym/w3_n20_s2266.json

======================================================================
EXPERIMENT COMPLETE
======================================================================
