======================================================================
SENSITIVITY EXPERIMENT: PHI-3-MINI on QASC
Config: model=phi-3-mini  dataset=qasc  samples=500  perturbations=20  method=paraphrase  seed=105  styles=control,metacognition,structure,politeness
======================================================================

Device: cuda
Perturbation method: paraphrase
Available seeds for multi-run: (105, 2266, 86379)
Loading paraphrase model (flan-t5-small)...
Paraphraser ready.
Loading Phi-3-Mini-4K-Instruct...
Model loaded successfully
Loading QASC dataset...
Loaded 926 items

======================================================================
STEP 1: OUT-OF-THE-BOX (OOTB) ACCURACY CHECK
======================================================================

Verifying model accuracy using Control prompt...
Random baseline: 12.5%
Valid signal threshold: 40.0%

==================================================
OOTB ACCURACY RESULT: 74.0% (74/100)
==================================================
Time: 31.7s

PASS: Accuracy exceeds threshold. Proceeding with experiments.

======================================================================
STEP 2: SENSITIVITY EXPERIMENTS
======================================================================

[CONTROL] Running experiment...
  Completed in 4087.5s
  Average Variation Ratio: 0.3331
  Accuracy: 77.4% (387/500)

[METACOGNITION] Running experiment...
  Completed in 5964.4s
  Average Variation Ratio: 0.3402
  Accuracy: 77.0% (385/500)

[STRUCTURE] Running experiment...
