======================================================================
SENSITIVITY EXPERIMENT: PHI-3-MINI on COLA
Config: model=phi-3-mini  dataset=cola  samples=500  perturbations=20  method=synonym  seed=2266  styles=control,metacognition,structure,politeness
======================================================================

Device: cuda
Perturbation method: synonym
Available seeds for multi-run: (105, 2266, 86379)
Loading Phi-3-Mini-4K-Instruct...
Model loaded successfully
Loading CoLA dataset...
Loaded 1043 items

======================================================================
STEP 1: OUT-OF-THE-BOX (OOTB) ACCURACY CHECK
======================================================================

Verifying model accuracy using Control prompt...
Random baseline: 50.0%
Valid signal threshold: 60.0%

==================================================
OOTB ACCURACY RESULT: 74.0% (74/100)
==================================================
Time: 10.4s

PASS: Accuracy exceeds threshold. Proceeding with experiments.

======================================================================
STEP 2: SENSITIVITY EXPERIMENTS
======================================================================

[CONTROL] Running experiment...
  Completed in 218.8s
  Average Variation Ratio: 0.1377
  Accuracy: 76.0% (380/500)

[METACOGNITION] Running experiment...
  Completed in 280.0s
  Average Variation Ratio: 0.1365
  Accuracy: 77.6% (388/500)

[STRUCTURE] Running experiment...
  Completed in 1199.2s
  Average Variation Ratio: 0.0007
  Accuracy: 0.6% (3/500)

[POLITENESS] Running experiment...
  Completed in 267.5s
  Average Variation Ratio: 0.1300
  Accuracy: 76.0% (380/500)

======================================================================
RESULTS SUMMARY
======================================================================

OOTB Accuracy (Control prompt, N=100): 74.0%

Prompt Style    | VR       | Accuracy     | Interpretation
----------------------------------------------------------------------
control         | 0.1377   |  76.0%       | Stable
metacognition   | 0.1365   |  77.6%       | Stable
structure       | 0.0007   |   0.6%       | Stable
politeness      | 0.1300   |  76.0%       | Stable

----------------------------------------------------------------------
Most Stable (lowest VR): structure (VR=0.0007)
Least Stable (highest VR): control (VR=0.1377)
Highest Accuracy: metacognition (77.6%)
Lowest Accuracy: structure (0.6%)

Results saved to ./outputs/results/phi-3-mini/cola/synonym/w1_n20_s2266.json

======================================================================
EXPERIMENT COMPLETE
======================================================================
