======================================================================
SENSITIVITY EXPERIMENT: PHI-3-MINI on QASC
Config: model=phi-3-mini  dataset=qasc  samples=500  perturbations=20  method=synonym  seed=105  styles=control,metacognition,structure,politeness
======================================================================

Device: cuda
Perturbation method: synonym
Available seeds for multi-run: (105, 2266, 86379)
Loading Phi-3-Mini-4K-Instruct...
Model loaded successfully
Loading QASC dataset...
Loaded 926 items

======================================================================
STEP 1: OUT-OF-THE-BOX (OOTB) ACCURACY CHECK
======================================================================

Verifying model accuracy using Control prompt...
Random baseline: 12.5%
Valid signal threshold: 40.0%

==================================================
OOTB ACCURACY RESULT: 74.0% (74/100)
==================================================
Time: 9.1s

PASS: Accuracy exceeds threshold. Proceeding with experiments.

======================================================================
STEP 2: SENSITIVITY EXPERIMENTS
======================================================================

[CONTROL] Running experiment...
  Completed in 300.7s
  Average Variation Ratio: 0.1624
  Accuracy: 77.6% (388/500)

[METACOGNITION] Running experiment...
  Completed in 622.1s
  Average Variation Ratio: 0.1704
  Accuracy: 76.8% (384/500)

[STRUCTURE] Running experiment...
  Completed in 2408.1s
  Average Variation Ratio: 0.2070
  Accuracy: 71.4% (357/500)

[POLITENESS] Running experiment...
  Completed in 483.7s
  Average Variation Ratio: 0.1544
  Accuracy: 77.8% (389/500)

======================================================================
RESULTS SUMMARY
======================================================================

OOTB Accuracy (Control prompt, N=100): 74.0%

Prompt Style    | VR       | Accuracy     | Interpretation
----------------------------------------------------------------------
control         | 0.1624   |  77.6%       | Stable
metacognition   | 0.1704   |  76.8%       | Stable
structure       | 0.2070   |  71.4%       | Moderate
politeness      | 0.1544   |  77.8%       | Stable

----------------------------------------------------------------------
Most Stable (lowest VR): politeness (VR=0.1544)
Least Stable (highest VR): structure (VR=0.2070)
Highest Accuracy: politeness (77.8%)
Lowest Accuracy: structure (71.4%)

Results saved to ./outputs/results/phi-3-mini/qasc/synonym/w1_n20_s105.json

======================================================================
EXPERIMENT COMPLETE
======================================================================
