======================================================================
SENSITIVITY EXPERIMENT: PHI-3-MINI on CSQA
Config: phase=phase_6  model=phi-3-mini  dataset=csqa  samples=500  perturbations=20  method=synonym  sensitivity_on_raw=True  seed=86379  styles=control,metacognition,structure,politeness
======================================================================

Device: cuda
Perturbation method: synonym
Available seeds for multi-run: (105, 2266, 86379)
Loading Phi-3-Mini-4K-Instruct...
Model loaded successfully
Loading CommonsenseQA dataset...
Loaded 1221 items

======================================================================
STEP 1: OUT-OF-THE-BOX (OOTB) ACCURACY CHECK
======================================================================

Verifying model accuracy using Control prompt...
Random baseline: 20.0%
Valid signal threshold: 40.0%

==================================================
OOTB ACCURACY RESULT: 78.0% (78/100)
Parse rate: 100.0% (100/100)
==================================================
Time: 18.0s

PASS: Accuracy exceeds threshold. Proceeding with experiments.

======================================================================
STEP 2: SENSITIVITY EXPERIMENTS
======================================================================

[CONTROL] Running experiment...
  Completed in 1287.8s
  Average Variation Ratio: 0.2860
  Accuracy: 74.6% (373/500)

[METACOGNITION] Running experiment...
  Completed in 2532.5s
  Average Variation Ratio: 0.4600
  Accuracy: 72.4% (362/500)

[STRUCTURE] Running experiment...
  Completed in 15928.7s
  Average Variation Ratio: 0.9110
  Accuracy: 70.8% (354/500)

[POLITENESS] Running experiment...
  Completed in 2313.8s
  Average Variation Ratio: 0.4199
  Accuracy: 75.2% (376/500)

======================================================================
RESULTS SUMMARY
======================================================================

OOTB Accuracy (Control prompt, N=100): 78.0%

Prompt Style    | VR       | Accuracy     | Interpretation
----------------------------------------------------------------------
control         | 0.2860   |  74.6%       | Moderate
metacognition   | 0.4600   |  72.4%       | Unstable
structure       | 0.9110   |  70.8%       | Unstable
politeness      | 0.4199   |  75.2%       | Unstable

----------------------------------------------------------------------
Most Stable (lowest VR): control (VR=0.2860)
Least Stable (highest VR): structure (VR=0.9110)
Highest Accuracy: politeness (75.2%)
Lowest Accuracy: structure (70.8%)

Results saved to ./outputs/results/phase_6/phi-3-mini/csqa/synonym/w3_n20_s86379_133629.json
Detailed responses saved to ./outputs/results/phase_6/phi-3-mini/csqa/synonym/w3_n20_s86379_detail.csv

======================================================================
EXPERIMENT COMPLETE
======================================================================
