======================================================================
SENSITIVITY EXPERIMENT: PHI-3-MINI on COLA
Config: phase=phase_6  model=phi-3-mini  dataset=cola  samples=500  perturbations=20  method=synonym  sensitivity_on_raw=True  seed=2266  styles=control,metacognition,structure,politeness
======================================================================

Device: cuda
Perturbation method: synonym
Available seeds for multi-run: (105, 2266, 86379)
Loading Phi-3-Mini-4K-Instruct...
Model loaded successfully
Loading CoLA dataset...
Loaded 1043 items

======================================================================
STEP 1: OUT-OF-THE-BOX (OOTB) ACCURACY CHECK
======================================================================

Verifying model accuracy using Control prompt...
Random baseline: 50.0%
Valid signal threshold: 60.0%

==================================================
OOTB ACCURACY RESULT: 74.0% (74/100)
Parse rate: 100.0% (100/100)
==================================================
Time: 11.6s

PASS: Accuracy exceeds threshold. Proceeding with experiments.

======================================================================
STEP 2: SENSITIVITY EXPERIMENTS
======================================================================

[CONTROL] Running experiment...
  Completed in 210.3s
  Average Variation Ratio: 0.2629
  Accuracy: 76.0% (380/500)

[METACOGNITION] Running experiment...
  Completed in 1734.4s
  Average Variation Ratio: 0.8038
  Accuracy: 76.4% (382/500)

[STRUCTURE] Running experiment...
  Completed in 3381.9s
  Average Variation Ratio: 0.8220
  Accuracy: 79.2% (396/500)

[POLITENESS] Running experiment...
  Completed in 259.4s
  Average Variation Ratio: 0.1773
  Accuracy: 76.0% (380/500)

======================================================================
RESULTS SUMMARY
======================================================================

OOTB Accuracy (Control prompt, N=100): 74.0%

Prompt Style    | VR       | Accuracy     | Interpretation
----------------------------------------------------------------------
control         | 0.2629   |  76.0%       | Moderate
metacognition   | 0.8038   |  76.4%       | Unstable
structure       | 0.8220   |  79.2%       | Unstable
politeness      | 0.1773   |  76.0%       | Stable

----------------------------------------------------------------------
Most Stable (lowest VR): politeness (VR=0.1773)
Least Stable (highest VR): structure (VR=0.8220)
Highest Accuracy: structure (79.2%)
Lowest Accuracy: control (76.0%)

Results saved to ./outputs/results/phase_6/phi-3-mini/cola/synonym/w3_n20_s2266_052405.json
Detailed responses saved to ./outputs/results/phase_6/phi-3-mini/cola/synonym/w3_n20_s2266_detail.csv

======================================================================
EXPERIMENT COMPLETE
======================================================================
