======================================================================
SENSITIVITY EXPERIMENT: PHI-3-MINI on CSQA
Config: phase=phase_6  model=phi-3-mini  dataset=csqa  samples=500  perturbations=20  method=synonym  sensitivity_on_raw=True  seed=105  styles=control,metacognition,structure,politeness
======================================================================

Device: cuda
Perturbation method: synonym
Available seeds for multi-run: (105, 2266, 86379)
Loading Phi-3-Mini-4K-Instruct...
Model loaded successfully
Loading CommonsenseQA dataset...
Loaded 1221 items

======================================================================
STEP 1: OUT-OF-THE-BOX (OOTB) ACCURACY CHECK
======================================================================

Verifying model accuracy using Control prompt...
Random baseline: 20.0%
Valid signal threshold: 40.0%

==================================================
OOTB ACCURACY RESULT: 69.0% (69/100)
Parse rate: 100.0% (100/100)
==================================================
Time: 5.7s

PASS: Accuracy exceeds threshold. Proceeding with experiments.

======================================================================
STEP 2: SENSITIVITY EXPERIMENTS
======================================================================

[CONTROL] Running experiment...
  Completed in 214.0s
  Average Variation Ratio: 0.1954
  Accuracy: 72.6% (363/500)

[METACOGNITION] Running experiment...
  Completed in 459.0s
  Average Variation Ratio: 0.3382
  Accuracy: 71.6% (358/500)

[STRUCTURE] Running experiment...
  Completed in 2427.7s
  Average Variation Ratio: 0.8397
  Accuracy: 69.8% (349/500)

[POLITENESS] Running experiment...
  Completed in 390.5s
  Average Variation Ratio: 0.3164
  Accuracy: 72.8% (364/500)

======================================================================
RESULTS SUMMARY
======================================================================

OOTB Accuracy (Control prompt, N=100): 69.0%

Prompt Style    | VR       | Accuracy     | Interpretation
----------------------------------------------------------------------
control         | 0.1954   |  72.6%       | Stable
metacognition   | 0.3382   |  71.6%       | Moderate
structure       | 0.8397   |  69.8%       | Unstable
politeness      | 0.3164   |  72.8%       | Moderate

----------------------------------------------------------------------
Most Stable (lowest VR): control (VR=0.1954)
Least Stable (highest VR): structure (VR=0.8397)
Highest Accuracy: politeness (72.8%)
Lowest Accuracy: structure (69.8%)

Results saved to ./outputs/results/phase_6/phi-3-mini/csqa/synonym/w1_n20_s105_020406.json
Detailed responses saved to ./outputs/results/phase_6/phi-3-mini/csqa/synonym/w1_n20_s105_detail.csv

======================================================================
EXPERIMENT COMPLETE
======================================================================
