======================================================================
SENSITIVITY EXPERIMENT: PHI-3-MINI on QASC
Config: phase=phase_6  model=phi-3-mini  dataset=qasc  samples=500  perturbations=20  method=paraphrase  sensitivity_on_raw=True  seed=105  styles=control,metacognition,structure,politeness
======================================================================

Device: cuda
Perturbation method: paraphrase
Available seeds for multi-run: (105, 2266, 86379)
Loading paraphrase model (flan-t5-small)...
Paraphraser ready.
Loading Phi-3-Mini-4K-Instruct...
Model loaded successfully
Loading QASC dataset...
Loaded 926 items

======================================================================
STEP 1: OUT-OF-THE-BOX (OOTB) ACCURACY CHECK
======================================================================

Verifying model accuracy using Control prompt...
Random baseline: 12.5%
Valid signal threshold: 40.0%

==================================================
OOTB ACCURACY RESULT: 74.0% (74/100)
Parse rate: 100.0% (100/100)
==================================================
Time: 9.1s

PASS: Accuracy exceeds threshold. Proceeding with experiments.

======================================================================
STEP 2: SENSITIVITY EXPERIMENTS
======================================================================

[CONTROL] Running experiment...
  Completed in 2677.3s
  Average Variation Ratio: 0.4260
  Accuracy: 77.6% (388/500)

[METACOGNITION] Running experiment...
  Completed in 3010.2s
  Average Variation Ratio: 0.6078
  Accuracy: 76.8% (384/500)

[STRUCTURE] Running experiment...
