======================================================================
SENSITIVITY EXPERIMENT: PHI-3-MINI on CSQA
Config: phase=phase_6  model=phi-3-mini  dataset=csqa  samples=500  perturbations=20  method=synonym  sensitivity_on_raw=True  seed=2266  styles=control,metacognition,structure,politeness
======================================================================

Device: cuda
Perturbation method: synonym
Available seeds for multi-run: (105, 2266, 86379)
Loading Phi-3-Mini-4K-Instruct...
Model loaded successfully
Loading CommonsenseQA dataset...
Loaded 1221 items

======================================================================
STEP 1: OUT-OF-THE-BOX (OOTB) ACCURACY CHECK
======================================================================

Verifying model accuracy using Control prompt...
Random baseline: 20.0%
Valid signal threshold: 40.0%

==================================================
OOTB ACCURACY RESULT: 73.0% (73/100)
Parse rate: 100.0% (100/100)
==================================================
Time: 5.3s

PASS: Accuracy exceeds threshold. Proceeding with experiments.

======================================================================
STEP 2: SENSITIVITY EXPERIMENTS
======================================================================

[CONTROL] Running experiment...
  Completed in 214.4s
  Average Variation Ratio: 0.1843
  Accuracy: 73.4% (367/500)

[METACOGNITION] Running experiment...
  Completed in 451.4s
  Average Variation Ratio: 0.3206
  Accuracy: 73.0% (365/500)

[STRUCTURE] Running experiment...
  Completed in 2391.8s
  Average Variation Ratio: 0.8326
  Accuracy: 71.0% (355/500)

[POLITENESS] Running experiment...
  Completed in 396.1s
  Average Variation Ratio: 0.3035
  Accuracy: 74.6% (373/500)

======================================================================
RESULTS SUMMARY
======================================================================

OOTB Accuracy (Control prompt, N=100): 73.0%

Prompt Style    | VR       | Accuracy     | Interpretation
----------------------------------------------------------------------
control         | 0.1843   |  73.4%       | Stable
metacognition   | 0.3206   |  73.0%       | Moderate
structure       | 0.8326   |  71.0%       | Unstable
politeness      | 0.3035   |  74.6%       | Moderate

----------------------------------------------------------------------
Most Stable (lowest VR): control (VR=0.1843)
Least Stable (highest VR): structure (VR=0.8326)
Highest Accuracy: politeness (74.6%)
Lowest Accuracy: structure (71.0%)

Results saved to ./outputs/results/phase_6/phi-3-mini/csqa/synonym/w1_n20_s2266_052450.json
Detailed responses saved to ./outputs/results/phase_6/phi-3-mini/csqa/synonym/w1_n20_s2266_detail.csv

======================================================================
EXPERIMENT COMPLETE
======================================================================
