======================================================================
SENSITIVITY EXPERIMENT: PHI-3-MINI on COLA
Config: phase=phase_6  model=phi-3-mini  dataset=cola  samples=500  perturbations=20  method=synonym  sensitivity_on_raw=True  seed=105  styles=control,metacognition,structure,politeness
======================================================================

Device: cuda
Perturbation method: synonym
Available seeds for multi-run: (105, 2266, 86379)
Loading Phi-3-Mini-4K-Instruct...
Model loaded successfully
Loading CoLA dataset...
Loaded 1043 items

======================================================================
STEP 1: OUT-OF-THE-BOX (OOTB) ACCURACY CHECK
======================================================================

Verifying model accuracy using Control prompt...
Random baseline: 50.0%
Valid signal threshold: 60.0%

==================================================
OOTB ACCURACY RESULT: 77.0% (77/100)
Parse rate: 100.0% (100/100)
==================================================
Time: 10.2s

PASS: Accuracy exceeds threshold. Proceeding with experiments.

======================================================================
STEP 2: SENSITIVITY EXPERIMENTS
======================================================================

[CONTROL] Running experiment...
  Completed in 235.8s
  Average Variation Ratio: 0.3188
  Accuracy: 76.0% (380/500)

[METACOGNITION] Running experiment...
  Completed in 1847.3s
  Average Variation Ratio: 0.8277
  Accuracy: 75.6% (378/500)

[STRUCTURE] Running experiment...
  Completed in 3561.9s
  Average Variation Ratio: 0.8595
  Accuracy: 78.4% (392/500)

[POLITENESS] Running experiment...
  Completed in 275.3s
  Average Variation Ratio: 0.2000
  Accuracy: 75.6% (378/500)

======================================================================
RESULTS SUMMARY
======================================================================

OOTB Accuracy (Control prompt, N=100): 77.0%

Prompt Style    | VR       | Accuracy     | Interpretation
----------------------------------------------------------------------
control         | 0.3188   |  76.0%       | Moderate
metacognition   | 0.8277   |  75.6%       | Unstable
structure       | 0.8595   |  78.4%       | Unstable
politeness      | 0.2000   |  75.6%       | Stable

----------------------------------------------------------------------
Most Stable (lowest VR): politeness (VR=0.2000)
Least Stable (highest VR): structure (VR=0.8595)
Highest Accuracy: structure (78.4%)
Lowest Accuracy: metacognition (75.6%)

Results saved to ./outputs/results/phase_6/phi-3-mini/cola/synonym/w1_n20_s105_004837.json
Detailed responses saved to ./outputs/results/phase_6/phi-3-mini/cola/synonym/w1_n20_s105_detail.csv

======================================================================
EXPERIMENT COMPLETE
======================================================================
