======================================================================
SENSITIVITY EXPERIMENT: PHI-3-MINI on COLA
Config: phase=phase_6  model=phi-3-mini  dataset=cola  samples=500  perturbations=20  method=synonym  sensitivity_on_raw=True  seed=86379  styles=control,metacognition,structure,politeness
======================================================================

Device: cuda
Perturbation method: synonym
Available seeds for multi-run: (105, 2266, 86379)
Loading Phi-3-Mini-4K-Instruct...
Model loaded successfully
Loading CoLA dataset...
Loaded 1043 items

======================================================================
STEP 1: OUT-OF-THE-BOX (OOTB) ACCURACY CHECK
======================================================================

Verifying model accuracy using Control prompt...
Random baseline: 50.0%
Valid signal threshold: 60.0%

==================================================
OOTB ACCURACY RESULT: 78.0% (78/100)
Parse rate: 100.0% (100/100)
==================================================
Time: 21.1s

PASS: Accuracy exceeds threshold. Proceeding with experiments.

======================================================================
STEP 2: SENSITIVITY EXPERIMENTS
======================================================================

[CONTROL] Running experiment...
  Completed in 417.2s
  Average Variation Ratio: 0.2502
  Accuracy: 76.0% (380/500)

[METACOGNITION] Running experiment...
  Completed in 3798.2s
  Average Variation Ratio: 0.8006
  Accuracy: 77.0% (385/500)

[STRUCTURE] Running experiment...
  Completed in 7464.6s
  Average Variation Ratio: 0.8096
  Accuracy: 80.0% (400/500)

[POLITENESS] Running experiment...
  Completed in 486.0s
  Average Variation Ratio: 0.1751
  Accuracy: 76.4% (382/500)

======================================================================
RESULTS SUMMARY
======================================================================

OOTB Accuracy (Control prompt, N=100): 78.0%

Prompt Style    | VR       | Accuracy     | Interpretation
----------------------------------------------------------------------
control         | 0.2502   |  76.0%       | Moderate
metacognition   | 0.8006   |  77.0%       | Unstable
structure       | 0.8096   |  80.0%       | Unstable
politeness      | 0.1751   |  76.4%       | Stable

----------------------------------------------------------------------
Most Stable (lowest VR): politeness (VR=0.1751)
Least Stable (highest VR): structure (VR=0.8096)
Highest Accuracy: structure (80.0%)
Lowest Accuracy: control (76.0%)

Results saved to ./outputs/results/phase_6/phi-3-mini/cola/synonym/w3_n20_s86379_102048.json
Detailed responses saved to ./outputs/results/phase_6/phi-3-mini/cola/synonym/w3_n20_s86379_detail.csv

======================================================================
EXPERIMENT COMPLETE
======================================================================
