======================================================================
SENSITIVITY EXPERIMENT: PHI-3-MINI on CSQA
Config: phase=phase_6  model=phi-3-mini  dataset=csqa  samples=500  perturbations=20  method=synonym  sensitivity_on_raw=True  seed=105  styles=control,metacognition,structure,politeness
======================================================================

Device: cuda
Perturbation method: synonym
Available seeds for multi-run: (105, 2266, 86379)
Loading Phi-3-Mini-4K-Instruct...
Model loaded successfully
Loading CommonsenseQA dataset...
Loaded 1221 items

======================================================================
STEP 1: OUT-OF-THE-BOX (OOTB) ACCURACY CHECK
======================================================================

Verifying model accuracy using Control prompt...
Random baseline: 20.0%
Valid signal threshold: 40.0%

==================================================
OOTB ACCURACY RESULT: 69.0% (69/100)
Parse rate: 100.0% (100/100)
==================================================
Time: 17.9s

PASS: Accuracy exceeds threshold. Proceeding with experiments.

======================================================================
STEP 2: SENSITIVITY EXPERIMENTS
======================================================================

[CONTROL] Running experiment...
  Completed in 1270.0s
  Average Variation Ratio: 0.2957
  Accuracy: 72.6% (363/500)

[METACOGNITION] Running experiment...
  Completed in 2508.5s
  Average Variation Ratio: 0.4721
  Accuracy: 71.6% (358/500)

[STRUCTURE] Running experiment...
  Completed in 15901.8s
  Average Variation Ratio: 0.9066
  Accuracy: 70.4% (352/500)

[POLITENESS] Running experiment...
  Completed in 2286.8s
  Average Variation Ratio: 0.4143
  Accuracy: 73.0% (365/500)

======================================================================
RESULTS SUMMARY
======================================================================

OOTB Accuracy (Control prompt, N=100): 69.0%

Prompt Style    | VR       | Accuracy     | Interpretation
----------------------------------------------------------------------
control         | 0.2957   |  72.6%       | Moderate
metacognition   | 0.4721   |  71.6%       | Unstable
structure       | 0.9066   |  70.4%       | Unstable
politeness      | 0.4143   |  73.0%       | Unstable

----------------------------------------------------------------------
Most Stable (lowest VR): control (VR=0.2957)
Least Stable (highest VR): structure (VR=0.9066)
Highest Accuracy: politeness (73.0%)
Lowest Accuracy: structure (70.4%)

Results saved to ./outputs/results/phase_6/phi-3-mini/csqa/synonym/w3_n20_s105_072751.json
Detailed responses saved to ./outputs/results/phase_6/phi-3-mini/csqa/synonym/w3_n20_s105_detail.csv

======================================================================
EXPERIMENT COMPLETE
======================================================================
