======================================================================
SENSITIVITY EXPERIMENT: PHI-3-MINI on CSQA
Config: phase=phase_6  model=phi-3-mini  dataset=csqa  samples=500  perturbations=20  method=paraphrase  sensitivity_on_raw=True  seed=105  styles=control,metacognition,structure,politeness
======================================================================

Device: cuda
Perturbation method: paraphrase
Available seeds for multi-run: (105, 2266, 86379)
Loading paraphrase model (flan-t5-small)...
Paraphraser ready.
Loading Phi-3-Mini-4K-Instruct...
Model loaded successfully
Loading CommonsenseQA dataset...
Loaded 1221 items

======================================================================
STEP 1: OUT-OF-THE-BOX (OOTB) ACCURACY CHECK
======================================================================

Verifying model accuracy using Control prompt...
Random baseline: 20.0%
Valid signal threshold: 40.0%

==================================================
OOTB ACCURACY RESULT: 69.0% (69/100)
Parse rate: 100.0% (100/100)
==================================================
Time: 17.5s

PASS: Accuracy exceeds threshold. Proceeding with experiments.

======================================================================
STEP 2: SENSITIVITY EXPERIMENTS
======================================================================

[CONTROL] Running experiment...
  Completed in 3438.1s
  Average Variation Ratio: 0.3179
  Accuracy: 72.6% (363/500)

[METACOGNITION] Running experiment...
  Completed in 5270.0s
  Average Variation Ratio: 0.4651
  Accuracy: 71.6% (358/500)

[STRUCTURE] Running experiment...
  Completed in 18243.7s
  Average Variation Ratio: 0.8698
  Accuracy: 70.4% (352/500)

[POLITENESS] Running experiment...
  Completed in 5348.5s
  Average Variation Ratio: 0.4481
  Accuracy: 73.0% (365/500)

======================================================================
RESULTS SUMMARY
======================================================================

OOTB Accuracy (Control prompt, N=100): 69.0%

Prompt Style    | VR       | Accuracy     | Interpretation
----------------------------------------------------------------------
control         | 0.3179   |  72.6%       | Moderate
metacognition   | 0.4651   |  71.6%       | Unstable
structure       | 0.8698   |  70.4%       | Unstable
politeness      | 0.4481   |  73.0%       | Unstable

----------------------------------------------------------------------
Most Stable (lowest VR): control (VR=0.3179)
Least Stable (highest VR): structure (VR=0.8698)
Highest Accuracy: politeness (73.0%)
Lowest Accuracy: structure (70.4%)

Results saved to ./outputs/results/phase_6/phi-3-mini/csqa/paraphrase/n20_s105_100008.json
Detailed responses saved to ./outputs/results/phase_6/phi-3-mini/csqa/paraphrase/n20_s105_detail.csv

======================================================================
EXPERIMENT COMPLETE
======================================================================
