======================================================================
SENSITIVITY EXPERIMENT: FLAN-T5-LARGE on QASC
Config: model=flan-t5-large  dataset=qasc  samples=500  perturbations=20  method=synonym  seed=86379  styles=control,metacognition,structure,politeness
======================================================================

Device: cuda
Perturbation method: synonym
Loading Flan-T5-Large...
Model loaded successfully
Loading QASC dataset...
Loaded 926 items

======================================================================
STEP 1: OUT-OF-THE-BOX (OOTB) ACCURACY CHECK
======================================================================

Verifying model accuracy using Control prompt...
Random baseline: 12.5%
Valid signal threshold: 40.0%

==================================================
OOTB ACCURACY RESULT: 100.0% (100/100)
==================================================
Time: 2.5s

PASS: Accuracy exceeds threshold. Proceeding with experiments.

======================================================================
STEP 2: SENSITIVITY EXPERIMENTS
======================================================================

[CONTROL] Running experiment...
  Completed in 127.3s
  Average Variation Ratio: 0.0161
  Accuracy: 99.8% (499/500)

[METACOGNITION] Running experiment...
  Completed in 150.9s
  Average Variation Ratio: 0.0171
  Accuracy: 99.4% (497/500)

[STRUCTURE] Running experiment...
  Completed in 200.3s
  Average Variation Ratio: 0.0093
  Accuracy: 98.4% (492/500)

[POLITENESS] Running experiment...
  Completed in 140.3s
  Average Variation Ratio: 0.0167
  Accuracy: 99.8% (499/500)

======================================================================
RESULTS SUMMARY
======================================================================

OOTB Accuracy (Control prompt, N=100): 100.0%

Prompt Style    | VR       | Accuracy     | Interpretation
----------------------------------------------------------------------
control         | 0.0161   |  99.8%       | Stable
metacognition   | 0.0171   |  99.4%       | Stable
structure       | 0.0093   |  98.4%       | Stable
politeness      | 0.0167   |  99.8%       | Stable

----------------------------------------------------------------------
Most Stable (lowest VR): structure (VR=0.0093)
Least Stable (highest VR): metacognition (VR=0.0171)
Highest Accuracy: control (99.8%)
Lowest Accuracy: structure (98.4%)

Results saved to ./outputs/results/flan-t5-large/qasc/synonym/w1_n20_s86379.json

======================================================================
EXPERIMENT COMPLETE
======================================================================
