======================================================================
SENSITIVITY EXPERIMENT: FLAN-T5-LARGE on QASC
Config: model=flan-t5-large  dataset=qasc  samples=500  perturbations=20  method=synonym  seed=86379  styles=control,metacognition,structure,politeness
======================================================================

Device: cuda
Perturbation method: synonym
Loading Flan-T5-Large...
Model loaded successfully
Loading QASC dataset...
Loaded 926 items

======================================================================
STEP 1: OUT-OF-THE-BOX (OOTB) ACCURACY CHECK
======================================================================

Verifying model accuracy using Control prompt...
Random baseline: 12.5%
Valid signal threshold: 40.0%

==================================================
OOTB ACCURACY RESULT: 100.0% (100/100)
==================================================
Time: 2.8s

PASS: Accuracy exceeds threshold. Proceeding with experiments.

======================================================================
STEP 2: SENSITIVITY EXPERIMENTS
======================================================================

[CONTROL] Running experiment...
  Completed in 144.6s
  Average Variation Ratio: 0.0385
  Accuracy: 99.8% (499/500)

[METACOGNITION] Running experiment...
  Completed in 168.3s
  Average Variation Ratio: 0.0430
  Accuracy: 99.4% (497/500)

[STRUCTURE] Running experiment...
  Completed in 245.2s
  Average Variation Ratio: 0.0235
  Accuracy: 98.4% (492/500)

[POLITENESS] Running experiment...
  Completed in 161.4s
  Average Variation Ratio: 0.0387
  Accuracy: 99.8% (499/500)

======================================================================
RESULTS SUMMARY
======================================================================

OOTB Accuracy (Control prompt, N=100): 100.0%

Prompt Style    | VR       | Accuracy     | Interpretation
----------------------------------------------------------------------
control         | 0.0385   |  99.8%       | Stable
metacognition   | 0.0430   |  99.4%       | Stable
structure       | 0.0235   |  98.4%       | Stable
politeness      | 0.0387   |  99.8%       | Stable

----------------------------------------------------------------------
Most Stable (lowest VR): structure (VR=0.0235)
Least Stable (highest VR): metacognition (VR=0.0430)
Highest Accuracy: control (99.8%)
Lowest Accuracy: structure (98.4%)

Results saved to ./outputs/results/flan-t5-large/qasc/synonym/w3_n20_s86379.json

======================================================================
EXPERIMENT COMPLETE
======================================================================
