INFO: HTTP Request: HEAD https://huggingface.co/google/flan-t5-large/resolve/main/config.json "HTTP/1.1 307 Temporary Redirect"
INFO: HTTP Request: HEAD https://huggingface.co/api/resolve-cache/models/google/flan-t5-large/0613663d0d48ea86ba8cb3d7a44f0f65dc596a2a/config.json "HTTP/1.1 200 OK"
INFO: HTTP Request: GET https://huggingface.co/api/resolve-cache/models/google/flan-t5-large/0613663d0d48ea86ba8cb3d7a44f0f65dc596a2a/config.json "HTTP/1.1 200 OK"
INFO: HTTP Request: HEAD https://huggingface.co/google/flan-t5-large/resolve/main/tokenizer_config.json "HTTP/1.1 307 Temporary Redirect"
INFO: HTTP Request: HEAD https://huggingface.co/api/resolve-cache/models/google/flan-t5-large/0613663d0d48ea86ba8cb3d7a44f0f65dc596a2a/tokenizer_config.json "HTTP/1.1 200 OK"
INFO: HTTP Request: GET https://huggingface.co/api/resolve-cache/models/google/flan-t5-large/0613663d0d48ea86ba8cb3d7a44f0f65dc596a2a/tokenizer_config.json "HTTP/1.1 200 OK"
INFO: HTTP Request: GET https://huggingface.co/api/models/google/flan-t5-large/tree/main/additional_chat_templates?recursive=false&expand=false "HTTP/1.1 404 Not Found"
INFO: HTTP Request: GET https://huggingface.co/api/models/google/flan-t5-large/tree/main?recursive=true&expand=false "HTTP/1.1 200 OK"
INFO: HTTP Request: HEAD https://huggingface.co/google/flan-t5-large/resolve/main/spiece.model "HTTP/1.1 302 Found"
INFO: HTTP Request: GET https://huggingface.co/api/models/google/flan-t5-large/xet-read-token/0613663d0d48ea86ba8cb3d7a44f0f65dc596a2a "HTTP/1.1 200 OK"
INFO: HTTP Request: HEAD https://huggingface.co/google/flan-t5-large/resolve/main/tokenizer.json "HTTP/1.1 307 Temporary Redirect"
INFO: HTTP Request: HEAD https://huggingface.co/api/resolve-cache/models/google/flan-t5-large/0613663d0d48ea86ba8cb3d7a44f0f65dc596a2a/tokenizer.json "HTTP/1.1 200 OK"
INFO: HTTP Request: GET https://huggingface.co/api/resolve-cache/models/google/flan-t5-large/0613663d0d48ea86ba8cb3d7a44f0f65dc596a2a/tokenizer.json "HTTP/1.1 200 OK"
INFO: HTTP Request: HEAD https://huggingface.co/google/flan-t5-large/resolve/main/added_tokens.json "HTTP/1.1 404 Not Found"
INFO: HTTP Request: HEAD https://huggingface.co/google/flan-t5-large/resolve/main/special_tokens_map.json "HTTP/1.1 307 Temporary Redirect"
INFO: HTTP Request: HEAD https://huggingface.co/api/resolve-cache/models/google/flan-t5-large/0613663d0d48ea86ba8cb3d7a44f0f65dc596a2a/special_tokens_map.json "HTTP/1.1 200 OK"
INFO: HTTP Request: GET https://huggingface.co/api/resolve-cache/models/google/flan-t5-large/0613663d0d48ea86ba8cb3d7a44f0f65dc596a2a/special_tokens_map.json "HTTP/1.1 200 OK"
INFO: HTTP Request: HEAD https://huggingface.co/google/flan-t5-large/resolve/main/chat_template.jinja "HTTP/1.1 404 Not Found"
INFO: HTTP Request: HEAD https://huggingface.co/google/flan-t5-large/resolve/main/config.json "HTTP/1.1 307 Temporary Redirect"
INFO: HTTP Request: HEAD https://huggingface.co/api/resolve-cache/models/google/flan-t5-large/0613663d0d48ea86ba8cb3d7a44f0f65dc596a2a/config.json "HTTP/1.1 200 OK"
INFO: HTTP Request: HEAD https://huggingface.co/google/flan-t5-large/resolve/main/model.safetensors "HTTP/1.1 302 Found"
Loading weights:   0%|          | 0/558 [00:00<?, ?it/s]Loading weights:  11%|█         | 60/558 [00:00<00:00, 599.51it/s]Loading weights:  26%|██▌       | 144/558 [00:00<00:00, 698.26it/s]Loading weights:  38%|███▊      | 214/558 [00:00<00:00, 369.16it/s]Loading weights:  47%|████▋     | 263/558 [00:00<00:00, 300.84it/s]Loading weights:  54%|█████▍    | 301/558 [00:00<00:00, 292.87it/s]Loading weights:  61%|██████▏   | 343/558 [00:00<00:00, 313.97it/s]Loading weights:  68%|██████▊   | 379/558 [00:01<00:00, 266.88it/s]Loading weights:  73%|███████▎  | 409/558 [00:01<00:00, 237.11it/s]Loading weights:  78%|███████▊  | 435/558 [00:01<00:00, 227.98it/s]Loading weights:  84%|████████▍ | 470/558 [00:01<00:00, 254.80it/s]Loading weights:  98%|█████████▊| 548/558 [00:01<00:00, 380.57it/s]Loading weights: 100%|██████████| 558/558 [00:01<00:00, 330.28it/s]
The tied weights mapping and config for this model specifies to tie shared.weight to lm_head.weight, but both are present in the checkpoints, so we will NOT tie them. You should update the config with `tie_word_embeddings=False` to silence this warning
INFO: HTTP Request: HEAD https://huggingface.co/google/flan-t5-large/resolve/main/generation_config.json "HTTP/1.1 307 Temporary Redirect"
INFO: HTTP Request: HEAD https://huggingface.co/api/resolve-cache/models/google/flan-t5-large/0613663d0d48ea86ba8cb3d7a44f0f65dc596a2a/generation_config.json "HTTP/1.1 200 OK"
INFO: HTTP Request: GET https://huggingface.co/api/resolve-cache/models/google/flan-t5-large/0613663d0d48ea86ba8cb3d7a44f0f65dc596a2a/generation_config.json "HTTP/1.1 200 OK"
INFO: HTTP Request: HEAD https://huggingface.co/datasets/nyu-mll/glue/resolve/main/README.md "HTTP/1.1 307 Temporary Redirect"
INFO: HTTP Request: HEAD https://huggingface.co/api/resolve-cache/datasets/nyu-mll/glue/bcdcba79d07bc864c1c254ccfcedcce55bcc9a8c/README.md "HTTP/1.1 200 OK"
INFO: HTTP Request: HEAD https://huggingface.co/datasets/nyu-mll/glue/resolve/bcdcba79d07bc864c1c254ccfcedcce55bcc9a8c/glue.py "HTTP/1.1 404 Not Found"
INFO: HTTP Request: HEAD https://s3.amazonaws.com/datasets.huggingface.co/datasets/datasets/nyu-mll/glue/nyu-mll/glue.py "HTTP/1.1 404 Not Found"
INFO: HTTP Request: GET https://huggingface.co/api/datasets/nyu-mll/glue/revision/bcdcba79d07bc864c1c254ccfcedcce55bcc9a8c "HTTP/1.1 200 OK"
INFO: HTTP Request: HEAD https://huggingface.co/datasets/nyu-mll/glue/resolve/bcdcba79d07bc864c1c254ccfcedcce55bcc9a8c/.huggingface.yaml "HTTP/1.1 404 Not Found"
INFO: HTTP Request: GET https://datasets-server.huggingface.co/info?dataset=nyu-mll/glue "HTTP/1.1 200 OK"
INFO: HTTP Request: GET https://huggingface.co/api/datasets/nyu-mll/glue/tree/bcdcba79d07bc864c1c254ccfcedcce55bcc9a8c/ax?recursive=true&expand=false "HTTP/1.1 200 OK"
INFO: HTTP Request: GET https://huggingface.co/api/datasets/nyu-mll/glue/tree/bcdcba79d07bc864c1c254ccfcedcce55bcc9a8c?recursive=false&expand=false "HTTP/1.1 200 OK"
INFO: HTTP Request: HEAD https://huggingface.co/datasets/nyu-mll/glue/resolve/bcdcba79d07bc864c1c254ccfcedcce55bcc9a8c/dataset_infos.json "HTTP/1.1 404 Not Found"
INFO: HTTP Request: GET https://huggingface.co/api/datasets/nyu-mll/glue/tree/bcdcba79d07bc864c1c254ccfcedcce55bcc9a8c/cola?recursive=true&expand=false "HTTP/1.1 200 OK"
