======================================================================
SENSITIVITY EXPERIMENT: PYTHIA-410M on COLA
Config: model=pythia-410m  dataset=cola  samples=500  perturbations=20  method=paraphrase  seed=105  styles=control,metacognition,structure,politeness
======================================================================

Device: cuda
Perturbation method: paraphrase
Available seeds for multi-run: (105, 2266, 86379)
Loading paraphrase model (flan-t5-small)...
Paraphraser ready.
Loading Pythia-410M...
Model loaded successfully
Loading CoLA dataset...
Loaded 1043 items

======================================================================
STEP 1: OUT-OF-THE-BOX (OOTB) ACCURACY CHECK
======================================================================

Verifying model accuracy using Control prompt...
Random baseline: 50.0%
Valid signal threshold: 60.0%

==================================================
OOTB ACCURACY RESULT: 72.2% (65/90)
==================================================
Time: 8.1s

PASS: Accuracy exceeds threshold. Proceeding with experiments.

======================================================================
STEP 2: SENSITIVITY EXPERIMENTS
======================================================================

[CONTROL] Running experiment...
  Completed in 5868.1s
  Average Variation Ratio: 0.0169
  Accuracy: 59.2% (296/500)

[METACOGNITION] Running experiment...
  Completed in 6001.7s
  Average Variation Ratio: 0.0895
  Accuracy: 6.6% (33/500)

[STRUCTURE] Running experiment...
  Completed in 7816.2s
  Average Variation Ratio: 0.0000
  Accuracy: 61.0% (305/500)

[POLITENESS] Running experiment...
  Completed in 6022.8s
  Average Variation Ratio: 0.0146
  Accuracy: 58.0% (290/500)

======================================================================
RESULTS SUMMARY
======================================================================

OOTB Accuracy (Control prompt, N=90): 72.2%

Prompt Style    | VR       | Accuracy     | Interpretation
----------------------------------------------------------------------
control         | 0.0169   |  59.2%       | Stable
metacognition   | 0.0895   |   6.6%       | Stable
structure       | 0.0000   |  61.0%       | Stable
politeness      | 0.0146   |  58.0%       | Stable

----------------------------------------------------------------------
Most Stable (lowest VR): structure (VR=0.0000)
Least Stable (highest VR): metacognition (VR=0.0895)
Highest Accuracy: structure (61.0%)
Lowest Accuracy: metacognition (6.6%)

Results saved to ./outputs/results/pythia-410m/cola/paraphrase/n20_s105.json

======================================================================
EXPERIMENT COMPLETE
======================================================================
