======================================================================
SENSITIVITY EXPERIMENT: PYTHIA-410M on COLA
Config: model=pythia-410m  dataset=cola  samples=500  perturbations=20  method=synonym  seed=105  styles=control,metacognition,structure,politeness
======================================================================

Device: cuda
Perturbation method: synonym
Available seeds for multi-run: (105, 2266, 86379)
Loading Pythia-410M...
Model loaded successfully
Loading CoLA dataset...
Loaded 1043 items

======================================================================
STEP 1: OUT-OF-THE-BOX (OOTB) ACCURACY CHECK
======================================================================

Verifying model accuracy using Control prompt...
Random baseline: 50.0%
Valid signal threshold: 60.0%

==================================================
OOTB ACCURACY RESULT: 72.2% (65/90)
==================================================
Time: 3.7s

PASS: Accuracy exceeds threshold. Proceeding with experiments.

======================================================================
STEP 2: SENSITIVITY EXPERIMENTS
======================================================================

[CONTROL] Running experiment...
  Completed in 168.3s
  Average Variation Ratio: 0.0143
  Accuracy: 59.0% (295/500)

[METACOGNITION] Running experiment...
  Completed in 224.1s
  Average Variation Ratio: 0.0317
  Accuracy: 6.8% (34/500)

[STRUCTURE] Running experiment...
  Completed in 1387.7s
  Average Variation Ratio: 0.0000
  Accuracy: 60.8% (304/500)

[POLITENESS] Running experiment...
  Completed in 236.3s
  Average Variation Ratio: 0.0135
  Accuracy: 57.0% (285/500)

======================================================================
RESULTS SUMMARY
======================================================================

OOTB Accuracy (Control prompt, N=90): 72.2%

Prompt Style    | VR       | Accuracy     | Interpretation
----------------------------------------------------------------------
control         | 0.0143   |  59.0%       | Stable
metacognition   | 0.0317   |   6.8%       | Stable
structure       | 0.0000   |  60.8%       | Stable
politeness      | 0.0135   |  57.0%       | Stable

----------------------------------------------------------------------
Most Stable (lowest VR): structure (VR=0.0000)
Least Stable (highest VR): metacognition (VR=0.0317)
Highest Accuracy: structure (60.8%)
Lowest Accuracy: metacognition (6.8%)

Results saved to ./outputs/results/pythia-410m/cola/synonym/w1_n20_s105.json

======================================================================
EXPERIMENT COMPLETE
======================================================================
