======================================================================
SENSITIVITY EXPERIMENT: PYTHIA-410M on COLA
Config: model=pythia-410m  dataset=cola  samples=500  perturbations=20  method=synonym  seed=105  styles=control,metacognition,structure,politeness
======================================================================

Device: cuda
Perturbation method: synonym
Available seeds for multi-run: (105, 2266, 86379)
Loading Pythia-410M...
Model loaded successfully
Loading CoLA dataset...
Loaded 1043 items

======================================================================
STEP 1: OUT-OF-THE-BOX (OOTB) ACCURACY CHECK
======================================================================

Verifying model accuracy using Control prompt...
Random baseline: 50.0%
Valid signal threshold: 60.0%

==================================================
OOTB ACCURACY RESULT: 73.0% (65/89)
==================================================
Time: 4.8s

PASS: Accuracy exceeds threshold. Proceeding with experiments.

======================================================================
STEP 2: SENSITIVITY EXPERIMENTS
======================================================================

[CONTROL] Running experiment...
  Completed in 166.4s
  Average Variation Ratio: 0.0167
  Accuracy: 58.6% (293/500)

[METACOGNITION] Running experiment...
  Completed in 168.6s
  Average Variation Ratio: 0.0273
  Accuracy: 6.6% (33/500)

[STRUCTURE] Running experiment...
  Completed in 795.0s
  Average Variation Ratio: 0.0000
  Accuracy: 60.0% (300/500)

[POLITENESS] Running experiment...
  Completed in 159.5s
  Average Variation Ratio: 0.0105
  Accuracy: 57.4% (287/500)

======================================================================
RESULTS SUMMARY
======================================================================

OOTB Accuracy (Control prompt, N=89): 73.0%

Prompt Style    | VR       | Accuracy     | Interpretation
----------------------------------------------------------------------
control         | 0.0167   |  58.6%       | Stable
metacognition   | 0.0273   |   6.6%       | Stable
structure       | 0.0000   |  60.0%       | Stable
politeness      | 0.0105   |  57.4%       | Stable

----------------------------------------------------------------------
Most Stable (lowest VR): structure (VR=0.0000)
Least Stable (highest VR): metacognition (VR=0.0273)
Highest Accuracy: structure (60.0%)
Lowest Accuracy: metacognition (6.6%)

Results saved to ./outputs/results/pythia-410m/cola/synonym/w5_n20_s105.json

======================================================================
EXPERIMENT COMPLETE
======================================================================
