======================================================================
SENSITIVITY EXPERIMENT: PYTHIA-410M on COLA
Config: model=pythia-410m  dataset=cola  samples=500  perturbations=20  method=paraphrase  seed=105  styles=control,metacognition,structure,politeness
======================================================================

Device: cuda
Perturbation method: paraphrase
Available seeds for multi-run: (105, 2266, 86379)
Loading paraphrase model (flan-t5-small)...
Paraphraser ready.
Loading Pythia-410M...
Model loaded successfully
Loading CoLA dataset...
Loaded 1043 items

======================================================================
STEP 1: OUT-OF-THE-BOX (OOTB) ACCURACY CHECK
======================================================================

Verifying model accuracy using Control prompt...
Random baseline: 50.0%
Valid signal threshold: 60.0%

==================================================
OOTB ACCURACY RESULT: 73.0% (65/89)
==================================================
Time: 5.4s

PASS: Accuracy exceeds threshold. Proceeding with experiments.

======================================================================
STEP 2: SENSITIVITY EXPERIMENTS
======================================================================

[CONTROL] Running experiment...
  Completed in 3603.6s
  Average Variation Ratio: 0.0215
  Accuracy: 60.0% (300/500)

[METACOGNITION] Running experiment...
  Completed in 3514.5s
  Average Variation Ratio: 0.1130
  Accuracy: 6.2% (31/500)

[STRUCTURE] Running experiment...
  Completed in 4331.6s
  Average Variation Ratio: 0.0000
  Accuracy: 59.6% (298/500)

[POLITENESS] Running experiment...
  Completed in 3661.1s
  Average Variation Ratio: 0.0179
  Accuracy: 57.2% (286/500)

======================================================================
RESULTS SUMMARY
======================================================================

OOTB Accuracy (Control prompt, N=89): 73.0%

Prompt Style    | VR       | Accuracy     | Interpretation
----------------------------------------------------------------------
control         | 0.0215   |  60.0%       | Stable
metacognition   | 0.1130   |   6.2%       | Stable
structure       | 0.0000   |  59.6%       | Stable
politeness      | 0.0179   |  57.2%       | Stable

----------------------------------------------------------------------
Most Stable (lowest VR): structure (VR=0.0000)
Least Stable (highest VR): metacognition (VR=0.1130)
Highest Accuracy: control (60.0%)
Lowest Accuracy: metacognition (6.2%)

Results saved to ./outputs/results/pythia-410m/cola/paraphrase/n20_s105.json

======================================================================
EXPERIMENT COMPLETE
======================================================================
