======================================================================
SENSITIVITY EXPERIMENT: PYTHIA-410M on QASC
Config: model=pythia-410m  dataset=qasc  samples=500  perturbations=20  method=synonym  seed=86379  styles=control,metacognition,structure,politeness
======================================================================

Device: cuda
Perturbation method: synonym
Available seeds for multi-run: (105, 2266, 86379)
Loading Pythia-410M...
Model loaded successfully
Loading QASC dataset...
Loaded 926 items

======================================================================
STEP 1: OUT-OF-THE-BOX (OOTB) ACCURACY CHECK
======================================================================

Verifying model accuracy using Control prompt...
Random baseline: 12.5%
Valid signal threshold: 40.0%

==================================================
OOTB ACCURACY RESULT: 15.0% (15/100)
==================================================
Time: 10.4s

WARNING: Accuracy below threshold. Proceeding with caution...

======================================================================
STEP 2: SENSITIVITY EXPERIMENTS
======================================================================

[CONTROL] Running experiment...
  Completed in 729.5s
  Average Variation Ratio: 0.0041
  Accuracy: 13.0% (65/500)

[METACOGNITION] Running experiment...
  Completed in 790.2s
  Average Variation Ratio: 0.0024
  Accuracy: 13.0% (65/500)

[STRUCTURE] Running experiment...
  Completed in 5170.0s
  Average Variation Ratio: 0.0000
  Accuracy: 13.0% (65/500)

[POLITENESS] Running experiment...
  Completed in 798.2s
  Average Variation Ratio: 0.0000
  Accuracy: 13.0% (65/500)

======================================================================
RESULTS SUMMARY
======================================================================

OOTB Accuracy (Control prompt, N=100): 15.0%

Prompt Style    | VR       | Accuracy     | Interpretation
----------------------------------------------------------------------
control         | 0.0041   |  13.0%       | Stable
metacognition   | 0.0024   |  13.0%       | Stable
structure       | 0.0000   |  13.0%       | Stable
politeness      | 0.0000   |  13.0%       | Stable

----------------------------------------------------------------------
Most Stable (lowest VR): structure (VR=0.0000)
Least Stable (highest VR): control (VR=0.0041)
Highest Accuracy: control (13.0%)
Lowest Accuracy: control (13.0%)

Results saved to ./outputs/results/pythia-410m/qasc/synonym/w3_n20_s86379.json

======================================================================
EXPERIMENT COMPLETE
======================================================================
