======================================================================
SENSITIVITY EXPERIMENT: FLAN-T5-BASE on CSQA
Config: phase=phase_4  model=flan-t5-base  dataset=csqa  samples=500  perturbations=20  method=synonym  seed=86379  styles=control,metacognition,structure,politeness
======================================================================

Device: cuda
Perturbation method: synonym
Available seeds for multi-run: (105, 2266, 86379)
Loading Flan-T5-Base...
Model loaded successfully
Loading CommonsenseQA dataset...
Loaded 1221 items

======================================================================
STEP 1: OUT-OF-THE-BOX (OOTB) ACCURACY CHECK
======================================================================

Verifying model accuracy using Control prompt...
Random baseline: 20.0%
Valid signal threshold: 40.0%

==================================================
OOTB ACCURACY RESULT: 76.0% (76/100)
==================================================
Time: 7.1s

PASS: Accuracy exceeds threshold. Proceeding with experiments.

======================================================================
STEP 2: SENSITIVITY EXPERIMENTS
======================================================================

[CONTROL] Running experiment...
  Completed in 131.2s
  Average Variation Ratio: 0.1336
  Accuracy: 74.0% (370/500)

[METACOGNITION] Running experiment...
  Completed in 671.5s
  Average Variation Ratio: 0.1333
  Accuracy: 70.6% (353/500)

[STRUCTURE] Running experiment...
  Completed in 137.5s
  Average Variation Ratio: 0.1351
  Accuracy: 65.8% (329/500)

[POLITENESS] Running experiment...
  Completed in 129.0s
  Average Variation Ratio: 0.1301
  Accuracy: 71.6% (358/500)

======================================================================
RESULTS SUMMARY
======================================================================

OOTB Accuracy (Control prompt, N=100): 76.0%

Prompt Style    | VR       | Accuracy     | Interpretation
----------------------------------------------------------------------
control         | 0.1336   |  74.0%       | Stable
metacognition   | 0.1333   |  70.6%       | Stable
structure       | 0.1351   |  65.8%       | Stable
politeness      | 0.1301   |  71.6%       | Stable

----------------------------------------------------------------------
Most Stable (lowest VR): politeness (VR=0.1301)
Least Stable (highest VR): structure (VR=0.1351)
Highest Accuracy: control (74.0%)
Lowest Accuracy: structure (65.8%)

Results saved to ./outputs/results/phase_4/flan-t5-base/csqa/synonym/w1_n20_s86379_122238.json
Detailed responses saved to ./outputs/results/phase_4/flan-t5-base/csqa/synonym/w1_n20_s86379_detail.csv

======================================================================
EXPERIMENT COMPLETE
======================================================================
