======================================================================
SENSITIVITY EXPERIMENT: FLAN-T5-BASE on QASC
Config: phase=phase_4  model=flan-t5-base  dataset=qasc  samples=500  perturbations=20  method=paraphrase  seed=86379  styles=control,metacognition,structure,politeness
======================================================================

Device: cuda
Perturbation method: paraphrase
Available seeds for multi-run: (105, 2266, 86379)
Loading paraphrase model (flan-t5-small)...
Paraphraser ready.
Loading Flan-T5-Base...
Model loaded successfully
Loading QASC dataset...
Loaded 926 items

======================================================================
STEP 1: OUT-OF-THE-BOX (OOTB) ACCURACY CHECK
======================================================================

Verifying model accuracy using Control prompt...
Random baseline: 12.5%
Valid signal threshold: 40.0%

==================================================
OOTB ACCURACY RESULT: 46.0% (46/100)
==================================================
Time: 3.5s

PASS: Accuracy exceeds threshold. Proceeding with experiments.

======================================================================
STEP 2: SENSITIVITY EXPERIMENTS
======================================================================

[CONTROL] Running experiment...
  Completed in 6372.7s
  Average Variation Ratio: 0.3126
  Accuracy: 44.8% (224/500)

[METACOGNITION] Running experiment...
  Completed in 7027.5s
  Average Variation Ratio: 0.3009
  Accuracy: 40.4% (202/500)

[STRUCTURE] Running experiment...
  Completed in 7122.7s
  Average Variation Ratio: 0.1574
  Accuracy: 39.6% (198/500)

[POLITENESS] Running experiment...
  Completed in 6367.0s
  Average Variation Ratio: 0.3201
  Accuracy: 44.8% (224/500)

======================================================================
RESULTS SUMMARY
======================================================================

OOTB Accuracy (Control prompt, N=100): 46.0%

Prompt Style    | VR       | Accuracy     | Interpretation
----------------------------------------------------------------------
control         | 0.3126   |  44.8%       | Moderate
metacognition   | 0.3009   |  40.4%       | Moderate
structure       | 0.1574   |  39.6%       | Stable
politeness      | 0.3201   |  44.8%       | Moderate

----------------------------------------------------------------------
Most Stable (lowest VR): structure (VR=0.1574)
Least Stable (highest VR): politeness (VR=0.3201)
Highest Accuracy: control (44.8%)
Lowest Accuracy: structure (39.6%)

Results saved to ./outputs/results/phase_4/flan-t5-base/qasc/paraphrase/n20_s86379_195755.json
Detailed responses saved to ./outputs/results/phase_4/flan-t5-base/qasc/paraphrase/n20_s86379_detail.csv

======================================================================
EXPERIMENT COMPLETE
======================================================================
