======================================================================
SENSITIVITY EXPERIMENT: FLAN-T5-BASE on CSQA
Config: phase=phase_4  model=flan-t5-base  dataset=csqa  samples=500  perturbations=20  method=paraphrase  seed=105  styles=control,metacognition,structure,politeness
======================================================================

Device: cuda
Perturbation method: paraphrase
Available seeds for multi-run: (105, 2266, 86379)
Loading paraphrase model (flan-t5-small)...
Paraphraser ready.
Loading Flan-T5-Base...
Model loaded successfully
Loading CommonsenseQA dataset...
Loaded 1221 items

======================================================================
STEP 1: OUT-OF-THE-BOX (OOTB) ACCURACY CHECK
======================================================================

Verifying model accuracy using Control prompt...
Random baseline: 20.0%
Valid signal threshold: 40.0%

==================================================
OOTB ACCURACY RESULT: 74.0% (74/100)
==================================================
Time: 1.6s

PASS: Accuracy exceeds threshold. Proceeding with experiments.

======================================================================
STEP 2: SENSITIVITY EXPERIMENTS
======================================================================

[CONTROL] Running experiment...
  Completed in 2253.8s
  Average Variation Ratio: 0.2727
  Accuracy: 71.8% (359/500)

[METACOGNITION] Running experiment...
  Completed in 2457.5s
  Average Variation Ratio: 0.2689
  Accuracy: 69.2% (346/500)

[STRUCTURE] Running experiment...
  Completed in 2575.6s
  Average Variation Ratio: 0.1408
  Accuracy: 66.0% (330/500)

[POLITENESS] Running experiment...
  Completed in 2393.3s
  Average Variation Ratio: 0.3092
  Accuracy: 70.0% (350/500)

======================================================================
RESULTS SUMMARY
======================================================================

OOTB Accuracy (Control prompt, N=100): 74.0%

Prompt Style    | VR       | Accuracy     | Interpretation
----------------------------------------------------------------------
control         | 0.2727   |  71.8%       | Moderate
metacognition   | 0.2689   |  69.2%       | Moderate
structure       | 0.1408   |  66.0%       | Stable
politeness      | 0.3092   |  70.0%       | Moderate

----------------------------------------------------------------------
Most Stable (lowest VR): structure (VR=0.1408)
Least Stable (highest VR): politeness (VR=0.3092)
Highest Accuracy: control (71.8%)
Lowest Accuracy: structure (66.0%)

Results saved to ./outputs/results/phase_4/flan-t5-base/csqa/paraphrase/n20_s105_210810.json
Detailed responses saved to ./outputs/results/phase_4/flan-t5-base/csqa/paraphrase/n20_s105_detail.csv

======================================================================
EXPERIMENT COMPLETE
======================================================================
