======================================================================
SENSITIVITY EXPERIMENT: FLAN-T5-BASE on CSQA
Config: phase=phase_4  model=flan-t5-base  dataset=csqa  samples=500  perturbations=20  method=synonym  seed=105  styles=control,metacognition,structure,politeness
======================================================================

Device: cuda
Perturbation method: synonym
Available seeds for multi-run: (105, 2266, 86379)
Loading Flan-T5-Base...
Model loaded successfully
Loading CommonsenseQA dataset...
Loaded 1221 items

======================================================================
STEP 1: OUT-OF-THE-BOX (OOTB) ACCURACY CHECK
======================================================================

Verifying model accuracy using Control prompt...
Random baseline: 20.0%
Valid signal threshold: 40.0%

==================================================
OOTB ACCURACY RESULT: 74.0% (74/100)
==================================================
Time: 1.7s

PASS: Accuracy exceeds threshold. Proceeding with experiments.

======================================================================
STEP 2: SENSITIVITY EXPERIMENTS
======================================================================

[CONTROL] Running experiment...
  Completed in 58.4s
  Average Variation Ratio: 0.1413
  Accuracy: 71.8% (359/500)

[METACOGNITION] Running experiment...
  Completed in 277.7s
  Average Variation Ratio: 0.1390
  Accuracy: 69.2% (346/500)

[STRUCTURE] Running experiment...
  Completed in 67.9s
  Average Variation Ratio: 0.1406
  Accuracy: 66.0% (330/500)

[POLITENESS] Running experiment...
  Completed in 59.8s
  Average Variation Ratio: 0.1362
  Accuracy: 70.0% (350/500)

======================================================================
RESULTS SUMMARY
======================================================================

OOTB Accuracy (Control prompt, N=100): 74.0%

Prompt Style    | VR       | Accuracy     | Interpretation
----------------------------------------------------------------------
control         | 0.1413   |  71.8%       | Stable
metacognition   | 0.1390   |  69.2%       | Stable
structure       | 0.1406   |  66.0%       | Stable
politeness      | 0.1362   |  70.0%       | Stable

----------------------------------------------------------------------
Most Stable (lowest VR): politeness (VR=0.1362)
Least Stable (highest VR): control (VR=0.1413)
Highest Accuracy: control (71.8%)
Lowest Accuracy: structure (66.0%)

Results saved to ./outputs/results/phase_4/flan-t5-base/csqa/synonym/w1_n20_s105_104215.json
Detailed responses saved to ./outputs/results/phase_4/flan-t5-base/csqa/synonym/w1_n20_s105_detail.csv

======================================================================
EXPERIMENT COMPLETE
======================================================================
