======================================================================
SENSITIVITY EXPERIMENT: FLAN-T5-BASE on CSQA
Config: phase=phase_4  model=flan-t5-base  dataset=csqa  samples=500  perturbations=20  method=synonym  seed=86379  styles=control,metacognition,structure,politeness
======================================================================

Device: cuda
Perturbation method: synonym
Available seeds for multi-run: (105, 2266, 86379)
Loading Flan-T5-Base...
Model loaded successfully
Loading CommonsenseQA dataset...
Loaded 1221 items

======================================================================
STEP 1: OUT-OF-THE-BOX (OOTB) ACCURACY CHECK
======================================================================

Verifying model accuracy using Control prompt...
Random baseline: 20.0%
Valid signal threshold: 40.0%

==================================================
OOTB ACCURACY RESULT: 76.0% (76/100)
==================================================
Time: 7.1s

PASS: Accuracy exceeds threshold. Proceeding with experiments.

======================================================================
STEP 2: SENSITIVITY EXPERIMENTS
======================================================================

[CONTROL] Running experiment...
  Completed in 122.8s
  Average Variation Ratio: 0.2596
  Accuracy: 74.0% (370/500)

[METACOGNITION] Running experiment...
  Completed in 678.7s
  Average Variation Ratio: 0.2614
  Accuracy: 70.6% (353/500)

[STRUCTURE] Running experiment...
  Completed in 131.2s
  Average Variation Ratio: 0.2651
  Accuracy: 65.8% (329/500)

[POLITENESS] Running experiment...
  Completed in 120.3s
  Average Variation Ratio: 0.2607
  Accuracy: 71.6% (358/500)

======================================================================
RESULTS SUMMARY
======================================================================

OOTB Accuracy (Control prompt, N=100): 76.0%

Prompt Style    | VR       | Accuracy     | Interpretation
----------------------------------------------------------------------
control         | 0.2596   |  74.0%       | Moderate
metacognition   | 0.2614   |  70.6%       | Moderate
structure       | 0.2651   |  65.8%       | Moderate
politeness      | 0.2607   |  71.6%       | Moderate

----------------------------------------------------------------------
Most Stable (lowest VR): control (VR=0.2596)
Least Stable (highest VR): structure (VR=0.2651)
Highest Accuracy: control (74.0%)
Lowest Accuracy: structure (65.8%)

Results saved to ./outputs/results/phase_4/flan-t5-base/csqa/synonym/w3_n20_s86379_122222.json
Detailed responses saved to ./outputs/results/phase_4/flan-t5-base/csqa/synonym/w3_n20_s86379_detail.csv

======================================================================
EXPERIMENT COMPLETE
======================================================================
