======================================================================
SENSITIVITY EXPERIMENT: FLAN-T5-BASE on QASC
Config: phase=phase_4  model=flan-t5-base  dataset=qasc  samples=500  perturbations=20  method=synonym  seed=86379  styles=control,metacognition,structure,politeness
======================================================================

Device: cuda
Perturbation method: synonym
Available seeds for multi-run: (105, 2266, 86379)
Loading Flan-T5-Base...
Model loaded successfully
Loading QASC dataset...
Loaded 926 items

======================================================================
STEP 1: OUT-OF-THE-BOX (OOTB) ACCURACY CHECK
======================================================================

Verifying model accuracy using Control prompt...
Random baseline: 12.5%
Valid signal threshold: 40.0%

==================================================
OOTB ACCURACY RESULT: 46.0% (46/100)
==================================================
Time: 3.5s

PASS: Accuracy exceeds threshold. Proceeding with experiments.

======================================================================
STEP 2: SENSITIVITY EXPERIMENTS
======================================================================

[CONTROL] Running experiment...
  Completed in 136.0s
  Average Variation Ratio: 0.1411
  Accuracy: 44.8% (224/500)

[METACOGNITION] Running experiment...
  Completed in 764.2s
  Average Variation Ratio: 0.1589
  Accuracy: 40.4% (202/500)

[STRUCTURE] Running experiment...
  Completed in 211.9s
  Average Variation Ratio: 0.1493
  Accuracy: 39.6% (198/500)

[POLITENESS] Running experiment...
  Completed in 126.4s
  Average Variation Ratio: 0.1490
  Accuracy: 44.8% (224/500)

======================================================================
RESULTS SUMMARY
======================================================================

OOTB Accuracy (Control prompt, N=100): 46.0%

Prompt Style    | VR       | Accuracy     | Interpretation
----------------------------------------------------------------------
control         | 0.1411   |  44.8%       | Stable
metacognition   | 0.1589   |  40.4%       | Stable
structure       | 0.1493   |  39.6%       | Stable
politeness      | 0.1490   |  44.8%       | Stable

----------------------------------------------------------------------
Most Stable (lowest VR): control (VR=0.1411)
Least Stable (highest VR): metacognition (VR=0.1589)
Highest Accuracy: control (44.8%)
Lowest Accuracy: structure (39.6%)

Results saved to ./outputs/results/phase_4/flan-t5-base/qasc/synonym/w1_n20_s86379_130257.json
Detailed responses saved to ./outputs/results/phase_4/flan-t5-base/qasc/synonym/w1_n20_s86379_detail.csv

======================================================================
EXPERIMENT COMPLETE
======================================================================
