======================================================================
SENSITIVITY EXPERIMENT: FLAN-T5-BASE on CSQA
Config: phase=phase_4  model=flan-t5-base  dataset=csqa  samples=500  perturbations=20  method=paraphrase  seed=2266  styles=control,metacognition,structure,politeness
======================================================================

Device: cuda
Perturbation method: paraphrase
Available seeds for multi-run: (105, 2266, 86379)
Loading paraphrase model (flan-t5-small)...
Paraphraser ready.
Loading Flan-T5-Base...
Model loaded successfully
Loading CommonsenseQA dataset...
Loaded 1221 items

======================================================================
STEP 1: OUT-OF-THE-BOX (OOTB) ACCURACY CHECK
======================================================================

Verifying model accuracy using Control prompt...
Random baseline: 20.0%
Valid signal threshold: 40.0%

==================================================
OOTB ACCURACY RESULT: 69.0% (69/100)
==================================================
Time: 1.8s

PASS: Accuracy exceeds threshold. Proceeding with experiments.

======================================================================
STEP 2: SENSITIVITY EXPERIMENTS
======================================================================

[CONTROL] Running experiment...
  Completed in 2489.3s
  Average Variation Ratio: 0.2696
  Accuracy: 71.0% (355/500)

[METACOGNITION] Running experiment...
  Completed in 2780.2s
  Average Variation Ratio: 0.2731
  Accuracy: 68.2% (341/500)

[STRUCTURE] Running experiment...
  Completed in 2864.5s
  Average Variation Ratio: 0.1386
  Accuracy: 65.0% (325/500)

[POLITENESS] Running experiment...
  Completed in 2679.9s
  Average Variation Ratio: 0.3099
  Accuracy: 69.8% (349/500)

======================================================================
RESULTS SUMMARY
======================================================================

OOTB Accuracy (Control prompt, N=100): 69.0%

Prompt Style    | VR       | Accuracy     | Interpretation
----------------------------------------------------------------------
control         | 0.2696   |  71.0%       | Moderate
metacognition   | 0.2731   |  68.2%       | Moderate
structure       | 0.1386   |  65.0%       | Stable
politeness      | 0.3099   |  69.8%       | Moderate

----------------------------------------------------------------------
Most Stable (lowest VR): structure (VR=0.1386)
Least Stable (highest VR): politeness (VR=0.3099)
Highest Accuracy: control (71.0%)
Lowest Accuracy: structure (65.0%)

Results saved to ./outputs/results/phase_4/flan-t5-base/csqa/paraphrase/n20_s2266_140302.json
Detailed responses saved to ./outputs/results/phase_4/flan-t5-base/csqa/paraphrase/n20_s2266_detail.csv

======================================================================
EXPERIMENT COMPLETE
======================================================================
