======================================================================
SENSITIVITY EXPERIMENT: FLAN-T5-BASE on QASC
Config: model=flan-t5-base  dataset=qasc  samples=500  perturbations=20  method=synonym  seed=86379  styles=control,metacognition,structure,politeness
======================================================================

Device: cuda
Perturbation method: synonym
Available seeds for multi-run: (105, 2266, 86379)
Loading Flan-T5-Base...
Model loaded successfully
Loading QASC dataset...
Loaded 926 items

======================================================================
STEP 1: OUT-OF-THE-BOX (OOTB) ACCURACY CHECK
======================================================================

Verifying model accuracy using Control prompt...
Random baseline: 12.5%
Valid signal threshold: 40.0%

==================================================
OOTB ACCURACY RESULT: 46.0% (46/100)
==================================================
Time: 1.2s

PASS: Accuracy exceeds threshold. Proceeding with experiments.

======================================================================
STEP 2: SENSITIVITY EXPERIMENTS
======================================================================

[CONTROL] Running experiment...
  Completed in 47.9s
  Average Variation Ratio: 0.1403
  Accuracy: 44.8% (224/500)

[METACOGNITION] Running experiment...
  Completed in 179.3s
  Average Variation Ratio: 0.1578
  Accuracy: 40.4% (202/500)

[STRUCTURE] Running experiment...
  Completed in 74.1s
  Average Variation Ratio: 0.1501
  Accuracy: 39.6% (198/500)

[POLITENESS] Running experiment...
  Completed in 50.9s
  Average Variation Ratio: 0.1467
  Accuracy: 44.8% (224/500)

======================================================================
RESULTS SUMMARY
======================================================================

OOTB Accuracy (Control prompt, N=100): 46.0%

Prompt Style    | VR       | Accuracy     | Interpretation
----------------------------------------------------------------------
control         | 0.1403   |  44.8%       | Stable
metacognition   | 0.1578   |  40.4%       | Stable
structure       | 0.1501   |  39.6%       | Stable
politeness      | 0.1467   |  44.8%       | Stable

----------------------------------------------------------------------
Most Stable (lowest VR): control (VR=0.1403)
Least Stable (highest VR): metacognition (VR=0.1578)
Highest Accuracy: control (44.8%)
Lowest Accuracy: structure (39.6%)

Results saved to ./outputs/results/flan-t5-base/qasc/synonym/w1_n20_s86379.json

======================================================================
EXPERIMENT COMPLETE
======================================================================
