======================================================================
SENSITIVITY EXPERIMENT: FLAN-T5-BASE on COLA
Config: model=flan-t5-base  dataset=cola  samples=500  perturbations=20  method=paraphrase  seed=2266  styles=control,metacognition,structure,politeness
======================================================================

Device: cuda
Perturbation method: paraphrase
Available seeds for multi-run: (105, 2266, 86379)
Loading paraphrase model (flan-t5-small)...
Paraphraser ready.
Loading Flan-T5-Base...
Model loaded successfully
Loading CoLA dataset...
Loaded 1043 items

======================================================================
STEP 1: OUT-OF-THE-BOX (OOTB) ACCURACY CHECK
======================================================================

Verifying model accuracy using Control prompt...
Random baseline: 50.0%
Valid signal threshold: 60.0%

==================================================
OOTB ACCURACY RESULT: 29.0% (29/100)
==================================================
Time: 1.6s

WARNING: Accuracy (29.0%) is BELOW random baseline!
   Results may not be meaningful, but proceeding anyway...

======================================================================
STEP 2: SENSITIVITY EXPERIMENTS
======================================================================

[CONTROL] Running experiment...
  Completed in 4790.5s
  Average Variation Ratio: 0.0003
  Accuracy: 32.8% (164/500)

[METACOGNITION] Running experiment...
  Completed in 4878.9s
  Average Variation Ratio: 0.0002
  Accuracy: 32.8% (164/500)

[STRUCTURE] Running experiment...
  Completed in 4992.6s
  Average Variation Ratio: 0.2354
  Accuracy: 45.2% (226/500)

[POLITENESS] Running experiment...
  Completed in 4972.0s
  Average Variation Ratio: 0.0017
  Accuracy: 33.0% (165/500)

======================================================================
RESULTS SUMMARY
======================================================================

OOTB Accuracy (Control prompt, N=100): 29.0%

Prompt Style    | VR       | Accuracy     | Interpretation
----------------------------------------------------------------------
control         | 0.0003   |  32.8%       | Stable
metacognition   | 0.0002   |  32.8%       | Stable
structure       | 0.2354   |  45.2%       | Moderate
politeness      | 0.0017   |  33.0%       | Stable

----------------------------------------------------------------------
Most Stable (lowest VR): metacognition (VR=0.0002)
Least Stable (highest VR): structure (VR=0.2354)
Highest Accuracy: structure (45.2%)
Lowest Accuracy: control (32.8%)

Results saved to ./outputs/results/flan-t5-base/cola/paraphrase/n20_s2266.json

======================================================================
EXPERIMENT COMPLETE
======================================================================
