======================================================================
SENSITIVITY EXPERIMENT: FLAN-T5-BASE on COLA
Config: model=flan-t5-base  dataset=cola  samples=500  perturbations=20  method=synonym  seed=105  styles=control,metacognition,structure,politeness
======================================================================

Device: cuda
Perturbation method: synonym
Available seeds for multi-run: (105, 2266, 86379)
Loading Flan-T5-Base...
Model loaded successfully
Loading CoLA dataset...
Loaded 1043 items

======================================================================
STEP 1: OUT-OF-THE-BOX (OOTB) ACCURACY CHECK
======================================================================

Verifying model accuracy using Control prompt...
Random baseline: 50.0%
Valid signal threshold: 60.0%

==================================================
OOTB ACCURACY RESULT: 30.0% (30/100)
==================================================
Time: 1.6s

WARNING: Accuracy (30.0%) is BELOW random baseline!
   Results may not be meaningful, but proceeding anyway...

======================================================================
STEP 2: SENSITIVITY EXPERIMENTS
======================================================================

[CONTROL] Running experiment...
  Completed in 33.8s
  Average Variation Ratio: 0.0000
  Accuracy: 32.6% (163/500)

[METACOGNITION] Running experiment...
  Completed in 36.4s
  Average Variation Ratio: 0.0000
  Accuracy: 32.6% (163/500)

[STRUCTURE] Running experiment...
  Completed in 42.3s
  Average Variation Ratio: 0.1140
  Accuracy: 45.2% (226/500)

[POLITENESS] Running experiment...
  Completed in 36.9s
  Average Variation Ratio: 0.0007
  Accuracy: 32.8% (164/500)

======================================================================
RESULTS SUMMARY
======================================================================

OOTB Accuracy (Control prompt, N=100): 30.0%

Prompt Style    | VR       | Accuracy     | Interpretation
----------------------------------------------------------------------
control         | 0.0000   |  32.6%       | Stable
metacognition   | 0.0000   |  32.6%       | Stable
structure       | 0.1140   |  45.2%       | Stable
politeness      | 0.0007   |  32.8%       | Stable

----------------------------------------------------------------------
Most Stable (lowest VR): control (VR=0.0000)
Least Stable (highest VR): structure (VR=0.1140)
Highest Accuracy: structure (45.2%)
Lowest Accuracy: control (32.6%)

Results saved to ./outputs/results/flan-t5-base/cola/synonym/w3_n20_s105.json

======================================================================
EXPERIMENT COMPLETE
======================================================================
