======================================================================
SENSITIVITY EXPERIMENT: FLAN-T5-BASE on QASC
Config: model=flan-t5-base  dataset=qasc  samples=500  perturbations=20  method=synonym  seed=86379  styles=control,metacognition,structure,politeness
======================================================================

Device: cuda
Perturbation method: synonym
Available seeds for multi-run: (105, 2266, 86379)
Loading Flan-T5-Base...
Model loaded successfully
Loading QASC dataset...
Loaded 926 items

======================================================================
STEP 1: OUT-OF-THE-BOX (OOTB) ACCURACY CHECK
======================================================================

Verifying model accuracy using Control prompt...
Random baseline: 12.5%
Valid signal threshold: 40.0%

==================================================
OOTB ACCURACY RESULT: 46.0% (46/100)
==================================================
Time: 1.7s

PASS: Accuracy exceeds threshold. Proceeding with experiments.

======================================================================
STEP 2: SENSITIVITY EXPERIMENTS
======================================================================

[CONTROL] Running experiment...
  Completed in 55.2s
  Average Variation Ratio: 0.2614
  Accuracy: 44.8% (224/500)

[METACOGNITION] Running experiment...
  Completed in 301.3s
  Average Variation Ratio: 0.2649
  Accuracy: 40.4% (202/500)

[STRUCTURE] Running experiment...
  Completed in 90.7s
  Average Variation Ratio: 0.2418
  Accuracy: 39.6% (198/500)

[POLITENESS] Running experiment...
  Completed in 59.9s
  Average Variation Ratio: 0.2710
  Accuracy: 44.8% (224/500)

======================================================================
RESULTS SUMMARY
======================================================================

OOTB Accuracy (Control prompt, N=100): 46.0%

Prompt Style    | VR       | Accuracy     | Interpretation
----------------------------------------------------------------------
control         | 0.2614   |  44.8%       | Moderate
metacognition   | 0.2649   |  40.4%       | Moderate
structure       | 0.2418   |  39.6%       | Moderate
politeness      | 0.2710   |  44.8%       | Moderate

----------------------------------------------------------------------
Most Stable (lowest VR): structure (VR=0.2418)
Least Stable (highest VR): politeness (VR=0.2710)
Highest Accuracy: control (44.8%)
Lowest Accuracy: structure (39.6%)

Results saved to ./outputs/results/flan-t5-base/qasc/synonym/w3_n20_s86379.json

======================================================================
EXPERIMENT COMPLETE
======================================================================
