======================================================================
SENSITIVITY EXPERIMENT: FLAN-T5-LARGE on COLA
Config: phase=phase_6  model=flan-t5-large  dataset=cola  samples=500  perturbations=20  method=synonym  sensitivity_on_raw=True  seed=2266  styles=control,metacognition,structure,politeness
======================================================================

Device: cuda
Perturbation method: synonym
Available seeds for multi-run: (105, 2266, 86379)
Loading Flan-T5-Large...
Model loaded successfully
Loading CoLA dataset...
Loaded 1043 items

======================================================================
STEP 1: OUT-OF-THE-BOX (OOTB) ACCURACY CHECK
======================================================================

Verifying model accuracy using Control prompt...
Random baseline: 50.0%
Valid signal threshold: 60.0%

==================================================
OOTB ACCURACY RESULT: 64.0% (64/100)
Parse rate: 100.0% (100/100)
==================================================
Time: 2.6s

PASS: Accuracy exceeds threshold. Proceeding with experiments.

======================================================================
STEP 2: SENSITIVITY EXPERIMENTS
======================================================================

[CONTROL] Running experiment...
  Completed in 86.7s
  Average Variation Ratio: 0.1021
  Accuracy: 62.0% (310/500)

[METACOGNITION] Running experiment...
  Completed in 96.4s
  Average Variation Ratio: 0.1107
  Accuracy: 66.4% (332/500)

[STRUCTURE] Running experiment...
  Completed in 114.4s
  Average Variation Ratio: 0.1073
  Accuracy: 70.0% (350/500)

[POLITENESS] Running experiment...
  Completed in 97.2s
  Average Variation Ratio: 0.1220
  Accuracy: 68.2% (341/500)

======================================================================
RESULTS SUMMARY
======================================================================

OOTB Accuracy (Control prompt, N=100): 64.0%

Prompt Style    | VR       | Accuracy     | Interpretation
----------------------------------------------------------------------
control         | 0.1021   |  62.0%       | Stable
metacognition   | 0.1107   |  66.4%       | Stable
structure       | 0.1073   |  70.0%       | Stable
politeness      | 0.1220   |  68.2%       | Stable

----------------------------------------------------------------------
Most Stable (lowest VR): control (VR=0.1021)
Least Stable (highest VR): politeness (VR=0.1220)
Highest Accuracy: structure (70.0%)
Lowest Accuracy: control (62.0%)

Results saved to ./outputs/results/phase_6/flan-t5-large/cola/synonym/w5_n20_s2266_132818.json
Detailed responses saved to ./outputs/results/phase_6/flan-t5-large/cola/synonym/w5_n20_s2266_detail.csv

======================================================================
EXPERIMENT COMPLETE
======================================================================
