======================================================================
SENSITIVITY EXPERIMENT: FLAN-T5-LARGE on CSQA
Config: phase=phase_6  model=flan-t5-large  dataset=csqa  samples=500  perturbations=20  method=paraphrase  sensitivity_on_raw=True  seed=105  styles=control,metacognition,structure,politeness
======================================================================

Device: cuda
Perturbation method: paraphrase
Available seeds for multi-run: (105, 2266, 86379)
Loading paraphrase model (flan-t5-small)...
Paraphraser ready.
Loading Flan-T5-Large...
Model loaded successfully
Loading CommonsenseQA dataset...
Loaded 1221 items

======================================================================
STEP 1: OUT-OF-THE-BOX (OOTB) ACCURACY CHECK
======================================================================

Verifying model accuracy using Control prompt...
Random baseline: 20.0%
Valid signal threshold: 40.0%

==================================================
OOTB ACCURACY RESULT: 80.0% (80/100)
Parse rate: 100.0% (100/100)
==================================================
Time: 6.2s

PASS: Accuracy exceeds threshold. Proceeding with experiments.

======================================================================
STEP 2: SENSITIVITY EXPERIMENTS
======================================================================

[CONTROL] Running experiment...
  Completed in 6598.9s
  Average Variation Ratio: 0.2789
  Accuracy: 83.2% (416/500)

[METACOGNITION] Running experiment...
  Completed in 7399.9s
  Average Variation Ratio: 0.6602
  Accuracy: 62.8% (314/500)

[STRUCTURE] Running experiment...
  Completed in 7897.4s
  Average Variation Ratio: 0.2412
  Accuracy: 50.8% (254/500)

[POLITENESS] Running experiment...
  Completed in 6218.3s
  Average Variation Ratio: 0.2886
  Accuracy: 82.6% (413/500)

======================================================================
RESULTS SUMMARY
======================================================================

OOTB Accuracy (Control prompt, N=100): 80.0%

Prompt Style    | VR       | Accuracy     | Interpretation
----------------------------------------------------------------------
control         | 0.2789   |  83.2%       | Moderate
metacognition   | 0.6602   |  62.8%       | Unstable
structure       | 0.2412   |  50.8%       | Moderate
politeness      | 0.2886   |  82.6%       | Moderate

----------------------------------------------------------------------
Most Stable (lowest VR): structure (VR=0.2412)
Least Stable (highest VR): metacognition (VR=0.6602)
Highest Accuracy: control (83.2%)
Lowest Accuracy: structure (50.8%)

Results saved to ./outputs/results/phase_6/flan-t5-large/csqa/paraphrase/n20_s105_192711.json
Detailed responses saved to ./outputs/results/phase_6/flan-t5-large/csqa/paraphrase/n20_s105_detail.csv

======================================================================
EXPERIMENT COMPLETE
======================================================================
