======================================================================
SENSITIVITY EXPERIMENT: PYTHIA-410M on CSQA
Config: phase=phase_4  model=pythia-410m  dataset=csqa  samples=500  perturbations=20  method=synonym  seed=86379  styles=control,metacognition,structure,politeness
======================================================================

Device: cuda
Perturbation method: synonym
Available seeds for multi-run: (105, 2266, 86379)
Loading Pythia-410M...
Model loaded successfully
Loading CommonsenseQA dataset...
Loaded 1221 items

======================================================================
STEP 1: OUT-OF-THE-BOX (OOTB) ACCURACY CHECK
======================================================================

Verifying model accuracy using Control prompt...
Random baseline: 20.0%
Valid signal threshold: 40.0%

==================================================
OOTB ACCURACY RESULT: 19.2% (19/99)
==================================================
Time: 9.6s

FAIL: Accuracy (19.2%) is BELOW random baseline (20.0%)!
   Model cannot perform this task. Skipping sensitivity experiments.
   (Saves significant Slurm compute time.)
