======================================================================
SENSITIVITY EXPERIMENT: PYTHIA-410M on COLA
Config: phase=phase_4  model=pythia-410m  dataset=cola  samples=500  perturbations=20  method=synonym  seed=86379  styles=control,metacognition,structure,politeness
======================================================================

Device: cuda
Perturbation method: synonym
Available seeds for multi-run: (105, 2266, 86379)
Loading Pythia-410M...
Model loaded successfully
Loading CoLA dataset...
Loaded 1043 items

======================================================================
STEP 1: OUT-OF-THE-BOX (OOTB) ACCURACY CHECK
======================================================================

Verifying model accuracy using Control prompt...
Random baseline: 50.0%
Valid signal threshold: 60.0%

==================================================
OOTB ACCURACY RESULT: 62.0% (57/92)
==================================================
Time: 5.9s

PASS: Accuracy exceeds threshold. Proceeding with experiments.

======================================================================
STEP 2: SENSITIVITY EXPERIMENTS
======================================================================

[CONTROL] Running experiment...
  Completed in 213.5s
  Average Variation Ratio: 0.0205
  Accuracy: 63.8% (319/500)

[METACOGNITION] Running experiment...
  Completed in 398.2s
  Average Variation Ratio: 0.0381
  Accuracy: 7.0% (35/500)

[STRUCTURE] Running experiment...
  Completed in 997.0s
  Average Variation Ratio: 0.0000
  Accuracy: 62.8% (314/500)

[POLITENESS] Running experiment...
  Completed in 200.8s
  Average Variation Ratio: 0.0146
  Accuracy: 59.8% (299/500)

======================================================================
RESULTS SUMMARY
======================================================================

OOTB Accuracy (Control prompt, N=92): 62.0%

Prompt Style    | VR       | Accuracy     | Interpretation
----------------------------------------------------------------------
control         | 0.0205   |  63.8%       | Stable
metacognition   | 0.0381   |   7.0%       | Stable
structure       | 0.0000   |  62.8%       | Stable
politeness      | 0.0146   |  59.8%       | Stable

----------------------------------------------------------------------
Most Stable (lowest VR): structure (VR=0.0000)
Least Stable (highest VR): metacognition (VR=0.0381)
Highest Accuracy: control (63.8%)
Lowest Accuracy: metacognition (7.0%)

Results saved to ./outputs/results/phase_4/pythia-410m/cola/synonym/w1_n20_s86379_203925.json
Detailed responses saved to ./outputs/results/phase_4/pythia-410m/cola/synonym/w1_n20_s86379_detail.csv

======================================================================
EXPERIMENT COMPLETE
======================================================================
