======================================================================
SENSITIVITY EXPERIMENT: PYTHIA-410M on COLA
Config: phase=phase_4  model=pythia-410m  dataset=cola  samples=500  perturbations=20  method=synonym  seed=2266  styles=control,metacognition,structure,politeness
======================================================================

Device: cuda
Perturbation method: synonym
Available seeds for multi-run: (105, 2266, 86379)
Loading Pythia-410M...
Model loaded successfully
Loading CoLA dataset...
Loaded 1043 items

======================================================================
STEP 1: OUT-OF-THE-BOX (OOTB) ACCURACY CHECK
======================================================================

Verifying model accuracy using Control prompt...
Random baseline: 50.0%
Valid signal threshold: 60.0%

==================================================
OOTB ACCURACY RESULT: 69.2% (63/91)
==================================================
Time: 12.6s

PASS: Accuracy exceeds threshold. Proceeding with experiments.

======================================================================
STEP 2: SENSITIVITY EXPERIMENTS
======================================================================

[CONTROL] Running experiment...
  Completed in 444.3s
  Average Variation Ratio: 0.0142
  Accuracy: 61.0% (305/500)

[METACOGNITION] Running experiment...
  Completed in 442.2s
  Average Variation Ratio: 0.0309
  Accuracy: 8.6% (43/500)

[STRUCTURE] Running experiment...
  Completed in 2129.6s
  Average Variation Ratio: 0.0000
  Accuracy: 60.4% (302/500)

[POLITENESS] Running experiment...
  Completed in 444.2s
  Average Variation Ratio: 0.0109
  Accuracy: 57.0% (285/500)

======================================================================
RESULTS SUMMARY
======================================================================

OOTB Accuracy (Control prompt, N=91): 69.2%

Prompt Style    | VR       | Accuracy     | Interpretation
----------------------------------------------------------------------
control         | 0.0142   |  61.0%       | Stable
metacognition   | 0.0309   |   8.6%       | Stable
structure       | 0.0000   |  60.4%       | Stable
politeness      | 0.0109   |  57.0%       | Stable

----------------------------------------------------------------------
Most Stable (lowest VR): structure (VR=0.0000)
Least Stable (highest VR): metacognition (VR=0.0309)
Highest Accuracy: control (61.0%)
Lowest Accuracy: metacognition (8.6%)

Results saved to ./outputs/results/phase_4/pythia-410m/cola/synonym/w5_n20_s2266_205644.json
Detailed responses saved to ./outputs/results/phase_4/pythia-410m/cola/synonym/w5_n20_s2266_detail.csv

======================================================================
EXPERIMENT COMPLETE
======================================================================
