======================================================================
SENSITIVITY EXPERIMENT: PYTHIA-410M on QASC
Config: phase=phase_4  model=pythia-410m  dataset=qasc  samples=500  perturbations=20  method=synonym  seed=86379  styles=control,metacognition,structure,politeness
======================================================================

Device: cuda
Perturbation method: synonym
Available seeds for multi-run: (105, 2266, 86379)
Loading Pythia-410M...
Model loaded successfully
Loading QASC dataset...
Loaded 926 items

======================================================================
STEP 1: OUT-OF-THE-BOX (OOTB) ACCURACY CHECK
======================================================================

Verifying model accuracy using Control prompt...
Random baseline: 12.5%
Valid signal threshold: 40.0%

==================================================
OOTB ACCURACY RESULT: 15.0% (15/100)
==================================================
Time: 10.1s

FAIL: Accuracy (15.0%) is below valid-signal threshold (40.0%)!
   Sensitivity results would not be meaningful. Skipping Phase 2.
