Loading weights:   0%|          | 0/190 [00:00<?, ?it/s]Loading weights:  64%|██████▎   | 121/190 [00:00<00:00, 1163.55it/s]Loading weights: 100%|██████████| 190/190 [00:00<00:00, 819.24it/s] 
The tied weights mapping and config for this model specifies to tie shared.weight to lm_head.weight, but both are present in the checkpoints, so we will NOT tie them. You should update the config with `tie_word_embeddings=False` to silence this warning
Loading weights:   0%|          | 0/292 [00:00<?, ?it/s]Loading weights:  34%|███▍      | 100/292 [00:00<00:00, 993.49it/s]Loading weights:  68%|██████▊   | 200/292 [00:00<00:00, 950.05it/s]Loading weights: 100%|██████████| 292/292 [00:00<00:00, 950.28it/s]
INFO: Paraphraser produced 19/20; filling 1 with synonym fallback
INFO: Paraphraser produced 18/20; filling 2 with synonym fallback
INFO: Paraphraser produced 17/20; filling 3 with synonym fallback
INFO: Paraphraser produced 8/20; filling 12 with synonym fallback
INFO: Paraphraser produced 19/20; filling 1 with synonym fallback
INFO: Paraphraser produced 16/20; filling 4 with synonym fallback
INFO: Paraphraser produced 16/20; filling 4 with synonym fallback
INFO: Paraphraser produced 19/20; filling 1 with synonym fallback
INFO: Paraphraser produced 14/20; filling 6 with synonym fallback
INFO: Paraphraser produced 19/20; filling 1 with synonym fallback
INFO: Paraphraser produced 15/20; filling 5 with synonym fallback
INFO: Paraphraser produced 19/20; filling 1 with synonym fallback
INFO: Paraphraser produced 19/20; filling 1 with synonym fallback
INFO: Paraphraser produced 16/20; filling 4 with synonym fallback
INFO: Paraphraser produced 19/20; filling 1 with synonym fallback
INFO: Paraphraser produced 18/20; filling 2 with synonym fallback
INFO: Paraphraser produced 17/20; filling 3 with synonym fallback
INFO: Paraphraser produced 8/20; filling 12 with synonym fallback
INFO: Paraphraser produced 19/20; filling 1 with synonym fallback
INFO: Paraphraser produced 16/20; filling 4 with synonym fallback
INFO: Paraphraser produced 16/20; filling 4 with synonym fallback
INFO: Paraphraser produced 19/20; filling 1 with synonym fallback
INFO: Paraphraser produced 14/20; filling 6 with synonym fallback
INFO: Paraphraser produced 19/20; filling 1 with synonym fallback
INFO: Paraphraser produced 15/20; filling 5 with synonym fallback
INFO: Paraphraser produced 19/20; filling 1 with synonym fallback
INFO: Paraphraser produced 19/20; filling 1 with synonym fallback
INFO: Paraphraser produced 16/20; filling 4 with synonym fallback
INFO: Paraphraser produced 19/20; filling 1 with synonym fallback
INFO: Paraphraser produced 18/20; filling 2 with synonym fallback
INFO: Paraphraser produced 17/20; filling 3 with synonym fallback
INFO: Paraphraser produced 8/20; filling 12 with synonym fallback
INFO: Paraphraser produced 19/20; filling 1 with synonym fallback
INFO: Paraphraser produced 16/20; filling 4 with synonym fallback
INFO: Paraphraser produced 16/20; filling 4 with synonym fallback
INFO: Paraphraser produced 19/20; filling 1 with synonym fallback
INFO: Paraphraser produced 14/20; filling 6 with synonym fallback
INFO: Paraphraser produced 19/20; filling 1 with synonym fallback
INFO: Paraphraser produced 15/20; filling 5 with synonym fallback
INFO: Paraphraser produced 19/20; filling 1 with synonym fallback
INFO: Paraphraser produced 19/20; filling 1 with synonym fallback
INFO: Paraphraser produced 16/20; filling 4 with synonym fallback
INFO: Paraphraser produced 19/20; filling 1 with synonym fallback
INFO: Paraphraser produced 18/20; filling 2 with synonym fallback
INFO: Paraphraser produced 17/20; filling 3 with synonym fallback
INFO: Paraphraser produced 8/20; filling 12 with synonym fallback
INFO: Paraphraser produced 19/20; filling 1 with synonym fallback
INFO: Paraphraser produced 16/20; filling 4 with synonym fallback
INFO: Paraphraser produced 16/20; filling 4 with synonym fallback
INFO: Paraphraser produced 19/20; filling 1 with synonym fallback
INFO: Paraphraser produced 14/20; filling 6 with synonym fallback
INFO: Paraphraser produced 19/20; filling 1 with synonym fallback
INFO: Paraphraser produced 15/20; filling 5 with synonym fallback
INFO: Paraphraser produced 19/20; filling 1 with synonym fallback
INFO: Paraphraser produced 19/20; filling 1 with synonym fallback
INFO: Paraphraser produced 16/20; filling 4 with synonym fallback
slurmstepd: error: _cgroup_procs_check: failed on path (null)/cgroup.procs: No such file or directory
slurmstepd: error: Cannot write to cgroup.procs for (null)
slurmstepd: error: Unable to move pid 2911910 to init root cgroup (null)
