======================================================================
SENSITIVITY EXPERIMENT: PYTHIA-410M on COLA
Config: phase=phase_4  model=pythia-410m  dataset=cola  samples=500  perturbations=20  method=paraphrase  seed=105  styles=control,metacognition,structure,politeness
======================================================================

Device: cuda
Perturbation method: paraphrase
Available seeds for multi-run: (105, 2266, 86379)
Loading paraphrase model (flan-t5-small)...
Paraphraser ready.
Loading Pythia-410M...
Model loaded successfully
Loading CoLA dataset...
Loaded 1043 items

======================================================================
STEP 1: OUT-OF-THE-BOX (OOTB) ACCURACY CHECK
======================================================================

Verifying model accuracy using Control prompt...
Random baseline: 50.0%
Valid signal threshold: 60.0%

==================================================
OOTB ACCURACY RESULT: 73.0% (65/89)
==================================================
Time: 5.9s

PASS: Accuracy exceeds threshold. Proceeding with experiments.

======================================================================
STEP 2: SENSITIVITY EXPERIMENTS
======================================================================

[CONTROL] Running experiment...
  Completed in 5183.9s
  Average Variation Ratio: 0.0169
  Accuracy: 59.0% (295/500)

[METACOGNITION] Running experiment...
  Completed in 5605.4s
  Average Variation Ratio: 0.0879
  Accuracy: 6.6% (33/500)

[STRUCTURE] Running experiment...
  Completed in 6305.1s
  Average Variation Ratio: 0.0000
  Accuracy: 59.8% (299/500)

[POLITENESS] Running experiment...
  Completed in 5437.5s
  Average Variation Ratio: 0.0148
  Accuracy: 57.6% (288/500)

======================================================================
RESULTS SUMMARY
======================================================================

OOTB Accuracy (Control prompt, N=89): 73.0%

Prompt Style    | VR       | Accuracy     | Interpretation
----------------------------------------------------------------------
control         | 0.0169   |  59.0%       | Stable
metacognition   | 0.0879   |   6.6%       | Stable
structure       | 0.0000   |  59.8%       | Stable
politeness      | 0.0148   |  57.6%       | Stable

----------------------------------------------------------------------
Most Stable (lowest VR): structure (VR=0.0000)
Least Stable (highest VR): metacognition (VR=0.0879)
Highest Accuracy: structure (59.8%)
Lowest Accuracy: metacognition (6.6%)

Results saved to ./outputs/results/phase_4/pythia-410m/cola/paraphrase/n20_s105_005848.json
Detailed responses saved to ./outputs/results/phase_4/pythia-410m/cola/paraphrase/n20_s105_detail.csv

======================================================================
EXPERIMENT COMPLETE
======================================================================
