======================================================================
SENSITIVITY EXPERIMENT: PHI-3-MINI on QASC
Config: phase=phase_5  model=phi-3-mini  dataset=qasc  samples=500  perturbations=20  method=paraphrase  sensitivity_on_raw=True  seed=105  styles=control,metacognition,structure,politeness
======================================================================

Device: cuda
Perturbation method: paraphrase
Available seeds for multi-run: (105, 2266, 86379)
Loading paraphrase model (flan-t5-small)...
Paraphraser ready.
Loading Phi-3-Mini-4K-Instruct...
Model loaded successfully
Loading QASC dataset...
Loaded 926 items

======================================================================
STEP 1: OUT-OF-THE-BOX (OOTB) ACCURACY CHECK
======================================================================

Verifying model accuracy using Control prompt...
Random baseline: 12.5%
Valid signal threshold: 40.0%

==================================================
OOTB ACCURACY RESULT: 74.0% (74/100)
==================================================
Time: 31.4s

PASS: Accuracy exceeds threshold. Proceeding with experiments.

======================================================================
STEP 2: SENSITIVITY EXPERIMENTS
======================================================================

[CONTROL] Running experiment...
  Completed in 4076.2s
  Average Variation Ratio: 0.4255
  Accuracy: 77.4% (387/500)

[METACOGNITION] Running experiment...
  Completed in 5942.8s
  Average Variation Ratio: 0.6083
  Accuracy: 77.0% (385/500)

[STRUCTURE] Running experiment...
  Completed in 19741.0s
  Average Variation Ratio: 0.8104
  Accuracy: 70.6% (353/500)

[POLITENESS] Running experiment...
  Completed in 6077.5s
  Average Variation Ratio: 0.4913
  Accuracy: 77.8% (389/500)

======================================================================
RESULTS SUMMARY
======================================================================

OOTB Accuracy (Control prompt, N=100): 74.0%

Prompt Style    | VR       | Accuracy     | Interpretation
----------------------------------------------------------------------
control         | 0.4255   |  77.4%       | Unstable
metacognition   | 0.6083   |  77.0%       | Unstable
structure       | 0.8104   |  70.6%       | Unstable
politeness      | 0.4913   |  77.8%       | Unstable

----------------------------------------------------------------------
Most Stable (lowest VR): control (VR=0.4255)
Least Stable (highest VR): structure (VR=0.8104)
Highest Accuracy: politeness (77.8%)
Lowest Accuracy: structure (70.6%)

Results saved to ./outputs/results/phase_5/phi-3-mini/qasc/paraphrase/n20_s105_153035.json
Detailed responses saved to ./outputs/results/phase_5/phi-3-mini/qasc/paraphrase/n20_s105_detail.csv

======================================================================
EXPERIMENT COMPLETE
======================================================================
