======================================================================
SENSITIVITY EXPERIMENT: PHI-3-MINI on COLA
Config: phase=phase_5  model=phi-3-mini  dataset=cola  samples=500  perturbations=20  method=synonym  sensitivity_on_raw=True  seed=105  styles=control,metacognition,structure,politeness
======================================================================

Device: cuda
Perturbation method: synonym
Available seeds for multi-run: (105, 2266, 86379)
Loading Phi-3-Mini-4K-Instruct...
Model loaded successfully
Loading CoLA dataset...
Loaded 1043 items

======================================================================
STEP 1: OUT-OF-THE-BOX (OOTB) ACCURACY CHECK
======================================================================

Verifying model accuracy using Control prompt...
Random baseline: 50.0%
Valid signal threshold: 60.0%

==================================================
OOTB ACCURACY RESULT: 77.0% (77/100)
==================================================
Time: 9.9s

PASS: Accuracy exceeds threshold. Proceeding with experiments.

======================================================================
STEP 2: SENSITIVITY EXPERIMENTS
======================================================================

[CONTROL] Running experiment...
  Completed in 232.4s
  Average Variation Ratio: 0.3188
  Accuracy: 76.0% (380/500)

[METACOGNITION] Running experiment...
  Completed in 301.5s
  Average Variation Ratio: 0.4174
  Accuracy: 77.0% (385/500)

[STRUCTURE] Running experiment...
  Completed in 1247.8s
  Average Variation Ratio: 0.8147
  Accuracy: 1.2% (6/500)

[POLITENESS] Running experiment...
  Completed in 272.8s
  Average Variation Ratio: 0.2000
  Accuracy: 75.6% (378/500)

======================================================================
RESULTS SUMMARY
======================================================================

OOTB Accuracy (Control prompt, N=100): 77.0%

Prompt Style    | VR       | Accuracy     | Interpretation
----------------------------------------------------------------------
control         | 0.3188   |  76.0%       | Moderate
metacognition   | 0.4174   |  77.0%       | Unstable
structure       | 0.8147   |   1.2%       | Unstable
politeness      | 0.2000   |  75.6%       | Stable

----------------------------------------------------------------------
Most Stable (lowest VR): politeness (VR=0.2000)
Least Stable (highest VR): structure (VR=0.8147)
Highest Accuracy: metacognition (77.0%)
Lowest Accuracy: structure (1.2%)

Results saved to ./outputs/results/phase_5/phi-3-mini/cola/synonym/w1_n20_s105_033906.json
Detailed responses saved to ./outputs/results/phase_5/phi-3-mini/cola/synonym/w1_n20_s105_detail.csv

======================================================================
EXPERIMENT COMPLETE
======================================================================
