======================================================================
SENSITIVITY EXPERIMENT: PHI-3-MINI on QASC
Config: phase=phase_5  model=phi-3-mini  dataset=qasc  samples=500  perturbations=20  method=synonym  sensitivity_on_raw=True  seed=105  styles=control,metacognition,structure,politeness
======================================================================

Device: cuda
Perturbation method: synonym
Available seeds for multi-run: (105, 2266, 86379)
Loading Phi-3-Mini-4K-Instruct...
Model loaded successfully
Loading QASC dataset...
Loaded 926 items

======================================================================
STEP 1: OUT-OF-THE-BOX (OOTB) ACCURACY CHECK
======================================================================

Verifying model accuracy using Control prompt...
Random baseline: 12.5%
Valid signal threshold: 40.0%

==================================================
OOTB ACCURACY RESULT: 74.0% (74/100)
==================================================
Time: 9.2s

PASS: Accuracy exceeds threshold. Proceeding with experiments.

======================================================================
STEP 2: SENSITIVITY EXPERIMENTS
======================================================================

[CONTROL] Running experiment...
  Completed in 300.2s
  Average Variation Ratio: 0.2706
  Accuracy: 77.6% (388/500)

[METACOGNITION] Running experiment...
  Completed in 616.4s
  Average Variation Ratio: 0.5002
  Accuracy: 76.8% (384/500)

[STRUCTURE] Running experiment...
  Completed in 2388.4s
  Average Variation Ratio: 0.7653
  Accuracy: 71.4% (357/500)

[POLITENESS] Running experiment...
  Completed in 481.7s
  Average Variation Ratio: 0.3340
  Accuracy: 77.8% (389/500)

======================================================================
RESULTS SUMMARY
======================================================================

OOTB Accuracy (Control prompt, N=100): 74.0%

Prompt Style    | VR       | Accuracy     | Interpretation
----------------------------------------------------------------------
control         | 0.2706   |  77.6%       | Moderate
metacognition   | 0.5002   |  76.8%       | Unstable
structure       | 0.7653   |  71.4%       | Unstable
politeness      | 0.3340   |  77.8%       | Moderate

----------------------------------------------------------------------
Most Stable (lowest VR): control (VR=0.2706)
Least Stable (highest VR): structure (VR=0.7653)
Highest Accuracy: politeness (77.8%)
Lowest Accuracy: structure (71.4%)

Results saved to ./outputs/results/phase_5/phi-3-mini/qasc/synonym/w1_n20_s105_071346.json
Detailed responses saved to ./outputs/results/phase_5/phi-3-mini/qasc/synonym/w1_n20_s105_detail.csv

======================================================================
EXPERIMENT COMPLETE
======================================================================
