======================================================================
SENSITIVITY EXPERIMENT: PHI-3-MINI on CSQA
Config: phase=phase_5  model=phi-3-mini  dataset=csqa  samples=500  perturbations=20  method=synonym  sensitivity_on_raw=True  seed=105  styles=control,metacognition,structure,politeness
======================================================================

Device: cuda
Perturbation method: synonym
Available seeds for multi-run: (105, 2266, 86379)
Loading Phi-3-Mini-4K-Instruct...
Model loaded successfully
Loading CommonsenseQA dataset...
Loaded 1221 items

======================================================================
STEP 1: OUT-OF-THE-BOX (OOTB) ACCURACY CHECK
======================================================================

Verifying model accuracy using Control prompt...
Random baseline: 20.0%
Valid signal threshold: 40.0%

==================================================
OOTB ACCURACY RESULT: 69.0% (69/100)
==================================================
Time: 5.3s

PASS: Accuracy exceeds threshold. Proceeding with experiments.

======================================================================
STEP 2: SENSITIVITY EXPERIMENTS
======================================================================

[CONTROL] Running experiment...
  Completed in 214.0s
  Average Variation Ratio: 0.3095
  Accuracy: 72.6% (363/500)

[METACOGNITION] Running experiment...
  Completed in 448.7s
  Average Variation Ratio: 0.4989
  Accuracy: 71.6% (358/500)

[STRUCTURE] Running experiment...
  Completed in 2401.8s
  Average Variation Ratio: 0.9126
  Accuracy: 69.4% (347/500)

[POLITENESS] Running experiment...
  Completed in 395.2s
  Average Variation Ratio: 0.4388
  Accuracy: 72.8% (364/500)

======================================================================
RESULTS SUMMARY
======================================================================

OOTB Accuracy (Control prompt, N=100): 69.0%

Prompt Style    | VR       | Accuracy     | Interpretation
----------------------------------------------------------------------
control         | 0.3095   |  72.6%       | Moderate
metacognition   | 0.4989   |  71.6%       | Unstable
structure       | 0.9126   |  69.4%       | Unstable
politeness      | 0.4388   |  72.8%       | Unstable

----------------------------------------------------------------------
Most Stable (lowest VR): control (VR=0.3095)
Least Stable (highest VR): structure (VR=0.9126)
Highest Accuracy: politeness (72.8%)
Lowest Accuracy: structure (69.4%)

Results saved to ./outputs/results/phase_5/phi-3-mini/csqa/synonym/w5_n20_s105_060954.json
Detailed responses saved to ./outputs/results/phase_5/phi-3-mini/csqa/synonym/w5_n20_s105_detail.csv

======================================================================
EXPERIMENT COMPLETE
======================================================================
