======================================================================
SENSITIVITY EXPERIMENT: PHI-3-MINI on CSQA
Config: phase=phase_5  model=phi-3-mini  dataset=csqa  samples=500  perturbations=20  method=paraphrase  sensitivity_on_raw=True  seed=86379  styles=control,metacognition,structure,politeness
======================================================================

Device: cuda
Perturbation method: paraphrase
Available seeds for multi-run: (105, 2266, 86379)
Loading paraphrase model (flan-t5-small)...
Paraphraser ready.
Loading Phi-3-Mini-4K-Instruct...
Model loaded successfully
Loading CommonsenseQA dataset...
Loaded 1221 items

======================================================================
STEP 1: OUT-OF-THE-BOX (OOTB) ACCURACY CHECK
======================================================================

Verifying model accuracy using Control prompt...
Random baseline: 20.0%
Valid signal threshold: 40.0%

==================================================
OOTB ACCURACY RESULT: 78.0% (78/100)
==================================================
Time: 5.2s

PASS: Accuracy exceeds threshold. Proceeding with experiments.

======================================================================
STEP 2: SENSITIVITY EXPERIMENTS
======================================================================

[CONTROL] Running experiment...
  Completed in 2531.2s
  Average Variation Ratio: 0.3047
  Accuracy: 74.6% (373/500)

[METACOGNITION] Running experiment...
  Completed in 2929.5s
  Average Variation Ratio: 0.4473
  Accuracy: 72.6% (363/500)

[STRUCTURE] Running experiment...
  Completed in 4648.1s
  Average Variation Ratio: 0.8650
  Accuracy: 70.6% (353/500)

[POLITENESS] Running experiment...
  Completed in 2898.4s
  Average Variation Ratio: 0.4444
  Accuracy: 75.0% (375/500)

======================================================================
RESULTS SUMMARY
======================================================================

OOTB Accuracy (Control prompt, N=100): 78.0%

Prompt Style    | VR       | Accuracy     | Interpretation
----------------------------------------------------------------------
control         | 0.3047   |  74.6%       | Moderate
metacognition   | 0.4473   |  72.6%       | Unstable
structure       | 0.8650   |  70.6%       | Unstable
politeness      | 0.4444   |  75.0%       | Unstable

----------------------------------------------------------------------
Most Stable (lowest VR): control (VR=0.3047)
Least Stable (highest VR): structure (VR=0.8650)
Highest Accuracy: politeness (75.0%)
Lowest Accuracy: structure (70.6%)

Results saved to ./outputs/results/phase_5/phi-3-mini/csqa/paraphrase/n20_s86379_130700.json
Detailed responses saved to ./outputs/results/phase_5/phi-3-mini/csqa/paraphrase/n20_s86379_detail.csv

======================================================================
EXPERIMENT COMPLETE
======================================================================
