======================================================================
SENSITIVITY EXPERIMENT: PHI-3-MINI on QASC
Config: phase=phase_5  model=phi-3-mini  dataset=qasc  samples=500  perturbations=20  method=synonym  sensitivity_on_raw=True  seed=105  styles=control,metacognition,structure,politeness
======================================================================

Device: cuda
Perturbation method: synonym
Available seeds for multi-run: (105, 2266, 86379)
Loading Phi-3-Mini-4K-Instruct...
Model loaded successfully
Loading QASC dataset...
Loaded 926 items

======================================================================
STEP 1: OUT-OF-THE-BOX (OOTB) ACCURACY CHECK
======================================================================

Verifying model accuracy using Control prompt...
Random baseline: 12.5%
Valid signal threshold: 40.0%

==================================================
OOTB ACCURACY RESULT: 74.0% (74/100)
==================================================
Time: 17.9s

PASS: Accuracy exceeds threshold. Proceeding with experiments.

======================================================================
STEP 2: SENSITIVITY EXPERIMENTS
======================================================================

[CONTROL] Running experiment...
  Completed in 482.8s
  Average Variation Ratio: 0.3783
  Accuracy: 77.6% (388/500)

[METACOGNITION] Running experiment...
  Completed in 1116.2s
  Average Variation Ratio: 0.6406
  Accuracy: 76.8% (384/500)

[STRUCTURE] Running experiment...
  Completed in 4944.9s
  Average Variation Ratio: 0.8564
  Accuracy: 71.4% (357/500)

[POLITENESS] Running experiment...
  Completed in 875.1s
  Average Variation Ratio: 0.4553
  Accuracy: 77.8% (389/500)

======================================================================
RESULTS SUMMARY
======================================================================

OOTB Accuracy (Control prompt, N=100): 74.0%

Prompt Style    | VR       | Accuracy     | Interpretation
----------------------------------------------------------------------
control         | 0.3783   |  77.6%       | Moderate
metacognition   | 0.6406   |  76.8%       | Unstable
structure       | 0.8564   |  71.4%       | Unstable
politeness      | 0.4553   |  77.8%       | Unstable

----------------------------------------------------------------------
Most Stable (lowest VR): control (VR=0.3783)
Least Stable (highest VR): structure (VR=0.8564)
Highest Accuracy: politeness (77.8%)
Lowest Accuracy: structure (71.4%)

Results saved to ./outputs/results/phase_5/phi-3-mini/qasc/synonym/w5_n20_s105_083543.json
Detailed responses saved to ./outputs/results/phase_5/phi-3-mini/qasc/synonym/w5_n20_s105_detail.csv

======================================================================
EXPERIMENT COMPLETE
======================================================================
