======================================================================
SENSITIVITY EXPERIMENT: PHI-3-MINI on QASC
Config: phase=phase_5  model=phi-3-mini  dataset=qasc  samples=500  perturbations=20  method=synonym  sensitivity_on_raw=True  seed=86379  styles=control,metacognition,structure,politeness
======================================================================

Device: cuda
Perturbation method: synonym
Available seeds for multi-run: (105, 2266, 86379)
Loading Phi-3-Mini-4K-Instruct...
Model loaded successfully
Loading QASC dataset...
Loaded 926 items

======================================================================
STEP 1: OUT-OF-THE-BOX (OOTB) ACCURACY CHECK
======================================================================

Verifying model accuracy using Control prompt...
Random baseline: 12.5%
Valid signal threshold: 40.0%

==================================================
OOTB ACCURACY RESULT: 73.0% (73/100)
==================================================
Time: 8.3s

PASS: Accuracy exceeds threshold. Proceeding with experiments.

======================================================================
STEP 2: SENSITIVITY EXPERIMENTS
======================================================================

[CONTROL] Running experiment...
  Completed in 300.3s
  Average Variation Ratio: 0.3692
  Accuracy: 80.2% (401/500)

[METACOGNITION] Running experiment...
  Completed in 615.4s
  Average Variation Ratio: 0.6237
  Accuracy: 77.6% (388/500)

[STRUCTURE] Running experiment...
  Completed in 2386.4s
  Average Variation Ratio: 0.8408
  Accuracy: 70.0% (350/500)

[POLITENESS] Running experiment...
  Completed in 483.7s
  Average Variation Ratio: 0.4322
  Accuracy: 79.4% (397/500)

======================================================================
RESULTS SUMMARY
======================================================================

OOTB Accuracy (Control prompt, N=100): 73.0%

Prompt Style    | VR       | Accuracy     | Interpretation
----------------------------------------------------------------------
control         | 0.3692   |  80.2%       | Moderate
metacognition   | 0.6237   |  77.6%       | Unstable
structure       | 0.8408   |  70.0%       | Unstable
politeness      | 0.4322   |  79.4%       | Unstable

----------------------------------------------------------------------
Most Stable (lowest VR): control (VR=0.3692)
Least Stable (highest VR): structure (VR=0.8408)
Highest Accuracy: control (80.2%)
Lowest Accuracy: structure (70.0%)

Results saved to ./outputs/results/phase_5/phi-3-mini/qasc/synonym/w5_n20_s86379_114233.json
Detailed responses saved to ./outputs/results/phase_5/phi-3-mini/qasc/synonym/w5_n20_s86379_detail.csv

======================================================================
EXPERIMENT COMPLETE
======================================================================
