======================================================================
SENSITIVITY EXPERIMENT: PHI-3-MINI on QASC
Config: phase=phase_5  model=phi-3-mini  dataset=qasc  samples=500  perturbations=20  method=synonym  sensitivity_on_raw=True  seed=86379  styles=control,metacognition,structure,politeness
======================================================================

Device: cuda
Perturbation method: synonym
Available seeds for multi-run: (105, 2266, 86379)
Loading Phi-3-Mini-4K-Instruct...
Model loaded successfully
Loading QASC dataset...
Loaded 926 items

======================================================================
STEP 1: OUT-OF-THE-BOX (OOTB) ACCURACY CHECK
======================================================================

Verifying model accuracy using Control prompt...
Random baseline: 12.5%
Valid signal threshold: 40.0%

==================================================
OOTB ACCURACY RESULT: 73.0% (73/100)
==================================================
Time: 8.4s

PASS: Accuracy exceeds threshold. Proceeding with experiments.

======================================================================
STEP 2: SENSITIVITY EXPERIMENTS
======================================================================

[CONTROL] Running experiment...
  Completed in 293.9s
  Average Variation Ratio: 0.2714
  Accuracy: 80.2% (401/500)

[METACOGNITION] Running experiment...
  Completed in 622.0s
  Average Variation Ratio: 0.5079
  Accuracy: 77.6% (388/500)

[STRUCTURE] Running experiment...
  Completed in 2412.4s
  Average Variation Ratio: 0.7639
  Accuracy: 70.2% (351/500)

[POLITENESS] Running experiment...
  Completed in 471.9s
  Average Variation Ratio: 0.3238
  Accuracy: 79.4% (397/500)

======================================================================
RESULTS SUMMARY
======================================================================

OOTB Accuracy (Control prompt, N=100): 73.0%

Prompt Style    | VR       | Accuracy     | Interpretation
----------------------------------------------------------------------
control         | 0.2714   |  80.2%       | Moderate
metacognition   | 0.5079   |  77.6%       | Unstable
structure       | 0.7639   |  70.2%       | Unstable
politeness      | 0.3238   |  79.4%       | Moderate

----------------------------------------------------------------------
Most Stable (lowest VR): control (VR=0.2714)
Least Stable (highest VR): structure (VR=0.7639)
Highest Accuracy: control (80.2%)
Lowest Accuracy: structure (70.2%)

Results saved to ./outputs/results/phase_5/phi-3-mini/qasc/synonym/w1_n20_s86379_111722.json
Detailed responses saved to ./outputs/results/phase_5/phi-3-mini/qasc/synonym/w1_n20_s86379_detail.csv

======================================================================
EXPERIMENT COMPLETE
======================================================================
