======================================================================
SENSITIVITY EXPERIMENT: PHI-3-MINI on QASC
Config: phase=phase_5  model=phi-3-mini  dataset=qasc  samples=500  perturbations=20  method=paraphrase  sensitivity_on_raw=True  seed=2266  styles=control,metacognition,structure,politeness
======================================================================

Device: cuda
Perturbation method: paraphrase
Available seeds for multi-run: (105, 2266, 86379)
Loading paraphrase model (flan-t5-small)...
Paraphraser ready.
Loading Phi-3-Mini-4K-Instruct...
Model loaded successfully
Loading QASC dataset...
Loaded 926 items

======================================================================
STEP 1: OUT-OF-THE-BOX (OOTB) ACCURACY CHECK
======================================================================

Verifying model accuracy using Control prompt...
Random baseline: 12.5%
Valid signal threshold: 40.0%

==================================================
OOTB ACCURACY RESULT: 80.0% (80/100)
==================================================
Time: 28.2s

PASS: Accuracy exceeds threshold. Proceeding with experiments.

======================================================================
STEP 2: SENSITIVITY EXPERIMENTS
======================================================================

[CONTROL] Running experiment...
  Completed in 4060.1s
  Average Variation Ratio: 0.4166
  Accuracy: 78.2% (391/500)

[METACOGNITION] Running experiment...
  Completed in 5949.2s
  Average Variation Ratio: 0.5950
  Accuracy: 77.4% (387/500)

[STRUCTURE] Running experiment...
  Completed in 19609.4s
  Average Variation Ratio: 0.8123
  Accuracy: 67.6% (338/500)

[POLITENESS] Running experiment...
  Completed in 6073.3s
  Average Variation Ratio: 0.4760
  Accuracy: 78.8% (394/500)

======================================================================
RESULTS SUMMARY
======================================================================

OOTB Accuracy (Control prompt, N=100): 80.0%

Prompt Style    | VR       | Accuracy     | Interpretation
----------------------------------------------------------------------
control         | 0.4166   |  78.2%       | Unstable
metacognition   | 0.5950   |  77.4%       | Unstable
structure       | 0.8123   |  67.6%       | Unstable
politeness      | 0.4760   |  78.8%       | Unstable

----------------------------------------------------------------------
Most Stable (lowest VR): control (VR=0.4166)
Least Stable (highest VR): structure (VR=0.8123)
Highest Accuracy: politeness (78.8%)
Lowest Accuracy: structure (67.6%)

Results saved to ./outputs/results/phase_5/phi-3-mini/qasc/paraphrase/n20_s2266_174517.json
Detailed responses saved to ./outputs/results/phase_5/phi-3-mini/qasc/paraphrase/n20_s2266_detail.csv

======================================================================
EXPERIMENT COMPLETE
======================================================================
