======================================================================
SENSITIVITY EXPERIMENT: PHI-3-MINI on COLA
Config: phase=phase_5  model=phi-3-mini  dataset=cola  samples=500  perturbations=20  method=synonym  sensitivity_on_raw=True  seed=2266  styles=control,metacognition,structure,politeness
======================================================================

Device: cuda
Perturbation method: synonym
Available seeds for multi-run: (105, 2266, 86379)
Loading Phi-3-Mini-4K-Instruct...
Model loaded successfully
Loading CoLA dataset...
Loaded 1043 items

======================================================================
STEP 1: OUT-OF-THE-BOX (OOTB) ACCURACY CHECK
======================================================================

Verifying model accuracy using Control prompt...
Random baseline: 50.0%
Valid signal threshold: 60.0%

==================================================
OOTB ACCURACY RESULT: 75.0% (75/100)
==================================================
Time: 34.4s

PASS: Accuracy exceeds threshold. Proceeding with experiments.

======================================================================
STEP 2: SENSITIVITY EXPERIMENTS
======================================================================

[CONTROL] Running experiment...
  Completed in 897.5s
  Average Variation Ratio: 0.3127
  Accuracy: 75.8% (379/500)

[METACOGNITION] Running experiment...
  Completed in 1301.6s
  Average Variation Ratio: 0.4226
  Accuracy: 77.6% (388/500)

[STRUCTURE] Running experiment...
  Completed in 5988.1s
  Average Variation Ratio: 0.8176
  Accuracy: 0.6% (3/500)

[POLITENESS] Running experiment...
  Completed in 1242.7s
  Average Variation Ratio: 0.1951
  Accuracy: 76.0% (380/500)

======================================================================
RESULTS SUMMARY
======================================================================

OOTB Accuracy (Control prompt, N=100): 75.0%

Prompt Style    | VR       | Accuracy     | Interpretation
----------------------------------------------------------------------
control         | 0.3127   |  75.8%       | Moderate
metacognition   | 0.4226   |  77.6%       | Unstable
structure       | 0.8176   |   0.6%       | Unstable
politeness      | 0.1951   |  76.0%       | Stable

----------------------------------------------------------------------
Most Stable (lowest VR): politeness (VR=0.1951)
Least Stable (highest VR): structure (VR=0.8176)
Highest Accuracy: metacognition (77.6%)
Lowest Accuracy: structure (0.6%)

Results saved to ./outputs/results/phase_5/phi-3-mini/cola/synonym/w1_n20_s2266_093441.json
Detailed responses saved to ./outputs/results/phase_5/phi-3-mini/cola/synonym/w1_n20_s2266_detail.csv

======================================================================
EXPERIMENT COMPLETE
======================================================================
