======================================================================
SENSITIVITY EXPERIMENT: FLAN-T5-BASE on QASC
Config: model=flan-t5-base  dataset=qasc  samples=500  perturbations=20  method=synonym  seed=105  styles=control,metacognition,structure,politeness
======================================================================

Device: cuda
Perturbation method: synonym
Available seeds for multi-run: (105, 2266, 86379)
Loading Flan-T5-Base...
Model loaded successfully
Loading QASC dataset...
Loaded 926 items

======================================================================
STEP 1: OUT-OF-THE-BOX (OOTB) ACCURACY CHECK
======================================================================

Verifying model accuracy using Control prompt...
Random baseline: 12.5%
Valid signal threshold: 40.0%

==================================================
OOTB ACCURACY RESULT: 42.0% (42/100)
==================================================
Time: 3.4s

PASS: Accuracy exceeds threshold. Proceeding with experiments.

======================================================================
STEP 2: SENSITIVITY EXPERIMENTS
======================================================================

[CONTROL] Running experiment...
  Completed in 64.3s
  Average Variation Ratio: 0.2644
  Accuracy: 45.4% (227/500)

[METACOGNITION] Running experiment...
  Completed in 305.4s
  Average Variation Ratio: 0.2717
  Accuracy: 42.4% (212/500)

[STRUCTURE] Running experiment...
  Completed in 90.4s
  Average Variation Ratio: 0.2410
  Accuracy: 40.6% (203/500)

[POLITENESS] Running experiment...
  Completed in 68.7s
  Average Variation Ratio: 0.2757
  Accuracy: 46.8% (234/500)

======================================================================
RESULTS SUMMARY
======================================================================

OOTB Accuracy (Control prompt, N=100): 42.0%

Prompt Style    | VR       | Accuracy     | Interpretation
----------------------------------------------------------------------
control         | 0.2644   |  45.4%       | Moderate
metacognition   | 0.2717   |  42.4%       | Moderate
structure       | 0.2410   |  40.6%       | Moderate
politeness      | 0.2757   |  46.8%       | Moderate

----------------------------------------------------------------------
Most Stable (lowest VR): structure (VR=0.2410)
Least Stable (highest VR): politeness (VR=0.2757)
Highest Accuracy: politeness (46.8%)
Lowest Accuracy: structure (40.6%)

Results saved to ./outputs/results/flan-t5-base/qasc/synonym/w3_n20_s105.json

======================================================================
EXPERIMENT COMPLETE
======================================================================
