======================================================================
SENSITIVITY EXPERIMENT: FLAN-T5-BASE on QASC
Config: model=flan-t5-base  dataset=qasc  samples=500  perturbations=20  method=paraphrase  seed=105  styles=control,metacognition,structure,politeness
======================================================================

Device: cuda
Perturbation method: paraphrase
Available seeds for multi-run: (105, 2266, 86379)
Loading paraphrase model (flan-t5-small)...
Paraphraser ready.
Loading Flan-T5-Base...
Model loaded successfully
Loading QASC dataset...
Loaded 926 items

======================================================================
STEP 1: OUT-OF-THE-BOX (OOTB) ACCURACY CHECK
======================================================================

Verifying model accuracy using Control prompt...
Random baseline: 12.5%
Valid signal threshold: 40.0%

==================================================
OOTB ACCURACY RESULT: 42.0% (42/100)
==================================================
Time: 3.5s

PASS: Accuracy exceeds threshold. Proceeding with experiments.

======================================================================
STEP 2: SENSITIVITY EXPERIMENTS
======================================================================

[CONTROL] Running experiment...
  Completed in 2643.0s
  Average Variation Ratio: 0.3179
  Accuracy: 45.4% (227/500)

[METACOGNITION] Running experiment...
  Completed in 2854.9s
  Average Variation Ratio: 0.3105
  Accuracy: 42.4% (212/500)

[STRUCTURE] Running experiment...
  Completed in 2927.7s
  Average Variation Ratio: 0.1517
  Accuracy: 40.6% (203/500)

[POLITENESS] Running experiment...
  Completed in 2605.6s
  Average Variation Ratio: 0.3228
  Accuracy: 46.8% (234/500)

======================================================================
RESULTS SUMMARY
======================================================================

OOTB Accuracy (Control prompt, N=100): 42.0%

Prompt Style    | VR       | Accuracy     | Interpretation
----------------------------------------------------------------------
control         | 0.3179   |  45.4%       | Moderate
metacognition   | 0.3105   |  42.4%       | Moderate
structure       | 0.1517   |  40.6%       | Stable
politeness      | 0.3228   |  46.8%       | Moderate

----------------------------------------------------------------------
Most Stable (lowest VR): structure (VR=0.1517)
Least Stable (highest VR): politeness (VR=0.3228)
Highest Accuracy: politeness (46.8%)
Lowest Accuracy: structure (40.6%)

Results saved to ./outputs/results/flan-t5-base/qasc/paraphrase/n20_s105.json

======================================================================
EXPERIMENT COMPLETE
======================================================================
