======================================================================
SENSITIVITY EXPERIMENT: PYTHIA-410M on COLA
Config: model=pythia-410m  dataset=cola  samples=500  perturbations=20  method=synonym  seed=86379  styles=control,metacognition,structure,politeness
======================================================================

Device: cuda
Perturbation method: synonym
Available seeds for multi-run: (105, 2266, 86379)
Loading Pythia-410M...
Model loaded successfully
Loading CoLA dataset...
Loaded 1043 items

======================================================================
STEP 1: OUT-OF-THE-BOX (OOTB) ACCURACY CHECK
======================================================================

Verifying model accuracy using Control prompt...
Random baseline: 50.0%
Valid signal threshold: 60.0%

==================================================
OOTB ACCURACY RESULT: 62.0% (57/92)
==================================================
Time: 6.2s

PASS: Accuracy exceeds threshold. Proceeding with experiments.

======================================================================
STEP 2: SENSITIVITY EXPERIMENTS
======================================================================

[CONTROL] Running experiment...
  Completed in 212.0s
  Average Variation Ratio: 0.0189
  Accuracy: 63.6% (318/500)

[METACOGNITION] Running experiment...
  Completed in 212.5s
  Average Variation Ratio: 0.0334
  Accuracy: 6.8% (34/500)

[STRUCTURE] Running experiment...
  Completed in 1030.0s
  Average Variation Ratio: 0.0000
  Accuracy: 63.0% (315/500)

[POLITENESS] Running experiment...
  Completed in 212.3s
  Average Variation Ratio: 0.0141
  Accuracy: 59.2% (296/500)

======================================================================
RESULTS SUMMARY
======================================================================

OOTB Accuracy (Control prompt, N=92): 62.0%

Prompt Style    | VR       | Accuracy     | Interpretation
----------------------------------------------------------------------
control         | 0.0189   |  63.6%       | Stable
metacognition   | 0.0334   |   6.8%       | Stable
structure       | 0.0000   |  63.0%       | Stable
politeness      | 0.0141   |  59.2%       | Stable

----------------------------------------------------------------------
Most Stable (lowest VR): structure (VR=0.0000)
Least Stable (highest VR): metacognition (VR=0.0334)
Highest Accuracy: control (63.6%)
Lowest Accuracy: metacognition (6.8%)

Results saved to ./outputs/results/pythia-410m/cola/synonym/w3_n20_s86379.json
Detailed responses saved to ./outputs/results/pythia-410m/cola/synonym/w3_n20_s86379_detail.csv

======================================================================
EXPERIMENT COMPLETE
======================================================================
