======================================================================
SENSITIVITY EXPERIMENT: PYTHIA-410M on COLA
Config: model=pythia-410m  dataset=cola  samples=500  perturbations=20  method=synonym  seed=105  styles=control,metacognition,structure,politeness
======================================================================

Device: cuda
Perturbation method: synonym
Available seeds for multi-run: (105, 2266, 86379)
Loading Pythia-410M...
Model loaded successfully
Loading CoLA dataset...
Loaded 1043 items

======================================================================
STEP 1: OUT-OF-THE-BOX (OOTB) ACCURACY CHECK
======================================================================

Verifying model accuracy using Control prompt...
Random baseline: 50.0%
Valid signal threshold: 60.0%

==================================================
OOTB ACCURACY RESULT: 73.0% (65/89)
==================================================
Time: 5.9s

PASS: Accuracy exceeds threshold. Proceeding with experiments.

======================================================================
STEP 2: SENSITIVITY EXPERIMENTS
======================================================================

[CONTROL] Running experiment...
  Completed in 208.8s
  Average Variation Ratio: 0.0171
  Accuracy: 58.8% (294/500)

[METACOGNITION] Running experiment...
  Completed in 205.9s
  Average Variation Ratio: 0.0268
  Accuracy: 6.6% (33/500)

[STRUCTURE] Running experiment...
  Completed in 997.9s
  Average Variation Ratio: 0.0000
  Accuracy: 60.2% (301/500)

[POLITENESS] Running experiment...
  Completed in 211.1s
  Average Variation Ratio: 0.0103
  Accuracy: 57.4% (287/500)

======================================================================
RESULTS SUMMARY
======================================================================

OOTB Accuracy (Control prompt, N=89): 73.0%

Prompt Style    | VR       | Accuracy     | Interpretation
----------------------------------------------------------------------
control         | 0.0171   |  58.8%       | Stable
metacognition   | 0.0268   |   6.6%       | Stable
structure       | 0.0000   |  60.2%       | Stable
politeness      | 0.0103   |  57.4%       | Stable

----------------------------------------------------------------------
Most Stable (lowest VR): structure (VR=0.0000)
Least Stable (highest VR): metacognition (VR=0.0268)
Highest Accuracy: structure (60.2%)
Lowest Accuracy: metacognition (6.6%)

Results saved to ./outputs/results/pythia-410m/cola/synonym/w3_n20_s105.json
Detailed responses saved to ./outputs/results/pythia-410m/cola/synonym/w3_n20_s105_detail.csv

======================================================================
EXPERIMENT COMPLETE
======================================================================
