======================================================================
SENSITIVITY EXPERIMENT: PYTHIA-410M on COLA
Config: model=pythia-410m  dataset=cola  samples=500  perturbations=20  method=synonym  seed=2266  styles=control,metacognition,structure,politeness
======================================================================

Device: cuda
Perturbation method: synonym
Available seeds for multi-run: (105, 2266, 86379)
Loading Pythia-410M...
Model loaded successfully
Loading CoLA dataset...
Loaded 1043 items

======================================================================
STEP 1: OUT-OF-THE-BOX (OOTB) ACCURACY CHECK
======================================================================

Verifying model accuracy using Control prompt...
Random baseline: 50.0%
Valid signal threshold: 60.0%

==================================================
OOTB ACCURACY RESULT: 68.1% (64/94)
==================================================
Time: 5.4s

PASS: Accuracy exceeds threshold. Proceeding with experiments.

======================================================================
STEP 2: SENSITIVITY EXPERIMENTS
======================================================================

[CONTROL] Running experiment...
  Completed in 199.3s
  Average Variation Ratio: 0.0141
  Accuracy: 60.8% (304/500)

[METACOGNITION] Running experiment...
  Completed in 237.6s
  Average Variation Ratio: 0.0292
  Accuracy: 8.8% (44/500)

[STRUCTURE] Running experiment...
  Completed in 1364.8s
  Average Variation Ratio: 0.0000
  Accuracy: 61.2% (306/500)

[POLITENESS] Running experiment...
  Completed in 247.1s
  Average Variation Ratio: 0.0118
  Accuracy: 57.2% (286/500)

======================================================================
RESULTS SUMMARY
======================================================================

OOTB Accuracy (Control prompt, N=94): 68.1%

Prompt Style    | VR       | Accuracy     | Interpretation
----------------------------------------------------------------------
control         | 0.0141   |  60.8%       | Stable
metacognition   | 0.0292   |   8.8%       | Stable
structure       | 0.0000   |  61.2%       | Stable
politeness      | 0.0118   |  57.2%       | Stable

----------------------------------------------------------------------
Most Stable (lowest VR): structure (VR=0.0000)
Least Stable (highest VR): metacognition (VR=0.0292)
Highest Accuracy: structure (61.2%)
Lowest Accuracy: metacognition (8.8%)

Results saved to ./outputs/results/pythia-410m/cola/synonym/w3_n20_s2266.json
Detailed responses saved to ./outputs/results/pythia-410m/cola/synonym/w3_n20_s2266_detail.csv

======================================================================
EXPERIMENT COMPLETE
======================================================================
