======================================================================
SENSITIVITY EXPERIMENT: PYTHIA-410M on COLA
Config: phase=phase_5  model=pythia-410m  dataset=cola  samples=500  perturbations=20  method=paraphrase  sensitivity_on_raw=True  seed=105  styles=control,metacognition,structure,politeness
======================================================================

Device: cuda
Perturbation method: paraphrase
Available seeds for multi-run: (105, 2266, 86379)
Loading paraphrase model (flan-t5-small)...
Paraphraser ready.
Loading Pythia-410M...
Model loaded successfully
Loading CoLA dataset...
Loaded 1043 items

======================================================================
STEP 1: OUT-OF-THE-BOX (OOTB) ACCURACY CHECK
======================================================================

Verifying model accuracy using Control prompt...
Random baseline: 50.0%
Valid signal threshold: 60.0%

==================================================
OOTB ACCURACY RESULT: 72.2% (65/90)
==================================================
Time: 4.9s

PASS: Accuracy exceeds threshold. Proceeding with experiments.

======================================================================
STEP 2: SENSITIVITY EXPERIMENTS
======================================================================

[CONTROL] Running experiment...
  Completed in 5323.7s
  Average Variation Ratio: 0.6803
  Accuracy: 59.2% (296/500)

[METACOGNITION] Running experiment...
  Completed in 5419.4s
  Average Variation Ratio: 0.8652
  Accuracy: 6.6% (33/500)

[STRUCTURE] Running experiment...
  Completed in 7138.9s
  Average Variation Ratio: 0.4196
  Accuracy: 61.0% (305/500)

[POLITENESS] Running experiment...
  Completed in 5374.0s
  Average Variation Ratio: 0.6567
  Accuracy: 58.0% (290/500)

======================================================================
RESULTS SUMMARY
======================================================================

OOTB Accuracy (Control prompt, N=90): 72.2%

Prompt Style    | VR       | Accuracy     | Interpretation
----------------------------------------------------------------------
control         | 0.6803   |  59.2%       | Unstable
metacognition   | 0.8652   |   6.6%       | Unstable
structure       | 0.4196   |  61.0%       | Unstable
politeness      | 0.6567   |  58.0%       | Unstable

----------------------------------------------------------------------
Most Stable (lowest VR): structure (VR=0.4196)
Least Stable (highest VR): metacognition (VR=0.8652)
Highest Accuracy: structure (61.0%)
Lowest Accuracy: metacognition (6.6%)

Results saved to ./outputs/results/phase_5/pythia-410m/cola/paraphrase/n20_s105_005102.json
Detailed responses saved to ./outputs/results/phase_5/pythia-410m/cola/paraphrase/n20_s105_detail.csv

======================================================================
EXPERIMENT COMPLETE
======================================================================
