======================================================================
SENSITIVITY EXPERIMENT: PYTHIA-410M on COLA
Config: phase=phase_5  model=pythia-410m  dataset=cola  samples=500  perturbations=20  method=synonym  sensitivity_on_raw=True  seed=2266  styles=control,metacognition,structure,politeness
======================================================================

Device: cuda
Perturbation method: synonym
Available seeds for multi-run: (105, 2266, 86379)
Loading Pythia-410M...
Model loaded successfully
Loading CoLA dataset...
Loaded 1043 items

======================================================================
STEP 1: OUT-OF-THE-BOX (OOTB) ACCURACY CHECK
======================================================================

Verifying model accuracy using Control prompt...
Random baseline: 50.0%
Valid signal threshold: 60.0%

==================================================
OOTB ACCURACY RESULT: 68.1% (64/94)
==================================================
Time: 4.6s

PASS: Accuracy exceeds threshold. Proceeding with experiments.

======================================================================
STEP 2: SENSITIVITY EXPERIMENTS
======================================================================

[CONTROL] Running experiment...
  Completed in 181.5s
  Average Variation Ratio: 0.5294
  Accuracy: 61.0% (305/500)

[METACOGNITION] Running experiment...
  Completed in 217.7s
  Average Variation Ratio: 0.6000
  Accuracy: 8.8% (44/500)

[STRUCTURE] Running experiment...
  Completed in 1300.0s
  Average Variation Ratio: 0.3310
  Accuracy: 61.0% (305/500)

[POLITENESS] Running experiment...
  Completed in 227.8s
  Average Variation Ratio: 0.4739
  Accuracy: 57.8% (289/500)

======================================================================
RESULTS SUMMARY
======================================================================

OOTB Accuracy (Control prompt, N=94): 68.1%

Prompt Style    | VR       | Accuracy     | Interpretation
----------------------------------------------------------------------
control         | 0.5294   |  61.0%       | Unstable
metacognition   | 0.6000   |   8.8%       | Unstable
structure       | 0.3310   |  61.0%       | Moderate
politeness      | 0.4739   |  57.8%       | Unstable

----------------------------------------------------------------------
Most Stable (lowest VR): structure (VR=0.3310)
Least Stable (highest VR): metacognition (VR=0.6000)
Highest Accuracy: control (61.0%)
Lowest Accuracy: metacognition (8.8%)

Results saved to ./outputs/results/phase_5/pythia-410m/cola/synonym/w5_n20_s2266_195523.json
Detailed responses saved to ./outputs/results/phase_5/pythia-410m/cola/synonym/w5_n20_s2266_detail.csv

======================================================================
EXPERIMENT COMPLETE
======================================================================
