======================================================================
SENSITIVITY EXPERIMENT: PYTHIA-410M on COLA
Config: phase=phase_5  model=pythia-410m  dataset=cola  samples=500  perturbations=20  method=synonym  sensitivity_on_raw=True  seed=86379  styles=control,metacognition,structure,politeness
======================================================================

Device: cuda
Perturbation method: synonym
Available seeds for multi-run: (105, 2266, 86379)
Loading Pythia-410M...
Model loaded successfully
Loading CoLA dataset...
Loaded 1043 items

======================================================================
STEP 1: OUT-OF-THE-BOX (OOTB) ACCURACY CHECK
======================================================================

Verifying model accuracy using Control prompt...
Random baseline: 50.0%
Valid signal threshold: 60.0%

==================================================
OOTB ACCURACY RESULT: 62.0% (57/92)
==================================================
Time: 6.1s

PASS: Accuracy exceeds threshold. Proceeding with experiments.

======================================================================
STEP 2: SENSITIVITY EXPERIMENTS
======================================================================

[CONTROL] Running experiment...
  Completed in 217.5s
  Average Variation Ratio: 0.5310
  Accuracy: 63.6% (318/500)

[METACOGNITION] Running experiment...
  Completed in 216.9s
  Average Variation Ratio: 0.5951
  Accuracy: 7.0% (35/500)

[STRUCTURE] Running experiment...
  Completed in 1052.4s
  Average Variation Ratio: 0.3473
  Accuracy: 62.8% (314/500)

[POLITENESS] Running experiment...
  Completed in 214.5s
  Average Variation Ratio: 0.4593
  Accuracy: 59.2% (296/500)

======================================================================
RESULTS SUMMARY
======================================================================

OOTB Accuracy (Control prompt, N=92): 62.0%

Prompt Style    | VR       | Accuracy     | Interpretation
----------------------------------------------------------------------
control         | 0.5310   |  63.6%       | Unstable
metacognition   | 0.5951   |   7.0%       | Unstable
structure       | 0.3473   |  62.8%       | Moderate
politeness      | 0.4593   |  59.2%       | Unstable

----------------------------------------------------------------------
Most Stable (lowest VR): structure (VR=0.3473)
Least Stable (highest VR): metacognition (VR=0.5951)
Highest Accuracy: control (63.6%)
Lowest Accuracy: metacognition (7.0%)

Results saved to ./outputs/results/phase_5/pythia-410m/cola/synonym/w5_n20_s86379_203143.json
Detailed responses saved to ./outputs/results/phase_5/pythia-410m/cola/synonym/w5_n20_s86379_detail.csv

======================================================================
EXPERIMENT COMPLETE
======================================================================
