======================================================================
SENSITIVITY EXPERIMENT: PYTHIA-410M on COLA
Config: phase=phase_5  model=pythia-410m  dataset=cola  samples=500  perturbations=20  method=synonym  sensitivity_on_raw=True  seed=105  styles=control,metacognition,structure,politeness
======================================================================

Device: cuda
Perturbation method: synonym
Available seeds for multi-run: (105, 2266, 86379)
Loading Pythia-410M...
Model loaded successfully
Loading CoLA dataset...
Loaded 1043 items

======================================================================
STEP 1: OUT-OF-THE-BOX (OOTB) ACCURACY CHECK
======================================================================

Verifying model accuracy using Control prompt...
Random baseline: 50.0%
Valid signal threshold: 60.0%

==================================================
OOTB ACCURACY RESULT: 73.0% (65/89)
==================================================
Time: 6.1s

PASS: Accuracy exceeds threshold. Proceeding with experiments.

======================================================================
STEP 2: SENSITIVITY EXPERIMENTS
======================================================================

[CONTROL] Running experiment...
  Completed in 221.3s
  Average Variation Ratio: 0.5269
  Accuracy: 58.8% (294/500)

[METACOGNITION] Running experiment...
  Completed in 220.9s
  Average Variation Ratio: 0.6247
  Accuracy: 6.8% (34/500)

[STRUCTURE] Running experiment...
  Completed in 1051.8s
  Average Variation Ratio: 0.3497
  Accuracy: 60.0% (300/500)

[POLITENESS] Running experiment...
  Completed in 212.2s
  Average Variation Ratio: 0.4912
  Accuracy: 57.4% (287/500)

======================================================================
RESULTS SUMMARY
======================================================================

OOTB Accuracy (Control prompt, N=89): 73.0%

Prompt Style    | VR       | Accuracy     | Interpretation
----------------------------------------------------------------------
control         | 0.5269   |  58.8%       | Unstable
metacognition   | 0.6247   |   6.8%       | Unstable
structure       | 0.3497   |  60.0%       | Moderate
politeness      | 0.4912   |  57.4%       | Unstable

----------------------------------------------------------------------
Most Stable (lowest VR): structure (VR=0.3497)
Least Stable (highest VR): metacognition (VR=0.6247)
Highest Accuracy: structure (60.0%)
Lowest Accuracy: metacognition (6.8%)

Results saved to ./outputs/results/phase_5/pythia-410m/cola/synonym/w1_n20_s105_185653.json
Detailed responses saved to ./outputs/results/phase_5/pythia-410m/cola/synonym/w1_n20_s105_detail.csv

======================================================================
EXPERIMENT COMPLETE
======================================================================
