======================================================================
SENSITIVITY EXPERIMENT: PYTHIA-410M on COLA
Config: phase=phase_5  model=pythia-410m  dataset=cola  samples=500  perturbations=20  method=synonym  sensitivity_on_raw=True  seed=2266  styles=control,metacognition,structure,politeness
======================================================================

Device: cuda
Perturbation method: synonym
Available seeds for multi-run: (105, 2266, 86379)
Loading Pythia-410M...
Model loaded successfully
Loading CoLA dataset...
Loaded 1043 items

======================================================================
STEP 1: OUT-OF-THE-BOX (OOTB) ACCURACY CHECK
======================================================================

Verifying model accuracy using Control prompt...
Random baseline: 50.0%
Valid signal threshold: 60.0%

==================================================
OOTB ACCURACY RESULT: 69.2% (63/91)
==================================================
Time: 5.9s

PASS: Accuracy exceeds threshold. Proceeding with experiments.

======================================================================
STEP 2: SENSITIVITY EXPERIMENTS
======================================================================

[CONTROL] Running experiment...
  Completed in 215.0s
  Average Variation Ratio: 0.5254
  Accuracy: 61.2% (306/500)

[METACOGNITION] Running experiment...
  Completed in 213.6s
  Average Variation Ratio: 0.6436
  Accuracy: 8.6% (43/500)

[STRUCTURE] Running experiment...
  Completed in 1042.3s
  Average Variation Ratio: 0.3320
  Accuracy: 59.6% (298/500)

[POLITENESS] Running experiment...
  Completed in 213.7s
  Average Variation Ratio: 0.4891
  Accuracy: 58.0% (290/500)

======================================================================
RESULTS SUMMARY
======================================================================

OOTB Accuracy (Control prompt, N=91): 69.2%

Prompt Style    | VR       | Accuracy     | Interpretation
----------------------------------------------------------------------
control         | 0.5254   |  61.2%       | Unstable
metacognition   | 0.6436   |   8.6%       | Unstable
structure       | 0.3320   |  59.6%       | Moderate
politeness      | 0.4891   |  58.0%       | Unstable

----------------------------------------------------------------------
Most Stable (lowest VR): structure (VR=0.3320)
Least Stable (highest VR): metacognition (VR=0.6436)
Highest Accuracy: control (61.2%)
Lowest Accuracy: metacognition (8.6%)

Results saved to ./outputs/results/phase_5/pythia-410m/cola/synonym/w1_n20_s2266_194122.json
Detailed responses saved to ./outputs/results/phase_5/pythia-410m/cola/synonym/w1_n20_s2266_detail.csv

======================================================================
EXPERIMENT COMPLETE
======================================================================
