======================================================================
SENSITIVITY EXPERIMENT: PYTHIA-410M on COLA
Config: phase=phase_5  model=pythia-410m  dataset=cola  samples=500  perturbations=20  method=synonym  sensitivity_on_raw=True  seed=86379  styles=control,metacognition,structure,politeness
======================================================================

Device: cuda
Perturbation method: synonym
Available seeds for multi-run: (105, 2266, 86379)
Loading Pythia-410M...
Model loaded successfully
Loading CoLA dataset...
Loaded 1043 items

======================================================================
STEP 1: OUT-OF-THE-BOX (OOTB) ACCURACY CHECK
======================================================================

Verifying model accuracy using Control prompt...
Random baseline: 50.0%
Valid signal threshold: 60.0%

==================================================
OOTB ACCURACY RESULT: 62.0% (57/92)
==================================================
Time: 5.7s

PASS: Accuracy exceeds threshold. Proceeding with experiments.

======================================================================
STEP 2: SENSITIVITY EXPERIMENTS
======================================================================

[CONTROL] Running experiment...
  Completed in 210.2s
  Average Variation Ratio: 0.5438
  Accuracy: 63.6% (318/500)

[METACOGNITION] Running experiment...
  Completed in 210.9s
  Average Variation Ratio: 0.6209
  Accuracy: 6.8% (34/500)

[STRUCTURE] Running experiment...
  Completed in 1020.1s
  Average Variation Ratio: 0.3557
  Accuracy: 63.0% (315/500)

[POLITENESS] Running experiment...
  Completed in 211.5s
  Average Variation Ratio: 0.4705
  Accuracy: 59.2% (296/500)

======================================================================
RESULTS SUMMARY
======================================================================

OOTB Accuracy (Control prompt, N=92): 62.0%

Prompt Style    | VR       | Accuracy     | Interpretation
----------------------------------------------------------------------
control         | 0.5438   |  63.6%       | Unstable
metacognition   | 0.6209   |   6.8%       | Unstable
structure       | 0.3557   |  63.0%       | Moderate
politeness      | 0.4705   |  59.2%       | Unstable

----------------------------------------------------------------------
Most Stable (lowest VR): structure (VR=0.3557)
Least Stable (highest VR): metacognition (VR=0.6209)
Highest Accuracy: control (63.6%)
Lowest Accuracy: metacognition (6.8%)

Results saved to ./outputs/results/phase_5/pythia-410m/cola/synonym/w3_n20_s86379_203054.json
Detailed responses saved to ./outputs/results/phase_5/pythia-410m/cola/synonym/w3_n20_s86379_detail.csv

======================================================================
EXPERIMENT COMPLETE
======================================================================
