======================================================================
SENSITIVITY EXPERIMENT: PYTHIA-410M on COLA
Config: phase=phase_5  model=pythia-410m  dataset=cola  samples=500  perturbations=20  method=paraphrase  sensitivity_on_raw=True  seed=2266  styles=control,metacognition,structure,politeness
======================================================================

Device: cuda
Perturbation method: paraphrase
Available seeds for multi-run: (105, 2266, 86379)
Loading paraphrase model (flan-t5-small)...
Paraphraser ready.
Loading Pythia-410M...
Model loaded successfully
Loading CoLA dataset...
Loaded 1043 items

======================================================================
STEP 1: OUT-OF-THE-BOX (OOTB) ACCURACY CHECK
======================================================================

Verifying model accuracy using Control prompt...
Random baseline: 50.0%
Valid signal threshold: 60.0%

==================================================
OOTB ACCURACY RESULT: 69.2% (63/91)
==================================================
Time: 5.9s

PASS: Accuracy exceeds threshold. Proceeding with experiments.

======================================================================
STEP 2: SENSITIVITY EXPERIMENTS
======================================================================

[CONTROL] Running experiment...
  Completed in 5094.5s
  Average Variation Ratio: 0.6746
  Accuracy: 60.8% (304/500)

[METACOGNITION] Running experiment...
  Completed in 4939.4s
  Average Variation Ratio: 0.8725
  Accuracy: 8.6% (43/500)

[STRUCTURE] Running experiment...
  Completed in 5745.6s
  Average Variation Ratio: 0.4062
  Accuracy: 60.4% (302/500)

[POLITENESS] Running experiment...
  Completed in 4971.7s
  Average Variation Ratio: 0.6589
  Accuracy: 59.2% (296/500)

======================================================================
RESULTS SUMMARY
======================================================================

OOTB Accuracy (Control prompt, N=91): 69.2%

Prompt Style    | VR       | Accuracy     | Interpretation
----------------------------------------------------------------------
control         | 0.6746   |  60.8%       | Unstable
metacognition   | 0.8725   |   8.6%       | Unstable
structure       | 0.4062   |  60.4%       | Unstable
politeness      | 0.6589   |  59.2%       | Unstable

----------------------------------------------------------------------
Most Stable (lowest VR): structure (VR=0.4062)
Least Stable (highest VR): metacognition (VR=0.8725)
Highest Accuracy: control (60.8%)
Lowest Accuracy: metacognition (8.6%)

Results saved to ./outputs/results/phase_5/pythia-410m/cola/paraphrase/n20_s2266_005910.json
Detailed responses saved to ./outputs/results/phase_5/pythia-410m/cola/paraphrase/n20_s2266_detail.csv

======================================================================
EXPERIMENT COMPLETE
======================================================================
