======================================================================
SENSITIVITY EXPERIMENT: FLAN-T5-BASE on QASC
Config: phase=phase_6  model=flan-t5-base  dataset=qasc  samples=500  perturbations=20  method=synonym  sensitivity_on_raw=True  seed=105  styles=control,metacognition,structure,politeness
======================================================================

Device: cuda
Perturbation method: synonym
Available seeds for multi-run: (105, 2266, 86379)
Loading Flan-T5-Base...
Model loaded successfully
Loading QASC dataset...
Loaded 926 items

======================================================================
STEP 1: OUT-OF-THE-BOX (OOTB) ACCURACY CHECK
======================================================================

Verifying model accuracy using Control prompt...
Random baseline: 12.5%
Valid signal threshold: 40.0%

==================================================
OOTB ACCURACY RESULT: 42.0% (42/100)
Parse rate: 100.0% (100/100)
==================================================
Time: 1.7s

PASS: Accuracy exceeds threshold. Proceeding with experiments.

======================================================================
STEP 2: SENSITIVITY EXPERIMENTS
======================================================================

[CONTROL] Running experiment...
  Completed in 56.4s
  Average Variation Ratio: 0.1499
  Accuracy: 45.4% (227/500)

[METACOGNITION] Running experiment...
  Completed in 286.6s
  Average Variation Ratio: 0.4925
  Accuracy: 42.4% (212/500)

[STRUCTURE] Running experiment...
  Completed in 88.9s
  Average Variation Ratio: 0.1660
  Accuracy: 40.6% (203/500)

[POLITENESS] Running experiment...
  Completed in 59.3s
  Average Variation Ratio: 0.1560
  Accuracy: 46.8% (234/500)

======================================================================
RESULTS SUMMARY
======================================================================

OOTB Accuracy (Control prompt, N=100): 42.0%

Prompt Style    | VR       | Accuracy     | Interpretation
----------------------------------------------------------------------
control         | 0.1499   |  45.4%       | Stable
metacognition   | 0.4925   |  42.4%       | Unstable
structure       | 0.1660   |  40.6%       | Stable
politeness      | 0.1560   |  46.8%       | Stable

----------------------------------------------------------------------
Most Stable (lowest VR): control (VR=0.1499)
Least Stable (highest VR): metacognition (VR=0.4925)
Highest Accuracy: politeness (46.8%)
Lowest Accuracy: structure (40.6%)

Results saved to ./outputs/results/phase_6/flan-t5-base/qasc/synonym/w1_n20_s105_094804.json
Detailed responses saved to ./outputs/results/phase_6/flan-t5-base/qasc/synonym/w1_n20_s105_detail.csv

======================================================================
EXPERIMENT COMPLETE
======================================================================
