======================================================================
SENSITIVITY EXPERIMENT: FLAN-T5-BASE on CSQA
Config: phase=phase_6  model=flan-t5-base  dataset=csqa  samples=500  perturbations=20  method=synonym  sensitivity_on_raw=True  seed=2266  styles=control,metacognition,structure,politeness
======================================================================

Device: cuda
Perturbation method: synonym
Available seeds for multi-run: (105, 2266, 86379)
Loading Flan-T5-Base...
Model loaded successfully
Loading CommonsenseQA dataset...
Loaded 1221 items

======================================================================
STEP 1: OUT-OF-THE-BOX (OOTB) ACCURACY CHECK
======================================================================

Verifying model accuracy using Control prompt...
Random baseline: 20.0%
Valid signal threshold: 40.0%

==================================================
OOTB ACCURACY RESULT: 69.0% (69/100)
Parse rate: 100.0% (100/100)
==================================================
Time: 1.6s

PASS: Accuracy exceeds threshold. Proceeding with experiments.

======================================================================
STEP 2: SENSITIVITY EXPERIMENTS
======================================================================

[CONTROL] Running experiment...
  Completed in 51.4s
  Average Variation Ratio: 0.2790
  Accuracy: 71.0% (355/500)

[METACOGNITION] Running experiment...
  Completed in 263.7s
  Average Variation Ratio: 0.6165
  Accuracy: 68.2% (341/500)

[STRUCTURE] Running experiment...
  Completed in 62.3s
  Average Variation Ratio: 0.2764
  Accuracy: 65.0% (325/500)

[POLITENESS] Running experiment...
  Completed in 53.8s
  Average Variation Ratio: 0.2833
  Accuracy: 69.8% (349/500)

======================================================================
RESULTS SUMMARY
======================================================================

OOTB Accuracy (Control prompt, N=100): 69.0%

Prompt Style    | VR       | Accuracy     | Interpretation
----------------------------------------------------------------------
control         | 0.2790   |  71.0%       | Moderate
metacognition   | 0.6165   |  68.2%       | Unstable
structure       | 0.2764   |  65.0%       | Moderate
politeness      | 0.2833   |  69.8%       | Moderate

----------------------------------------------------------------------
Most Stable (lowest VR): structure (VR=0.2764)
Least Stable (highest VR): metacognition (VR=0.6165)
Highest Accuracy: control (71.0%)
Lowest Accuracy: structure (65.0%)

Results saved to ./outputs/results/phase_6/flan-t5-base/csqa/synonym/w5_n20_s2266_101237.json
Detailed responses saved to ./outputs/results/phase_6/flan-t5-base/csqa/synonym/w5_n20_s2266_detail.csv

======================================================================
EXPERIMENT COMPLETE
======================================================================
