======================================================================
SENSITIVITY EXPERIMENT: FLAN-T5-BASE on QASC
Config: phase=phase_6  model=flan-t5-base  dataset=qasc  samples=500  perturbations=20  method=synonym  sensitivity_on_raw=True  seed=2266  styles=control,metacognition,structure,politeness
======================================================================

Device: cuda
Perturbation method: synonym
Available seeds for multi-run: (105, 2266, 86379)
Loading Flan-T5-Base...
Model loaded successfully
Loading QASC dataset...
Loaded 926 items

======================================================================
STEP 1: OUT-OF-THE-BOX (OOTB) ACCURACY CHECK
======================================================================

Verifying model accuracy using Control prompt...
Random baseline: 12.5%
Valid signal threshold: 40.0%

==================================================
OOTB ACCURACY RESULT: 43.0% (43/100)
Parse rate: 100.0% (100/100)
==================================================
Time: 1.8s

PASS: Accuracy exceeds threshold. Proceeding with experiments.

======================================================================
STEP 2: SENSITIVITY EXPERIMENTS
======================================================================

[CONTROL] Running experiment...
  Completed in 55.7s
  Average Variation Ratio: 0.2625
  Accuracy: 44.0% (220/500)

[METACOGNITION] Running experiment...
  Completed in 298.3s
  Average Variation Ratio: 0.6286
  Accuracy: 41.6% (208/500)

[STRUCTURE] Running experiment...
  Completed in 88.1s
  Average Variation Ratio: 0.2593
  Accuracy: 39.0% (195/500)

[POLITENESS] Running experiment...
  Completed in 58.0s
  Average Variation Ratio: 0.2723
  Accuracy: 44.2% (221/500)

======================================================================
RESULTS SUMMARY
======================================================================

OOTB Accuracy (Control prompt, N=100): 43.0%

Prompt Style    | VR       | Accuracy     | Interpretation
----------------------------------------------------------------------
control         | 0.2625   |  44.0%       | Moderate
metacognition   | 0.6286   |  41.6%       | Unstable
structure       | 0.2593   |  39.0%       | Moderate
politeness      | 0.2723   |  44.2%       | Moderate

----------------------------------------------------------------------
Most Stable (lowest VR): structure (VR=0.2593)
Least Stable (highest VR): metacognition (VR=0.6286)
Highest Accuracy: politeness (44.2%)
Lowest Accuracy: structure (39.0%)

Results saved to ./outputs/results/phase_6/flan-t5-base/qasc/synonym/w3_n20_s2266_102944.json
Detailed responses saved to ./outputs/results/phase_6/flan-t5-base/qasc/synonym/w3_n20_s2266_detail.csv

======================================================================
EXPERIMENT COMPLETE
======================================================================
